CRITICAL - 2022-11-17 00:21:04 --> Undefined variable: userid
in APPPATH/Controllers/V1/Admin/Currency.php on line 82.
 1 APPPATH/Controllers/V1/Admin/Currency.php(82): CodeIgniter\Debug\Exceptions->errorHandler(8, 'Undefined variable: userid', 'APPPATH/Controllers/V1/Admin/Currency.php', 82, [...])
 2 SYSTEMPATH/CodeIgniter.php(902): App\Controllers\V1\Admin\Currency->getByCurrency()
 3 SYSTEMPATH/CodeIgniter.php(457): CodeIgniter\CodeIgniter->runController(Object(App\Controllers\V1\Admin\Currency))
 4 SYSTEMPATH/CodeIgniter.php(340): CodeIgniter\CodeIgniter->handleRequest(null, Object(Config\Cache), false)
 5 FCPATH/index.php(67): CodeIgniter\CodeIgniter->run()
CRITICAL - 2022-11-17 00:21:31 --> Too few arguments to function App\Models\Mdl_currency::get_single(), 1 passed in /home/piggybankservice/api/api.tracklessbank.com/app/Controllers/V1/Admin/Currency.php on line 82 and exactly 2 expected
in APPPATH/Models/V1/Mdl_currency.php on line 82.
 1 APPPATH/Controllers/V1/Admin/Currency.php(82): App\Models\Mdl_currency->get_single('USD')
 2 SYSTEMPATH/CodeIgniter.php(902): App\Controllers\V1\Admin\Currency->getByCurrency()
 3 SYSTEMPATH/CodeIgniter.php(457): CodeIgniter\CodeIgniter->runController(Object(App\Controllers\V1\Admin\Currency))
 4 SYSTEMPATH/CodeIgniter.php(340): CodeIgniter\CodeIgniter->handleRequest(null, Object(Config\Cache), false)
 5 FCPATH/index.php(67): CodeIgniter\CodeIgniter->run()
CRITICAL - 2022-11-17 00:23:40 --> Too few arguments to function App\Models\Mdl_currency::get_single(), 1 passed in /home/piggybankservice/api/api.tracklessbank.com/app/Controllers/V1/Admin/Currency.php on line 82 and exactly 2 expected
in APPPATH/Models/V1/Mdl_currency.php on line 82.
 1 APPPATH/Controllers/V1/Admin/Currency.php(82): App\Models\Mdl_currency->get_single('USD')
 2 SYSTEMPATH/CodeIgniter.php(902): App\Controllers\V1\Admin\Currency->getByCurrency()
 3 SYSTEMPATH/CodeIgniter.php(457): CodeIgniter\CodeIgniter->runController(Object(App\Controllers\V1\Admin\Currency))
 4 SYSTEMPATH/CodeIgniter.php(340): CodeIgniter\CodeIgniter->handleRequest(null, Object(Config\Cache), false)
 5 FCPATH/index.php(67): CodeIgniter\CodeIgniter->run()
CRITICAL - 2022-11-17 00:26:54 --> Too few arguments to function App\Models\Mdl_currency::get_single(), 1 passed in /home/piggybankservice/api/api.tracklessbank.com/app/Controllers/V1/Admin/Currency.php on line 82 and exactly 2 expected
in APPPATH/Models/V1/Mdl_currency.php on line 82.
 1 APPPATH/Controllers/V1/Admin/Currency.php(82): App\Models\Mdl_currency->get_single('USD')
 2 SYSTEMPATH/CodeIgniter.php(902): App\Controllers\V1\Admin\Currency->getByCurrency()
 3 SYSTEMPATH/CodeIgniter.php(457): CodeIgniter\CodeIgniter->runController(Object(App\Controllers\V1\Admin\Currency))
 4 SYSTEMPATH/CodeIgniter.php(340): CodeIgniter\CodeIgniter->handleRequest(null, Object(Config\Cache), false)
 5 FCPATH/index.php(67): CodeIgniter\CodeIgniter->run()
CRITICAL - 2022-11-17 00:27:55 --> You must set the database table to be used with your query.
in SYSTEMPATH/Database/BaseConnection.php on line 872.
 1 SYSTEMPATH/Model.php(587): CodeIgniter\Database\BaseConnection->table(null)
 2 SYSTEMPATH/Model.php(764): CodeIgniter\Model->builder()
 3 APPPATH/Controllers/V1/Admin/Currency.php(82): CodeIgniter\Model->__call('get_adminsingle', [...])
 4 SYSTEMPATH/CodeIgniter.php(902): App\Controllers\V1\Admin\Currency->getByCurrency()
 5 SYSTEMPATH/CodeIgniter.php(457): CodeIgniter\CodeIgniter->runController(Object(App\Controllers\V1\Admin\Currency))
 6 SYSTEMPATH/CodeIgniter.php(340): CodeIgniter\CodeIgniter->handleRequest(null, Object(Config\Cache), false)
 7 FCPATH/index.php(67): CodeIgniter\CodeIgniter->run()
CRITICAL - 2022-11-17 00:29:02 --> You must set the database table to be used with your query.
in SYSTEMPATH/Database/BaseConnection.php on line 872.
 1 SYSTEMPATH/Model.php(587): CodeIgniter\Database\BaseConnection->table(null)
 2 SYSTEMPATH/Model.php(764): CodeIgniter\Model->builder()
 3 APPPATH/Controllers/V1/Admin/Currency.php(82): CodeIgniter\Model->__call('get_adminsingle', [...])
 4 SYSTEMPATH/CodeIgniter.php(902): App\Controllers\V1\Admin\Currency->getByCurrency()
 5 SYSTEMPATH/CodeIgniter.php(457): CodeIgniter\CodeIgniter->runController(Object(App\Controllers\V1\Admin\Currency))
 6 SYSTEMPATH/CodeIgniter.php(340): CodeIgniter\CodeIgniter->handleRequest(null, Object(Config\Cache), false)
 7 FCPATH/index.php(67): CodeIgniter\CodeIgniter->run()
CRITICAL - 2022-11-17 00:30:18 --> You must set the database table to be used with your query.
in SYSTEMPATH/Database/BaseConnection.php on line 872.
 1 SYSTEMPATH/Model.php(587): CodeIgniter\Database\BaseConnection->table(null)
 2 SYSTEMPATH/Model.php(764): CodeIgniter\Model->builder()
 3 APPPATH/Controllers/V1/Admin/Currency.php(81): CodeIgniter\Model->__call('get_adminsingle', [...])
 4 SYSTEMPATH/CodeIgniter.php(902): App\Controllers\V1\Admin\Currency->getByCurrency()
 5 SYSTEMPATH/CodeIgniter.php(457): CodeIgniter\CodeIgniter->runController(Object(App\Controllers\V1\Admin\Currency))
 6 SYSTEMPATH/CodeIgniter.php(340): CodeIgniter\CodeIgniter->handleRequest(null, Object(Config\Cache), false)
 7 FCPATH/index.php(67): CodeIgniter\CodeIgniter->run()
CRITICAL - 2022-11-17 00:32:33 --> You must set the database table to be used with your query.
in SYSTEMPATH/Database/BaseConnection.php on line 872.
 1 SYSTEMPATH/Model.php(587): CodeIgniter\Database\BaseConnection->table(null)
 2 SYSTEMPATH/Model.php(764): CodeIgniter\Model->builder()
 3 APPPATH/Controllers/V1/Admin/Currency.php(81): CodeIgniter\Model->__call('get_adminsingle', [...])
 4 SYSTEMPATH/CodeIgniter.php(902): App\Controllers\V1\Admin\Currency->getByCurrency()
 5 SYSTEMPATH/CodeIgniter.php(457): CodeIgniter\CodeIgniter->runController(Object(App\Controllers\V1\Admin\Currency))
 6 SYSTEMPATH/CodeIgniter.php(340): CodeIgniter\CodeIgniter->handleRequest(null, Object(Config\Cache), false)
 7 FCPATH/index.php(67): CodeIgniter\CodeIgniter->run()
CRITICAL - 2022-11-17 00:34:12 --> You must set the database table to be used with your query.
in SYSTEMPATH/Database/BaseConnection.php on line 872.
 1 SYSTEMPATH/Model.php(587): CodeIgniter\Database\BaseConnection->table(null)
 2 SYSTEMPATH/Model.php(764): CodeIgniter\Model->builder()
 3 APPPATH/Controllers/V1/Admin/Currency.php(81): CodeIgniter\Model->__call('get_adminsingle', [...])
 4 SYSTEMPATH/CodeIgniter.php(902): App\Controllers\V1\Admin\Currency->getByCurrency()
 5 SYSTEMPATH/CodeIgniter.php(457): CodeIgniter\CodeIgniter->runController(Object(App\Controllers\V1\Admin\Currency))
 6 SYSTEMPATH/CodeIgniter.php(340): CodeIgniter\CodeIgniter->handleRequest(null, Object(Config\Cache), false)
 7 FCPATH/index.php(67): CodeIgniter\CodeIgniter->run()
CRITICAL - 2022-11-17 00:34:28 --> You must set the database table to be used with your query.
in SYSTEMPATH/Database/BaseConnection.php on line 872.
 1 SYSTEMPATH/Model.php(587): CodeIgniter\Database\BaseConnection->table(null)
 2 SYSTEMPATH/Model.php(764): CodeIgniter\Model->builder()
 3 APPPATH/Controllers/V1/Admin/Currency.php(81): CodeIgniter\Model->__call('get_adminsingle', [...])
 4 SYSTEMPATH/CodeIgniter.php(902): App\Controllers\V1\Admin\Currency->getByCurrency()
 5 SYSTEMPATH/CodeIgniter.php(457): CodeIgniter\CodeIgniter->runController(Object(App\Controllers\V1\Admin\Currency))
 6 SYSTEMPATH/CodeIgniter.php(340): CodeIgniter\CodeIgniter->handleRequest(null, Object(Config\Cache), false)
 7 FCPATH/index.php(67): CodeIgniter\CodeIgniter->run()
CRITICAL - 2022-11-17 00:34:37 --> You must set the database table to be used with your query.
in SYSTEMPATH/Database/BaseConnection.php on line 872.
 1 SYSTEMPATH/Model.php(587): CodeIgniter\Database\BaseConnection->table(null)
 2 SYSTEMPATH/Model.php(764): CodeIgniter\Model->builder()
 3 APPPATH/Controllers/V1/Admin/Currency.php(81): CodeIgniter\Model->__call('get_adminsingle', [...])
 4 SYSTEMPATH/CodeIgniter.php(902): App\Controllers\V1\Admin\Currency->getByCurrency()
 5 SYSTEMPATH/CodeIgniter.php(457): CodeIgniter\CodeIgniter->runController(Object(App\Controllers\V1\Admin\Currency))
 6 SYSTEMPATH/CodeIgniter.php(340): CodeIgniter\CodeIgniter->handleRequest(null, Object(Config\Cache), false)
 7 FCPATH/index.php(67): CodeIgniter\CodeIgniter->run()
CRITICAL - 2022-11-17 00:34:44 --> You must set the database table to be used with your query.
in SYSTEMPATH/Database/BaseConnection.php on line 872.
 1 SYSTEMPATH/Model.php(587): CodeIgniter\Database\BaseConnection->table(null)
 2 SYSTEMPATH/Model.php(764): CodeIgniter\Model->builder()
 3 APPPATH/Controllers/V1/Admin/Currency.php(81): CodeIgniter\Model->__call('get_adminsingle', [...])
 4 SYSTEMPATH/CodeIgniter.php(902): App\Controllers\V1\Admin\Currency->getByCurrency()
 5 SYSTEMPATH/CodeIgniter.php(457): CodeIgniter\CodeIgniter->runController(Object(App\Controllers\V1\Admin\Currency))
 6 SYSTEMPATH/CodeIgniter.php(340): CodeIgniter\CodeIgniter->handleRequest(null, Object(Config\Cache), false)
 7 FCPATH/index.php(67): CodeIgniter\CodeIgniter->run()
CRITICAL - 2022-11-17 00:35:40 --> Undefined variable: userid
in APPPATH/Models/V1/Mdl_currency.php on line 108.
 1 APPPATH/Models/V1/Mdl_currency.php(108): CodeIgniter\Debug\Exceptions->errorHandler(8, 'Undefined variable: userid', 'APPPATH/Models/V1/Mdl_currency.php', 108, [...])
 2 APPPATH/Controllers/V1/Admin/Currency.php(81): App\Models\Mdl_currency->get_adminsingle('USD')
 3 SYSTEMPATH/CodeIgniter.php(902): App\Controllers\V1\Admin\Currency->getByCurrency()
 4 SYSTEMPATH/CodeIgniter.php(457): CodeIgniter\CodeIgniter->runController(Object(App\Controllers\V1\Admin\Currency))
 5 SYSTEMPATH/CodeIgniter.php(340): CodeIgniter\CodeIgniter->handleRequest(null, Object(Config\Cache), false)
 6 FCPATH/index.php(67): CodeIgniter\CodeIgniter->run()
ERROR - 2022-11-17 00:55:34 --> mysqli_sql_exception: You have an error in your SQL syntax; check the manual that corresponds to your MySQL server version for the right syntax to use near '?' at line 1 in /home/piggybankservice/api/api.tracklessbank.com/system/Database/MySQLi/Connection.php:292
Stack trace:
#0 /home/piggybankservice/api/api.tracklessbank.com/system/Database/MySQLi/Connection.php(292): mysqli->query('SELECT currency...', 0)
#1 /home/piggybankservice/api/api.tracklessbank.com/system/Database/BaseConnection.php(693): CodeIgniter\Database\MySQLi\Connection->execute('SELECT currency...')
#2 /home/piggybankservice/api/api.tracklessbank.com/system/Database/BaseConnection.php(620): CodeIgniter\Database\BaseConnection->simpleQuery('SELECT currency...')
#3 /home/piggybankservice/api/api.tracklessbank.com/app/Models/V1/Mdl_currency.php(108): CodeIgniter\Database\BaseConnection->query('SELECT currency...')
#4 /home/piggybankservice/api/api.tracklessbank.com/app/Controllers/V1/Admin/Currency.php(81): App\Models\Mdl_currency->get_symbol('{currency}')
#5 /home/piggybankservice/api/api.tracklessbank.com/system/CodeIgniter.php(902): App\Controllers\V1\Admin\Currency->getsymbol()
#6 /home/piggybankservice/api/api.tracklessbank.com/system/CodeIgniter.php(457): CodeIgniter\CodeIgniter->runController(Object(App\Controllers\V1\Admin\Currency))
#7 /home/piggybankservice/api/api.tracklessbank.com/system/CodeIgniter.php(340): CodeIgniter\CodeIgniter->handleRequest(NULL, Object(Config\Cache), false)
#8 /home/piggybankservice/api/api.tracklessbank.com/public/index.php(67): CodeIgniter\CodeIgniter->run()
#9 {main}
CRITICAL - 2022-11-17 01:08:29 --> Call to a member function get_single() on null
in APPPATH/Controllers/V1/Admin/Wallet.php on line 43.
 1 SYSTEMPATH/CodeIgniter.php(902): App\Controllers\V1\Admin\Wallet->balance_ByCurrency()
 2 SYSTEMPATH/CodeIgniter.php(457): CodeIgniter\CodeIgniter->runController(Object(App\Controllers\V1\Admin\Wallet))
 3 SYSTEMPATH/CodeIgniter.php(340): CodeIgniter\CodeIgniter->handleRequest(null, Object(Config\Cache), false)
 4 FCPATH/index.php(67): CodeIgniter\CodeIgniter->run()
CRITICAL - 2022-11-17 01:08:29 --> Call to a member function get_single() on null
in APPPATH/Controllers/V1/Admin/Wallet.php on line 43.
 1 SYSTEMPATH/CodeIgniter.php(902): App\Controllers\V1\Admin\Wallet->balance_ByCurrency()
 2 SYSTEMPATH/CodeIgniter.php(457): CodeIgniter\CodeIgniter->runController(Object(App\Controllers\V1\Admin\Wallet))
 3 SYSTEMPATH/CodeIgniter.php(340): CodeIgniter\CodeIgniter->handleRequest(null, Object(Config\Cache), false)
 4 FCPATH/index.php(67): CodeIgniter\CodeIgniter->run()
CRITICAL - 2022-11-17 01:08:30 --> Call to a member function get_single() on null
in APPPATH/Controllers/V1/Admin/Wallet.php on line 43.
 1 SYSTEMPATH/CodeIgniter.php(902): App\Controllers\V1\Admin\Wallet->balance_ByCurrency()
 2 SYSTEMPATH/CodeIgniter.php(457): CodeIgniter\CodeIgniter->runController(Object(App\Controllers\V1\Admin\Wallet))
 3 SYSTEMPATH/CodeIgniter.php(340): CodeIgniter\CodeIgniter->handleRequest(null, Object(Config\Cache), false)
 4 FCPATH/index.php(67): CodeIgniter\CodeIgniter->run()
CRITICAL - 2022-11-17 01:08:55 --> Undefined property: stdClass::$countryCode
in APPPATH/Controllers/V1/Member/Wallet.php on line 151.
 1 APPPATH/Controllers/V1/Member/Wallet.php(151): CodeIgniter\Debug\Exceptions->errorHandler(8, 'Undefined property: stdClass::$countryCode', 'APPPATH/Controllers/V1/Member/Wallet.php', 151, [...])
 2 APPPATH/Controllers/V1/Member/Wallet.php(308): App\Controllers\V1\Member\Wallet->dataUSD(Object(stdClass))
 3 SYSTEMPATH/CodeIgniter.php(902): App\Controllers\V1\Member\Wallet->bankTransfer()
 4 SYSTEMPATH/CodeIgniter.php(457): CodeIgniter\CodeIgniter->runController(Object(App\Controllers\V1\Member\Wallet))
 5 SYSTEMPATH/CodeIgniter.php(340): CodeIgniter\CodeIgniter->handleRequest(null, Object(Config\Cache), false)
 6 FCPATH/index.php(67): CodeIgniter\CodeIgniter->run()
CRITICAL - 2022-11-17 01:09:59 --> Call to a member function get_single() on null
in APPPATH/Controllers/V1/Admin/Wallet.php on line 43.
 1 SYSTEMPATH/CodeIgniter.php(902): App\Controllers\V1\Admin\Wallet->balance_ByCurrency()
 2 SYSTEMPATH/CodeIgniter.php(457): CodeIgniter\CodeIgniter->runController(Object(App\Controllers\V1\Admin\Wallet))
 3 SYSTEMPATH/CodeIgniter.php(340): CodeIgniter\CodeIgniter->handleRequest(null, Object(Config\Cache), false)
 4 FCPATH/index.php(67): CodeIgniter\CodeIgniter->run()
CRITICAL - 2022-11-17 01:09:59 --> Call to a member function get_single() on null
in APPPATH/Controllers/V1/Admin/Wallet.php on line 43.
 1 SYSTEMPATH/CodeIgniter.php(902): App\Controllers\V1\Admin\Wallet->balance_ByCurrency()
 2 SYSTEMPATH/CodeIgniter.php(457): CodeIgniter\CodeIgniter->runController(Object(App\Controllers\V1\Admin\Wallet))
 3 SYSTEMPATH/CodeIgniter.php(340): CodeIgniter\CodeIgniter->handleRequest(null, Object(Config\Cache), false)
 4 FCPATH/index.php(67): CodeIgniter\CodeIgniter->run()
CRITICAL - 2022-11-17 01:10:00 --> Call to a member function get_single() on null
in APPPATH/Controllers/V1/Admin/Wallet.php on line 43.
 1 SYSTEMPATH/CodeIgniter.php(902): App\Controllers\V1\Admin\Wallet->balance_ByCurrency()
 2 SYSTEMPATH/CodeIgniter.php(457): CodeIgniter\CodeIgniter->runController(Object(App\Controllers\V1\Admin\Wallet))
 3 SYSTEMPATH/CodeIgniter.php(340): CodeIgniter\CodeIgniter->handleRequest(null, Object(Config\Cache), false)
 4 FCPATH/index.php(67): CodeIgniter\CodeIgniter->run()
CRITICAL - 2022-11-17 01:10:14 --> Call to a member function get_single() on null
in APPPATH/Controllers/V1/Admin/Wallet.php on line 43.
 1 SYSTEMPATH/CodeIgniter.php(902): App\Controllers\V1\Admin\Wallet->balance_ByCurrency()
 2 SYSTEMPATH/CodeIgniter.php(457): CodeIgniter\CodeIgniter->runController(Object(App\Controllers\V1\Admin\Wallet))
 3 SYSTEMPATH/CodeIgniter.php(340): CodeIgniter\CodeIgniter->handleRequest(null, Object(Config\Cache), false)
 4 FCPATH/index.php(67): CodeIgniter\CodeIgniter->run()
CRITICAL - 2022-11-17 01:10:14 --> Call to a member function get_single() on null
in APPPATH/Controllers/V1/Admin/Wallet.php on line 43.
 1 SYSTEMPATH/CodeIgniter.php(902): App\Controllers\V1\Admin\Wallet->balance_ByCurrency()
 2 SYSTEMPATH/CodeIgniter.php(457): CodeIgniter\CodeIgniter->runController(Object(App\Controllers\V1\Admin\Wallet))
 3 SYSTEMPATH/CodeIgniter.php(340): CodeIgniter\CodeIgniter->handleRequest(null, Object(Config\Cache), false)
 4 FCPATH/index.php(67): CodeIgniter\CodeIgniter->run()
CRITICAL - 2022-11-17 01:10:14 --> Call to a member function get_single() on null
in APPPATH/Controllers/V1/Admin/Wallet.php on line 43.
 1 SYSTEMPATH/CodeIgniter.php(902): App\Controllers\V1\Admin\Wallet->balance_ByCurrency()
 2 SYSTEMPATH/CodeIgniter.php(457): CodeIgniter\CodeIgniter->runController(Object(App\Controllers\V1\Admin\Wallet))
 3 SYSTEMPATH/CodeIgniter.php(340): CodeIgniter\CodeIgniter->handleRequest(null, Object(Config\Cache), false)
 4 FCPATH/index.php(67): CodeIgniter\CodeIgniter->run()
CRITICAL - 2022-11-17 01:10:37 --> Call to a member function get_single() on null
in APPPATH/Controllers/V1/Admin/Wallet.php on line 43.
 1 SYSTEMPATH/CodeIgniter.php(902): App\Controllers\V1\Admin\Wallet->balance_ByCurrency()
 2 SYSTEMPATH/CodeIgniter.php(457): CodeIgniter\CodeIgniter->runController(Object(App\Controllers\V1\Admin\Wallet))
 3 SYSTEMPATH/CodeIgniter.php(340): CodeIgniter\CodeIgniter->handleRequest(null, Object(Config\Cache), false)
 4 FCPATH/index.php(67): CodeIgniter\CodeIgniter->run()
CRITICAL - 2022-11-17 01:10:38 --> Call to a member function get_single() on null
in APPPATH/Controllers/V1/Admin/Wallet.php on line 43.
 1 SYSTEMPATH/CodeIgniter.php(902): App\Controllers\V1\Admin\Wallet->balance_ByCurrency()
 2 SYSTEMPATH/CodeIgniter.php(457): CodeIgniter\CodeIgniter->runController(Object(App\Controllers\V1\Admin\Wallet))
 3 SYSTEMPATH/CodeIgniter.php(340): CodeIgniter\CodeIgniter->handleRequest(null, Object(Config\Cache), false)
 4 FCPATH/index.php(67): CodeIgniter\CodeIgniter->run()
CRITICAL - 2022-11-17 01:10:39 --> Call to a member function get_single() on null
in APPPATH/Controllers/V1/Admin/Wallet.php on line 43.
 1 SYSTEMPATH/CodeIgniter.php(902): App\Controllers\V1\Admin\Wallet->balance_ByCurrency()
 2 SYSTEMPATH/CodeIgniter.php(457): CodeIgniter\CodeIgniter->runController(Object(App\Controllers\V1\Admin\Wallet))
 3 SYSTEMPATH/CodeIgniter.php(340): CodeIgniter\CodeIgniter->handleRequest(null, Object(Config\Cache), false)
 4 FCPATH/index.php(67): CodeIgniter\CodeIgniter->run()
CRITICAL - 2022-11-17 01:11:25 --> Call to a member function get_single() on null
in APPPATH/Controllers/V1/Admin/Wallet.php on line 43.
 1 SYSTEMPATH/CodeIgniter.php(902): App\Controllers\V1\Admin\Wallet->balance_ByCurrency()
 2 SYSTEMPATH/CodeIgniter.php(457): CodeIgniter\CodeIgniter->runController(Object(App\Controllers\V1\Admin\Wallet))
 3 SYSTEMPATH/CodeIgniter.php(340): CodeIgniter\CodeIgniter->handleRequest(null, Object(Config\Cache), false)
 4 FCPATH/index.php(67): CodeIgniter\CodeIgniter->run()
CRITICAL - 2022-11-17 01:11:25 --> Call to a member function get_single() on null
in APPPATH/Controllers/V1/Admin/Wallet.php on line 43.
 1 SYSTEMPATH/CodeIgniter.php(902): App\Controllers\V1\Admin\Wallet->balance_ByCurrency()
 2 SYSTEMPATH/CodeIgniter.php(457): CodeIgniter\CodeIgniter->runController(Object(App\Controllers\V1\Admin\Wallet))
 3 SYSTEMPATH/CodeIgniter.php(340): CodeIgniter\CodeIgniter->handleRequest(null, Object(Config\Cache), false)
 4 FCPATH/index.php(67): CodeIgniter\CodeIgniter->run()
CRITICAL - 2022-11-17 01:11:26 --> Call to a member function get_single() on null
in APPPATH/Controllers/V1/Admin/Wallet.php on line 43.
 1 SYSTEMPATH/CodeIgniter.php(902): App\Controllers\V1\Admin\Wallet->balance_ByCurrency()
 2 SYSTEMPATH/CodeIgniter.php(457): CodeIgniter\CodeIgniter->runController(Object(App\Controllers\V1\Admin\Wallet))
 3 SYSTEMPATH/CodeIgniter.php(340): CodeIgniter\CodeIgniter->handleRequest(null, Object(Config\Cache), false)
 4 FCPATH/index.php(67): CodeIgniter\CodeIgniter->run()
CRITICAL - 2022-11-17 01:11:55 --> Call to a member function get_single() on null
in APPPATH/Controllers/V1/Admin/Wallet.php on line 43.
 1 SYSTEMPATH/CodeIgniter.php(902): App\Controllers\V1\Admin\Wallet->balance_ByCurrency()
 2 SYSTEMPATH/CodeIgniter.php(457): CodeIgniter\CodeIgniter->runController(Object(App\Controllers\V1\Admin\Wallet))
 3 SYSTEMPATH/CodeIgniter.php(340): CodeIgniter\CodeIgniter->handleRequest(null, Object(Config\Cache), false)
 4 FCPATH/index.php(67): CodeIgniter\CodeIgniter->run()
CRITICAL - 2022-11-17 01:11:55 --> Call to a member function get_single() on null
in APPPATH/Controllers/V1/Admin/Wallet.php on line 43.
 1 SYSTEMPATH/CodeIgniter.php(902): App\Controllers\V1\Admin\Wallet->balance_ByCurrency()
 2 SYSTEMPATH/CodeIgniter.php(457): CodeIgniter\CodeIgniter->runController(Object(App\Controllers\V1\Admin\Wallet))
 3 SYSTEMPATH/CodeIgniter.php(340): CodeIgniter\CodeIgniter->handleRequest(null, Object(Config\Cache), false)
 4 FCPATH/index.php(67): CodeIgniter\CodeIgniter->run()
CRITICAL - 2022-11-17 01:11:56 --> Call to a member function get_single() on null
in APPPATH/Controllers/V1/Admin/Wallet.php on line 43.
 1 SYSTEMPATH/CodeIgniter.php(902): App\Controllers\V1\Admin\Wallet->balance_ByCurrency()
 2 SYSTEMPATH/CodeIgniter.php(457): CodeIgniter\CodeIgniter->runController(Object(App\Controllers\V1\Admin\Wallet))
 3 SYSTEMPATH/CodeIgniter.php(340): CodeIgniter\CodeIgniter->handleRequest(null, Object(Config\Cache), false)
 4 FCPATH/index.php(67): CodeIgniter\CodeIgniter->run()
CRITICAL - 2022-11-17 01:14:04 --> Call to a member function get_single() on null
in APPPATH/Controllers/V1/Admin/Wallet.php on line 43.
 1 SYSTEMPATH/CodeIgniter.php(902): App\Controllers\V1\Admin\Wallet->balance_ByCurrency()
 2 SYSTEMPATH/CodeIgniter.php(457): CodeIgniter\CodeIgniter->runController(Object(App\Controllers\V1\Admin\Wallet))
 3 SYSTEMPATH/CodeIgniter.php(340): CodeIgniter\CodeIgniter->handleRequest(null, Object(Config\Cache), false)
 4 FCPATH/index.php(67): CodeIgniter\CodeIgniter->run()
CRITICAL - 2022-11-17 01:16:33 --> Call to a member function get_single() on null
in APPPATH/Controllers/V1/Admin/Wallet.php on line 43.
 1 SYSTEMPATH/CodeIgniter.php(902): App\Controllers\V1\Admin\Wallet->balance_ByCurrency()
 2 SYSTEMPATH/CodeIgniter.php(457): CodeIgniter\CodeIgniter->runController(Object(App\Controllers\V1\Admin\Wallet))
 3 SYSTEMPATH/CodeIgniter.php(340): CodeIgniter\CodeIgniter->handleRequest(null, Object(Config\Cache), false)
 4 FCPATH/index.php(67): CodeIgniter\CodeIgniter->run()
CRITICAL - 2022-11-17 01:17:52 --> Call to a member function get_single() on null
in APPPATH/Controllers/V1/Admin/Wallet.php on line 43.
 1 SYSTEMPATH/CodeIgniter.php(902): App\Controllers\V1\Admin\Wallet->balance_ByCurrency()
 2 SYSTEMPATH/CodeIgniter.php(457): CodeIgniter\CodeIgniter->runController(Object(App\Controllers\V1\Admin\Wallet))
 3 SYSTEMPATH/CodeIgniter.php(340): CodeIgniter\CodeIgniter->handleRequest(null, Object(Config\Cache), false)
 4 FCPATH/index.php(67): CodeIgniter\CodeIgniter->run()
CRITICAL - 2022-11-17 01:17:52 --> Call to a member function get_single() on null
in APPPATH/Controllers/V1/Admin/Wallet.php on line 43.
 1 SYSTEMPATH/CodeIgniter.php(902): App\Controllers\V1\Admin\Wallet->balance_ByCurrency()
 2 SYSTEMPATH/CodeIgniter.php(457): CodeIgniter\CodeIgniter->runController(Object(App\Controllers\V1\Admin\Wallet))
 3 SYSTEMPATH/CodeIgniter.php(340): CodeIgniter\CodeIgniter->handleRequest(null, Object(Config\Cache), false)
 4 FCPATH/index.php(67): CodeIgniter\CodeIgniter->run()
CRITICAL - 2022-11-17 01:17:52 --> Call to a member function get_single() on null
in APPPATH/Controllers/V1/Admin/Wallet.php on line 43.
 1 SYSTEMPATH/CodeIgniter.php(902): App\Controllers\V1\Admin\Wallet->balance_ByCurrency()
 2 SYSTEMPATH/CodeIgniter.php(457): CodeIgniter\CodeIgniter->runController(Object(App\Controllers\V1\Admin\Wallet))
 3 SYSTEMPATH/CodeIgniter.php(340): CodeIgniter\CodeIgniter->handleRequest(null, Object(Config\Cache), false)
 4 FCPATH/index.php(67): CodeIgniter\CodeIgniter->run()
CRITICAL - 2022-11-17 01:17:58 --> Call to a member function get_single() on null
in APPPATH/Controllers/V1/Admin/Wallet.php on line 43.
 1 SYSTEMPATH/CodeIgniter.php(902): App\Controllers\V1\Admin\Wallet->balance_ByCurrency()
 2 SYSTEMPATH/CodeIgniter.php(457): CodeIgniter\CodeIgniter->runController(Object(App\Controllers\V1\Admin\Wallet))
 3 SYSTEMPATH/CodeIgniter.php(340): CodeIgniter\CodeIgniter->handleRequest(null, Object(Config\Cache), false)
 4 FCPATH/index.php(67): CodeIgniter\CodeIgniter->run()
CRITICAL - 2022-11-17 01:17:58 --> Call to a member function get_single() on null
in APPPATH/Controllers/V1/Admin/Wallet.php on line 43.
 1 SYSTEMPATH/CodeIgniter.php(902): App\Controllers\V1\Admin\Wallet->balance_ByCurrency()
 2 SYSTEMPATH/CodeIgniter.php(457): CodeIgniter\CodeIgniter->runController(Object(App\Controllers\V1\Admin\Wallet))
 3 SYSTEMPATH/CodeIgniter.php(340): CodeIgniter\CodeIgniter->handleRequest(null, Object(Config\Cache), false)
 4 FCPATH/index.php(67): CodeIgniter\CodeIgniter->run()
CRITICAL - 2022-11-17 01:17:59 --> Call to a member function get_single() on null
in APPPATH/Controllers/V1/Admin/Wallet.php on line 43.
 1 SYSTEMPATH/CodeIgniter.php(902): App\Controllers\V1\Admin\Wallet->balance_ByCurrency()
 2 SYSTEMPATH/CodeIgniter.php(457): CodeIgniter\CodeIgniter->runController(Object(App\Controllers\V1\Admin\Wallet))
 3 SYSTEMPATH/CodeIgniter.php(340): CodeIgniter\CodeIgniter->handleRequest(null, Object(Config\Cache), false)
 4 FCPATH/index.php(67): CodeIgniter\CodeIgniter->run()
CRITICAL - 2022-11-17 02:06:29 --> Undefined property: App\Controllers\V1\Admin\Withdraw::$fee
in APPPATH/Controllers/V1/Admin/Withdraw.php on line 376.
 1 APPPATH/Controllers/V1/Admin/Withdraw.php(376): CodeIgniter\Debug\Exceptions->errorHandler(8, 'Undefined property: App\\Controllers\\V1\\Admin\\Withdraw::$fee', 'APPPATH/Controllers/V1/Admin/Withdraw.php', 376, [...])
 2 APPPATH/Controllers/V1/Admin/Withdraw.php(65): App\Controllers\V1\Admin\Withdraw->getFee('USD')
 3 SYSTEMPATH/CodeIgniter.php(902): App\Controllers\V1\Admin\Withdraw->withdrawSummary()
 4 SYSTEMPATH/CodeIgniter.php(457): CodeIgniter\CodeIgniter->runController(Object(App\Controllers\V1\Admin\Withdraw))
 5 SYSTEMPATH/CodeIgniter.php(340): CodeIgniter\CodeIgniter->handleRequest(null, Object(Config\Cache), false)
 6 FCPATH/index.php(67): CodeIgniter\CodeIgniter->run()
ERROR - 2022-11-17 19:18:25 --> mysqli_sql_exception: Unknown column 'a.wallet' in 'field list' in /home/piggybankservice/api/api.tracklessbank.com/system/Database/MySQLi/Connection.php:292
Stack trace:
#0 /home/piggybankservice/api/api.tracklessbank.com/system/Database/MySQLi/Connection.php(292): mysqli->query('SELECT a.id, a....', 0)
#1 /home/piggybankservice/api/api.tracklessbank.com/system/Database/BaseConnection.php(693): CodeIgniter\Database\MySQLi\Connection->execute('SELECT a.id, a....')
#2 /home/piggybankservice/api/api.tracklessbank.com/system/Database/BaseConnection.php(620): CodeIgniter\Database\BaseConnection->simpleQuery('SELECT a.id, a....')
#3 /home/piggybankservice/api/api.tracklessbank.com/app/Models/V1/Admin/Mdl_cost.php(20): CodeIgniter\Database\BaseConnection->query('SELECT a.id, a....', Array)
#4 /home/piggybankservice/api/api.tracklessbank.com/app/Controllers/V1/Admin/Cost.php(20): App\Models\Mdl_cost->get_single('1', 'AED')
#5 /home/piggybankservice/api/api.tracklessbank.com/system/CodeIgniter.php(902): App\Controllers\V1\Admin\Cost->getCost()
#6 /home/piggybankservice/api/api.tracklessbank.com/system/CodeIgniter.php(457): CodeIgniter\CodeIgniter->runController(Object(App\Controllers\V1\Admin\Cost))
#7 /home/piggybankservice/api/api.tracklessbank.com/system/CodeIgniter.php(340): CodeIgniter\CodeIgniter->handleRequest(NULL, Object(Config\Cache), false)
#8 /home/piggybankservice/api/api.tracklessbank.com/public/index.php(67): CodeIgniter\CodeIgniter->run()
#9 {main}
CRITICAL - 2022-11-17 19:18:25 --> Call to a member function getRow() on bool
in APPPATH/Models/V1/Admin/Mdl_cost.php on line 20.
 1 APPPATH/Controllers/V1/Admin/Cost.php(20): App\Models\Mdl_cost->get_single('1', 'AED')
 2 SYSTEMPATH/CodeIgniter.php(902): App\Controllers\V1\Admin\Cost->getCost()
 3 SYSTEMPATH/CodeIgniter.php(457): CodeIgniter\CodeIgniter->runController(Object(App\Controllers\V1\Admin\Cost))
 4 SYSTEMPATH/CodeIgniter.php(340): CodeIgniter\CodeIgniter->handleRequest(null, Object(Config\Cache), false)
 5 FCPATH/index.php(67): CodeIgniter\CodeIgniter->run()
ERROR - 2022-11-17 19:18:28 --> mysqli_sql_exception: You have an error in your SQL syntax; check the manual that corresponds to your MySQL server version for the right syntax to use near '`referral_receive WHERE bank_id='1' AND currency='AED'' at line 1 in /home/piggybankservice/api/api.tracklessbank.com/system/Database/MySQLi/Connection.php:292
Stack trace:
#0 /home/piggybankservice/api/api.tracklessbank.com/system/Database/MySQLi/Connection.php(292): mysqli->query('SELECT `bank_id...', 0)
#1 /home/piggybankservice/api/api.tracklessbank.com/system/Database/BaseConnection.php(693): CodeIgniter\Database\MySQLi\Connection->execute('SELECT `bank_id...')
#2 /home/piggybankservice/api/api.tracklessbank.com/system/Database/BaseConnection.php(620): CodeIgniter\Database\BaseConnection->simpleQuery('SELECT `bank_id...')
#3 /home/piggybankservice/api/api.tracklessbank.com/app/Models/V1/Admin/Mdl_fee.php(31): CodeIgniter\Database\BaseConnection->query('SELECT `bank_id...', Array)
#4 /home/piggybankservice/api/api.tracklessbank.com/app/Controllers/V1/Admin/Fee.php(20): App\Models\Mdl_fee->get_single('1', 'AED')
#5 /home/piggybankservice/api/api.tracklessbank.com/system/CodeIgniter.php(902): App\Controllers\V1\Admin\Fee->getFee()
#6 /home/piggybankservice/api/api.tracklessbank.com/system/CodeIgniter.php(457): CodeIgniter\CodeIgniter->runController(Object(App\Controllers\V1\Admin\Fee))
#7 /home/piggybankservice/api/api.tracklessbank.com/system/CodeIgniter.php(340): CodeIgniter\CodeIgniter->handleRequest(NULL, Object(Config\Cache), false)
#8 /home/piggybankservice/api/api.tracklessbank.com/public/index.php(67): CodeIgniter\CodeIgniter->run()
#9 {main}
CRITICAL - 2022-11-17 19:18:28 --> Call to a member function getRow() on bool
in APPPATH/Models/V1/Admin/Mdl_fee.php on line 31.
 1 APPPATH/Controllers/V1/Admin/Fee.php(20): App\Models\Mdl_fee->get_single('1', 'AED')
 2 SYSTEMPATH/CodeIgniter.php(902): App\Controllers\V1\Admin\Fee->getFee()
 3 SYSTEMPATH/CodeIgniter.php(457): CodeIgniter\CodeIgniter->runController(Object(App\Controllers\V1\Admin\Fee))
 4 SYSTEMPATH/CodeIgniter.php(340): CodeIgniter\CodeIgniter->handleRequest(null, Object(Config\Cache), false)
 5 FCPATH/index.php(67): CodeIgniter\CodeIgniter->run()
ERROR - 2022-11-17 19:18:30 --> mysqli_sql_exception: Unknown column 'a.wallet' in 'field list' in /home/piggybankservice/api/api.tracklessbank.com/system/Database/MySQLi/Connection.php:292
Stack trace:
#0 /home/piggybankservice/api/api.tracklessbank.com/system/Database/MySQLi/Connection.php(292): mysqli->query('SELECT a.id, a....', 0)
#1 /home/piggybankservice/api/api.tracklessbank.com/system/Database/BaseConnection.php(693): CodeIgniter\Database\MySQLi\Connection->execute('SELECT a.id, a....')
#2 /home/piggybankservice/api/api.tracklessbank.com/system/Database/BaseConnection.php(620): CodeIgniter\Database\BaseConnection->simpleQuery('SELECT a.id, a....')
#3 /home/piggybankservice/api/api.tracklessbank.com/app/Models/V1/Admin/Mdl_cost.php(20): CodeIgniter\Database\BaseConnection->query('SELECT a.id, a....', Array)
#4 /home/piggybankservice/api/api.tracklessbank.com/app/Controllers/V1/Admin/Cost.php(20): App\Models\Mdl_cost->get_single('1', 'AED')
#5 /home/piggybankservice/api/api.tracklessbank.com/system/CodeIgniter.php(902): App\Controllers\V1\Admin\Cost->getCost()
#6 /home/piggybankservice/api/api.tracklessbank.com/system/CodeIgniter.php(457): CodeIgniter\CodeIgniter->runController(Object(App\Controllers\V1\Admin\Cost))
#7 /home/piggybankservice/api/api.tracklessbank.com/system/CodeIgniter.php(340): CodeIgniter\CodeIgniter->handleRequest(NULL, Object(Config\Cache), false)
#8 /home/piggybankservice/api/api.tracklessbank.com/public/index.php(67): CodeIgniter\CodeIgniter->run()
#9 {main}
CRITICAL - 2022-11-17 19:18:30 --> Call to a member function getRow() on bool
in APPPATH/Models/V1/Admin/Mdl_cost.php on line 20.
 1 APPPATH/Controllers/V1/Admin/Cost.php(20): App\Models\Mdl_cost->get_single('1', 'AED')
 2 SYSTEMPATH/CodeIgniter.php(902): App\Controllers\V1\Admin\Cost->getCost()
 3 SYSTEMPATH/CodeIgniter.php(457): CodeIgniter\CodeIgniter->runController(Object(App\Controllers\V1\Admin\Cost))
 4 SYSTEMPATH/CodeIgniter.php(340): CodeIgniter\CodeIgniter->handleRequest(null, Object(Config\Cache), false)
 5 FCPATH/index.php(67): CodeIgniter\CodeIgniter->run()
ERROR - 2022-11-17 19:18:33 --> mysqli_sql_exception: You have an error in your SQL syntax; check the manual that corresponds to your MySQL server version for the right syntax to use near '`referral_receive WHERE bank_id='1' AND currency='AED'' at line 1 in /home/piggybankservice/api/api.tracklessbank.com/system/Database/MySQLi/Connection.php:292
Stack trace:
#0 /home/piggybankservice/api/api.tracklessbank.com/system/Database/MySQLi/Connection.php(292): mysqli->query('SELECT `bank_id...', 0)
#1 /home/piggybankservice/api/api.tracklessbank.com/system/Database/BaseConnection.php(693): CodeIgniter\Database\MySQLi\Connection->execute('SELECT `bank_id...')
#2 /home/piggybankservice/api/api.tracklessbank.com/system/Database/BaseConnection.php(620): CodeIgniter\Database\BaseConnection->simpleQuery('SELECT `bank_id...')
#3 /home/piggybankservice/api/api.tracklessbank.com/app/Models/V1/Admin/Mdl_fee.php(31): CodeIgniter\Database\BaseConnection->query('SELECT `bank_id...', Array)
#4 /home/piggybankservice/api/api.tracklessbank.com/app/Controllers/V1/Admin/Fee.php(20): App\Models\Mdl_fee->get_single('1', 'AED')
#5 /home/piggybankservice/api/api.tracklessbank.com/system/CodeIgniter.php(902): App\Controllers\V1\Admin\Fee->getFee()
#6 /home/piggybankservice/api/api.tracklessbank.com/system/CodeIgniter.php(457): CodeIgniter\CodeIgniter->runController(Object(App\Controllers\V1\Admin\Fee))
#7 /home/piggybankservice/api/api.tracklessbank.com/system/CodeIgniter.php(340): CodeIgniter\CodeIgniter->handleRequest(NULL, Object(Config\Cache), false)
#8 /home/piggybankservice/api/api.tracklessbank.com/public/index.php(67): CodeIgniter\CodeIgniter->run()
#9 {main}
CRITICAL - 2022-11-17 19:18:33 --> Call to a member function getRow() on bool
in APPPATH/Models/V1/Admin/Mdl_fee.php on line 31.
 1 APPPATH/Controllers/V1/Admin/Fee.php(20): App\Models\Mdl_fee->get_single('1', 'AED')
 2 SYSTEMPATH/CodeIgniter.php(902): App\Controllers\V1\Admin\Fee->getFee()
 3 SYSTEMPATH/CodeIgniter.php(457): CodeIgniter\CodeIgniter->runController(Object(App\Controllers\V1\Admin\Fee))
 4 SYSTEMPATH/CodeIgniter.php(340): CodeIgniter\CodeIgniter->handleRequest(null, Object(Config\Cache), false)
 5 FCPATH/index.php(67): CodeIgniter\CodeIgniter->run()
CRITICAL - 2022-11-17 22:38:47 --> Call to undefined method App\Controllers\V1\Admin\Withdraw::dataUSD()
in APPPATH/Controllers/V1/Admin/Withdraw.php on line 196.
 1 SYSTEMPATH/CodeIgniter.php(902): App\Controllers\V1\Admin\Withdraw->withdrawTransfer()
 2 SYSTEMPATH/CodeIgniter.php(457): CodeIgniter\CodeIgniter->runController(Object(App\Controllers\V1\Admin\Withdraw))
 3 SYSTEMPATH/CodeIgniter.php(340): CodeIgniter\CodeIgniter->handleRequest(null, Object(Config\Cache), false)
 4 FCPATH/index.php(67): CodeIgniter\CodeIgniter->run()
ERROR - 2022-11-17 23:47:49 --> mysqli_sql_exception: Unknown column 'a.wallet' in 'field list' in /home/piggybankservice/api/api.tracklessbank.com/system/Database/MySQLi/Connection.php:292
Stack trace:
#0 /home/piggybankservice/api/api.tracklessbank.com/system/Database/MySQLi/Connection.php(292): mysqli->query('SELECT a.id, a....', 0)
#1 /home/piggybankservice/api/api.tracklessbank.com/system/Database/BaseConnection.php(693): CodeIgniter\Database\MySQLi\Connection->execute('SELECT a.id, a....')
#2 /home/piggybankservice/api/api.tracklessbank.com/system/Database/BaseConnection.php(620): CodeIgniter\Database\BaseConnection->simpleQuery('SELECT a.id, a....')
#3 /home/piggybankservice/api/api.tracklessbank.com/app/Models/V1/Admin/Mdl_cost.php(20): CodeIgniter\Database\BaseConnection->query('SELECT a.id, a....', Array)
#4 /home/piggybankservice/api/api.tracklessbank.com/app/Controllers/V1/Admin/Cost.php(20): App\Models\Mdl_cost->get_single('1', 'AED')
#5 /home/piggybankservice/api/api.tracklessbank.com/system/CodeIgniter.php(902): App\Controllers\V1\Admin\Cost->getCost()
#6 /home/piggybankservice/api/api.tracklessbank.com/system/CodeIgniter.php(457): CodeIgniter\CodeIgniter->runController(Object(App\Controllers\V1\Admin\Cost))
#7 /home/piggybankservice/api/api.tracklessbank.com/system/CodeIgniter.php(340): CodeIgniter\CodeIgniter->handleRequest(NULL, Object(Config\Cache), false)
#8 /home/piggybankservice/api/api.tracklessbank.com/public/index.php(67): CodeIgniter\CodeIgniter->run()
#9 {main}
CRITICAL - 2022-11-17 23:47:49 --> Call to a member function getRow() on bool
in APPPATH/Models/V1/Admin/Mdl_cost.php on line 20.
 1 APPPATH/Controllers/V1/Admin/Cost.php(20): App\Models\Mdl_cost->get_single('1', 'AED')
 2 SYSTEMPATH/CodeIgniter.php(902): App\Controllers\V1\Admin\Cost->getCost()
 3 SYSTEMPATH/CodeIgniter.php(457): CodeIgniter\CodeIgniter->runController(Object(App\Controllers\V1\Admin\Cost))
 4 SYSTEMPATH/CodeIgniter.php(340): CodeIgniter\CodeIgniter->handleRequest(null, Object(Config\Cache), false)
 5 FCPATH/index.php(67): CodeIgniter\CodeIgniter->run()
ERROR - 2022-11-17 23:48:08 --> mysqli_sql_exception: You have an error in your SQL syntax; check the manual that corresponds to your MySQL server version for the right syntax to use near '`referral_receive WHERE bank_id='1' AND currency='AED'' at line 1 in /home/piggybankservice/api/api.tracklessbank.com/system/Database/MySQLi/Connection.php:292
Stack trace:
#0 /home/piggybankservice/api/api.tracklessbank.com/system/Database/MySQLi/Connection.php(292): mysqli->query('SELECT `bank_id...', 0)
#1 /home/piggybankservice/api/api.tracklessbank.com/system/Database/BaseConnection.php(693): CodeIgniter\Database\MySQLi\Connection->execute('SELECT `bank_id...')
#2 /home/piggybankservice/api/api.tracklessbank.com/system/Database/BaseConnection.php(620): CodeIgniter\Database\BaseConnection->simpleQuery('SELECT `bank_id...')
#3 /home/piggybankservice/api/api.tracklessbank.com/app/Models/V1/Admin/Mdl_fee.php(31): CodeIgniter\Database\BaseConnection->query('SELECT `bank_id...', Array)
#4 /home/piggybankservice/api/api.tracklessbank.com/app/Controllers/V1/Admin/Fee.php(20): App\Models\Mdl_fee->get_single('1', 'AED')
#5 /home/piggybankservice/api/api.tracklessbank.com/system/CodeIgniter.php(902): App\Controllers\V1\Admin\Fee->getFee()
#6 /home/piggybankservice/api/api.tracklessbank.com/system/CodeIgniter.php(457): CodeIgniter\CodeIgniter->runController(Object(App\Controllers\V1\Admin\Fee))
#7 /home/piggybankservice/api/api.tracklessbank.com/system/CodeIgniter.php(340): CodeIgniter\CodeIgniter->handleRequest(NULL, Object(Config\Cache), false)
#8 /home/piggybankservice/api/api.tracklessbank.com/public/index.php(67): CodeIgniter\CodeIgniter->run()
#9 {main}
CRITICAL - 2022-11-17 23:48:08 --> Call to a member function getRow() on bool
in APPPATH/Models/V1/Admin/Mdl_fee.php on line 31.
 1 APPPATH/Controllers/V1/Admin/Fee.php(20): App\Models\Mdl_fee->get_single('1', 'AED')
 2 SYSTEMPATH/CodeIgniter.php(902): App\Controllers\V1\Admin\Fee->getFee()
 3 SYSTEMPATH/CodeIgniter.php(457): CodeIgniter\CodeIgniter->runController(Object(App\Controllers\V1\Admin\Fee))
 4 SYSTEMPATH/CodeIgniter.php(340): CodeIgniter\CodeIgniter->handleRequest(null, Object(Config\Cache), false)
 5 FCPATH/index.php(67): CodeIgniter\CodeIgniter->run()
ERROR - 2022-11-17 23:48:15 --> mysqli_sql_exception: Unknown column 'a.wallet' in 'field list' in /home/piggybankservice/api/api.tracklessbank.com/system/Database/MySQLi/Connection.php:292
Stack trace:
#0 /home/piggybankservice/api/api.tracklessbank.com/system/Database/MySQLi/Connection.php(292): mysqli->query('SELECT a.id, a....', 0)
#1 /home/piggybankservice/api/api.tracklessbank.com/system/Database/BaseConnection.php(693): CodeIgniter\Database\MySQLi\Connection->execute('SELECT a.id, a....')
#2 /home/piggybankservice/api/api.tracklessbank.com/system/Database/BaseConnection.php(620): CodeIgniter\Database\BaseConnection->simpleQuery('SELECT a.id, a....')
#3 /home/piggybankservice/api/api.tracklessbank.com/app/Models/V1/Admin/Mdl_cost.php(20): CodeIgniter\Database\BaseConnection->query('SELECT a.id, a....', Array)
#4 /home/piggybankservice/api/api.tracklessbank.com/app/Controllers/V1/Admin/Cost.php(20): App\Models\Mdl_cost->get_single('1', 'AED')
#5 /home/piggybankservice/api/api.tracklessbank.com/system/CodeIgniter.php(902): App\Controllers\V1\Admin\Cost->getCost()
#6 /home/piggybankservice/api/api.tracklessbank.com/system/CodeIgniter.php(457): CodeIgniter\CodeIgniter->runController(Object(App\Controllers\V1\Admin\Cost))
#7 /home/piggybankservice/api/api.tracklessbank.com/system/CodeIgniter.php(340): CodeIgniter\CodeIgniter->handleRequest(NULL, Object(Config\Cache), false)
#8 /home/piggybankservice/api/api.tracklessbank.com/public/index.php(67): CodeIgniter\CodeIgniter->run()
#9 {main}
CRITICAL - 2022-11-17 23:48:15 --> Call to a member function getRow() on bool
in APPPATH/Models/V1/Admin/Mdl_cost.php on line 20.
 1 APPPATH/Controllers/V1/Admin/Cost.php(20): App\Models\Mdl_cost->get_single('1', 'AED')
 2 SYSTEMPATH/CodeIgniter.php(902): App\Controllers\V1\Admin\Cost->getCost()
 3 SYSTEMPATH/CodeIgniter.php(457): CodeIgniter\CodeIgniter->runController(Object(App\Controllers\V1\Admin\Cost))
 4 SYSTEMPATH/CodeIgniter.php(340): CodeIgniter\CodeIgniter->handleRequest(null, Object(Config\Cache), false)
 5 FCPATH/index.php(67): CodeIgniter\CodeIgniter->run()
ERROR - 2022-11-17 23:52:03 --> mysqli_sql_exception: Unknown column 'a.wallet' in 'field list' in /home/piggybankservice/api/api.tracklessbank.com/system/Database/MySQLi/Connection.php:292
Stack trace:
#0 /home/piggybankservice/api/api.tracklessbank.com/system/Database/MySQLi/Connection.php(292): mysqli->query('SELECT a.id, a....', 0)
#1 /home/piggybankservice/api/api.tracklessbank.com/system/Database/BaseConnection.php(693): CodeIgniter\Database\MySQLi\Connection->execute('SELECT a.id, a....')
#2 /home/piggybankservice/api/api.tracklessbank.com/system/Database/BaseConnection.php(620): CodeIgniter\Database\BaseConnection->simpleQuery('SELECT a.id, a....')
#3 /home/piggybankservice/api/api.tracklessbank.com/app/Models/V1/Admin/Mdl_cost.php(20): CodeIgniter\Database\BaseConnection->query('SELECT a.id, a....', Array)
#4 /home/piggybankservice/api/api.tracklessbank.com/app/Controllers/V1/Admin/Cost.php(20): App\Models\Mdl_cost->get_single('1', 'AED')
#5 /home/piggybankservice/api/api.tracklessbank.com/system/CodeIgniter.php(902): App\Controllers\V1\Admin\Cost->getCost()
#6 /home/piggybankservice/api/api.tracklessbank.com/system/CodeIgniter.php(457): CodeIgniter\CodeIgniter->runController(Object(App\Controllers\V1\Admin\Cost))
#7 /home/piggybankservice/api/api.tracklessbank.com/system/CodeIgniter.php(340): CodeIgniter\CodeIgniter->handleRequest(NULL, Object(Config\Cache), false)
#8 /home/piggybankservice/api/api.tracklessbank.com/public/index.php(67): CodeIgniter\CodeIgniter->run()
#9 {main}
CRITICAL - 2022-11-17 23:52:03 --> Call to a member function getRow() on bool
in APPPATH/Models/V1/Admin/Mdl_cost.php on line 20.
 1 APPPATH/Controllers/V1/Admin/Cost.php(20): App\Models\Mdl_cost->get_single('1', 'AED')
 2 SYSTEMPATH/CodeIgniter.php(902): App\Controllers\V1\Admin\Cost->getCost()
 3 SYSTEMPATH/CodeIgniter.php(457): CodeIgniter\CodeIgniter->runController(Object(App\Controllers\V1\Admin\Cost))
 4 SYSTEMPATH/CodeIgniter.php(340): CodeIgniter\CodeIgniter->handleRequest(null, Object(Config\Cache), false)
 5 FCPATH/index.php(67): CodeIgniter\CodeIgniter->run()
ERROR - 2022-11-17 23:52:07 --> mysqli_sql_exception: You have an error in your SQL syntax; check the manual that corresponds to your MySQL server version for the right syntax to use near '`referral_receive WHERE bank_id='1' AND currency='AED'' at line 1 in /home/piggybankservice/api/api.tracklessbank.com/system/Database/MySQLi/Connection.php:292
Stack trace:
#0 /home/piggybankservice/api/api.tracklessbank.com/system/Database/MySQLi/Connection.php(292): mysqli->query('SELECT `bank_id...', 0)
#1 /home/piggybankservice/api/api.tracklessbank.com/system/Database/BaseConnection.php(693): CodeIgniter\Database\MySQLi\Connection->execute('SELECT `bank_id...')
#2 /home/piggybankservice/api/api.tracklessbank.com/system/Database/BaseConnection.php(620): CodeIgniter\Database\BaseConnection->simpleQuery('SELECT `bank_id...')
#3 /home/piggybankservice/api/api.tracklessbank.com/app/Models/V1/Admin/Mdl_fee.php(31): CodeIgniter\Database\BaseConnection->query('SELECT `bank_id...', Array)
#4 /home/piggybankservice/api/api.tracklessbank.com/app/Controllers/V1/Admin/Fee.php(20): App\Models\Mdl_fee->get_single('1', 'AED')
#5 /home/piggybankservice/api/api.tracklessbank.com/system/CodeIgniter.php(902): App\Controllers\V1\Admin\Fee->getFee()
#6 /home/piggybankservice/api/api.tracklessbank.com/system/CodeIgniter.php(457): CodeIgniter\CodeIgniter->runController(Object(App\Controllers\V1\Admin\Fee))
#7 /home/piggybankservice/api/api.tracklessbank.com/system/CodeIgniter.php(340): CodeIgniter\CodeIgniter->handleRequest(NULL, Object(Config\Cache), false)
#8 /home/piggybankservice/api/api.tracklessbank.com/public/index.php(67): CodeIgniter\CodeIgniter->run()
#9 {main}
CRITICAL - 2022-11-17 23:52:07 --> Call to a member function getRow() on bool
in APPPATH/Models/V1/Admin/Mdl_fee.php on line 31.
 1 APPPATH/Controllers/V1/Admin/Fee.php(20): App\Models\Mdl_fee->get_single('1', 'AED')
 2 SYSTEMPATH/CodeIgniter.php(902): App\Controllers\V1\Admin\Fee->getFee()
 3 SYSTEMPATH/CodeIgniter.php(457): CodeIgniter\CodeIgniter->runController(Object(App\Controllers\V1\Admin\Fee))
 4 SYSTEMPATH/CodeIgniter.php(340): CodeIgniter\CodeIgniter->handleRequest(null, Object(Config\Cache), false)
 5 FCPATH/index.php(67): CodeIgniter\CodeIgniter->run()
ERROR - 2022-11-17 23:57:47 --> mysqli_sql_exception: Unknown column 'a.wallet' in 'field list' in /home/piggybankservice/api/api.tracklessbank.com/system/Database/MySQLi/Connection.php:292
Stack trace:
#0 /home/piggybankservice/api/api.tracklessbank.com/system/Database/MySQLi/Connection.php(292): mysqli->query('SELECT a.id, a....', 0)
#1 /home/piggybankservice/api/api.tracklessbank.com/system/Database/BaseConnection.php(693): CodeIgniter\Database\MySQLi\Connection->execute('SELECT a.id, a....')
#2 /home/piggybankservice/api/api.tracklessbank.com/system/Database/BaseConnection.php(620): CodeIgniter\Database\BaseConnection->simpleQuery('SELECT a.id, a....')
#3 /home/piggybankservice/api/api.tracklessbank.com/app/Models/V1/Admin/Mdl_cost.php(20): CodeIgniter\Database\BaseConnection->query('SELECT a.id, a....', Array)
#4 /home/piggybankservice/api/api.tracklessbank.com/app/Controllers/V1/Admin/Cost.php(20): App\Models\Mdl_cost->get_single('1', 'AED')
#5 /home/piggybankservice/api/api.tracklessbank.com/system/CodeIgniter.php(902): App\Controllers\V1\Admin\Cost->getCost()
#6 /home/piggybankservice/api/api.tracklessbank.com/system/CodeIgniter.php(457): CodeIgniter\CodeIgniter->runController(Object(App\Controllers\V1\Admin\Cost))
#7 /home/piggybankservice/api/api.tracklessbank.com/system/CodeIgniter.php(340): CodeIgniter\CodeIgniter->handleRequest(NULL, Object(Config\Cache), false)
#8 /home/piggybankservice/api/api.tracklessbank.com/public/index.php(67): CodeIgniter\CodeIgniter->run()
#9 {main}
CRITICAL - 2022-11-17 23:57:47 --> Call to a member function getRow() on bool
in APPPATH/Models/V1/Admin/Mdl_cost.php on line 20.
 1 APPPATH/Controllers/V1/Admin/Cost.php(20): App\Models\Mdl_cost->get_single('1', 'AED')
 2 SYSTEMPATH/CodeIgniter.php(902): App\Controllers\V1\Admin\Cost->getCost()
 3 SYSTEMPATH/CodeIgniter.php(457): CodeIgniter\CodeIgniter->runController(Object(App\Controllers\V1\Admin\Cost))
 4 SYSTEMPATH/CodeIgniter.php(340): CodeIgniter\CodeIgniter->handleRequest(null, Object(Config\Cache), false)
 5 FCPATH/index.php(67): CodeIgniter\CodeIgniter->run()
ERROR - 2022-11-17 23:57:50 --> mysqli_sql_exception: You have an error in your SQL syntax; check the manual that corresponds to your MySQL server version for the right syntax to use near '`referral_receive WHERE bank_id='1' AND currency='AED'' at line 1 in /home/piggybankservice/api/api.tracklessbank.com/system/Database/MySQLi/Connection.php:292
Stack trace:
#0 /home/piggybankservice/api/api.tracklessbank.com/system/Database/MySQLi/Connection.php(292): mysqli->query('SELECT `bank_id...', 0)
#1 /home/piggybankservice/api/api.tracklessbank.com/system/Database/BaseConnection.php(693): CodeIgniter\Database\MySQLi\Connection->execute('SELECT `bank_id...')
#2 /home/piggybankservice/api/api.tracklessbank.com/system/Database/BaseConnection.php(620): CodeIgniter\Database\BaseConnection->simpleQuery('SELECT `bank_id...')
#3 /home/piggybankservice/api/api.tracklessbank.com/app/Models/V1/Admin/Mdl_fee.php(31): CodeIgniter\Database\BaseConnection->query('SELECT `bank_id...', Array)
#4 /home/piggybankservice/api/api.tracklessbank.com/app/Controllers/V1/Admin/Fee.php(20): App\Models\Mdl_fee->get_single('1', 'AED')
#5 /home/piggybankservice/api/api.tracklessbank.com/system/CodeIgniter.php(902): App\Controllers\V1\Admin\Fee->getFee()
#6 /home/piggybankservice/api/api.tracklessbank.com/system/CodeIgniter.php(457): CodeIgniter\CodeIgniter->runController(Object(App\Controllers\V1\Admin\Fee))
#7 /home/piggybankservice/api/api.tracklessbank.com/system/CodeIgniter.php(340): CodeIgniter\CodeIgniter->handleRequest(NULL, Object(Config\Cache), false)
#8 /home/piggybankservice/api/api.tracklessbank.com/public/index.php(67): CodeIgniter\CodeIgniter->run()
#9 {main}
CRITICAL - 2022-11-17 23:57:50 --> Call to a member function getRow() on bool
in APPPATH/Models/V1/Admin/Mdl_fee.php on line 31.
 1 APPPATH/Controllers/V1/Admin/Fee.php(20): App\Models\Mdl_fee->get_single('1', 'AED')
 2 SYSTEMPATH/CodeIgniter.php(902): App\Controllers\V1\Admin\Fee->getFee()
 3 SYSTEMPATH/CodeIgniter.php(457): CodeIgniter\CodeIgniter->runController(Object(App\Controllers\V1\Admin\Fee))
 4 SYSTEMPATH/CodeIgniter.php(340): CodeIgniter\CodeIgniter->handleRequest(null, Object(Config\Cache), false)
 5 FCPATH/index.php(67): CodeIgniter\CodeIgniter->run()
