ERROR - 2022-11-29 01:36:25 --> mysqli_sql_exception: Unknown column 'bank_id' in 'field list' in /home/piggybankservice/api/api.tracklessbank.com/system/Database/MySQLi/Connection.php:292
Stack trace:
#0 /home/piggybankservice/api/api.tracklessbank.com/system/Database/MySQLi/Connection.php(292): mysqli->query('SELECT `bank_id...', 0)
#1 /home/piggybankservice/api/api.tracklessbank.com/system/Database/BaseConnection.php(693): CodeIgniter\Database\MySQLi\Connection->execute('SELECT `bank_id...')
#2 /home/piggybankservice/api/api.tracklessbank.com/system/Database/BaseConnection.php(620): CodeIgniter\Database\BaseConnection->simpleQuery('SELECT `bank_id...')
#3 /home/piggybankservice/api/api.tracklessbank.com/app/Models/V1/Mdl_fee.php(21): CodeIgniter\Database\BaseConnection->query('SELECT `bank_id...', Array)
#4 /home/piggybankservice/api/api.tracklessbank.com/app/Controllers/V1/Member/Wallet.php(294): App\Models\Mdl_fee->get_single('USD', '2')
#5 /home/piggybankservice/api/api.tracklessbank.com/app/Controllers/V1/Member/Wallet.php(89): App\Controllers\V1\Member\Wallet->getFee('USD', 1, 'circuit')
#6 /home/piggybankservice/api/api.tracklessbank.com/system/CodeIgniter.php(902): App\Controllers\V1\Member\Wallet->bankSummary()
#7 /home/piggybankservice/api/api.tracklessbank.com/system/CodeIgniter.php(457): CodeIgniter\CodeIgniter->runController(Object(App\Controllers\V1\Member\Wallet))
#8 /home/piggybankservice/api/api.tracklessbank.com/system/CodeIgniter.php(340): CodeIgniter\CodeIgniter->handleRequest(NULL, Object(Config\Cache), false)
#9 /home/piggybankservice/api/api.tracklessbank.com/public/index.php(67): CodeIgniter\CodeIgniter->run()
#10 {main}
CRITICAL - 2022-11-29 01:36:25 --> Call to a member function getRow() on bool
in APPPATH/Models/V1/Mdl_fee.php on line 21.
 1 APPPATH/Controllers/V1/Member/Wallet.php(294): App\Models\Mdl_fee->get_single('USD', '2')
 2 APPPATH/Controllers/V1/Member/Wallet.php(89): App\Controllers\V1\Member\Wallet->getFee('USD', 1.0, 'circuit')
 3 SYSTEMPATH/CodeIgniter.php(902): App\Controllers\V1\Member\Wallet->bankSummary()
 4 SYSTEMPATH/CodeIgniter.php(457): CodeIgniter\CodeIgniter->runController(Object(App\Controllers\V1\Member\Wallet))
 5 SYSTEMPATH/CodeIgniter.php(340): CodeIgniter\CodeIgniter->handleRequest(null, Object(Config\Cache), false)
 6 FCPATH/index.php(67): CodeIgniter\CodeIgniter->run()
ERROR - 2022-11-29 01:41:14 --> mysqli_sql_exception: Unknown column 'bank_id' in 'field list' in /home/piggybankservice/api/api.tracklessbank.com/system/Database/MySQLi/Connection.php:292
Stack trace:
#0 /home/piggybankservice/api/api.tracklessbank.com/system/Database/MySQLi/Connection.php(292): mysqli->query('SELECT `bank_id...', 0)
#1 /home/piggybankservice/api/api.tracklessbank.com/system/Database/BaseConnection.php(693): CodeIgniter\Database\MySQLi\Connection->execute('SELECT `bank_id...')
#2 /home/piggybankservice/api/api.tracklessbank.com/system/Database/BaseConnection.php(620): CodeIgniter\Database\BaseConnection->simpleQuery('SELECT `bank_id...')
#3 /home/piggybankservice/api/api.tracklessbank.com/app/Models/V1/Mdl_fee.php(21): CodeIgniter\Database\BaseConnection->query('SELECT `bank_id...', Array)
#4 /home/piggybankservice/api/api.tracklessbank.com/app/Controllers/V1/Member/Wallet.php(301): App\Models\Mdl_fee->get_single('USD', '2')
#5 /home/piggybankservice/api/api.tracklessbank.com/app/Controllers/V1/Member/Wallet.php(89): App\Controllers\V1\Member\Wallet->getFee('USD', 1, 'circuit')
#6 /home/piggybankservice/api/api.tracklessbank.com/system/CodeIgniter.php(902): App\Controllers\V1\Member\Wallet->bankSummary()
#7 /home/piggybankservice/api/api.tracklessbank.com/system/CodeIgniter.php(457): CodeIgniter\CodeIgniter->runController(Object(App\Controllers\V1\Member\Wallet))
#8 /home/piggybankservice/api/api.tracklessbank.com/system/CodeIgniter.php(340): CodeIgniter\CodeIgniter->handleRequest(NULL, Object(Config\Cache), false)
#9 /home/piggybankservice/api/api.tracklessbank.com/public/index.php(67): CodeIgniter\CodeIgniter->run()
#10 {main}
CRITICAL - 2022-11-29 01:41:14 --> Call to a member function getRow() on bool
in APPPATH/Models/V1/Mdl_fee.php on line 21.
 1 APPPATH/Controllers/V1/Member/Wallet.php(301): App\Models\Mdl_fee->get_single('USD', '2')
 2 APPPATH/Controllers/V1/Member/Wallet.php(89): App\Controllers\V1\Member\Wallet->getFee('USD', 1.0, 'circuit')
 3 SYSTEMPATH/CodeIgniter.php(902): App\Controllers\V1\Member\Wallet->bankSummary()
 4 SYSTEMPATH/CodeIgniter.php(457): CodeIgniter\CodeIgniter->runController(Object(App\Controllers\V1\Member\Wallet))
 5 SYSTEMPATH/CodeIgniter.php(340): CodeIgniter\CodeIgniter->handleRequest(null, Object(Config\Cache), false)
 6 FCPATH/index.php(67): CodeIgniter\CodeIgniter->run()
ERROR - 2022-11-29 01:45:48 --> mysqli_sql_exception: Unknown column 'bank_id' in 'field list' in /home/piggybankservice/api/api.tracklessbank.com/system/Database/MySQLi/Connection.php:292
Stack trace:
#0 /home/piggybankservice/api/api.tracklessbank.com/system/Database/MySQLi/Connection.php(292): mysqli->query('SELECT `bank_id...', 0)
#1 /home/piggybankservice/api/api.tracklessbank.com/system/Database/BaseConnection.php(693): CodeIgniter\Database\MySQLi\Connection->execute('SELECT `bank_id...')
#2 /home/piggybankservice/api/api.tracklessbank.com/system/Database/BaseConnection.php(620): CodeIgniter\Database\BaseConnection->simpleQuery('SELECT `bank_id...')
#3 /home/piggybankservice/api/api.tracklessbank.com/app/Models/V1/Mdl_fee.php(21): CodeIgniter\Database\BaseConnection->query('SELECT `bank_id...', Array)
#4 /home/piggybankservice/api/api.tracklessbank.com/app/Controllers/V1/Member/Wallet.php(301): App\Models\Mdl_fee->get_single('USD', '2')
#5 /home/piggybankservice/api/api.tracklessbank.com/app/Controllers/V1/Member/Wallet.php(89): App\Controllers\V1\Member\Wallet->getFee('USD', 1, 'circuit')
#6 /home/piggybankservice/api/api.tracklessbank.com/system/CodeIgniter.php(902): App\Controllers\V1\Member\Wallet->bankSummary()
#7 /home/piggybankservice/api/api.tracklessbank.com/system/CodeIgniter.php(457): CodeIgniter\CodeIgniter->runController(Object(App\Controllers\V1\Member\Wallet))
#8 /home/piggybankservice/api/api.tracklessbank.com/system/CodeIgniter.php(340): CodeIgniter\CodeIgniter->handleRequest(NULL, Object(Config\Cache), false)
#9 /home/piggybankservice/api/api.tracklessbank.com/public/index.php(67): CodeIgniter\CodeIgniter->run()
#10 {main}
CRITICAL - 2022-11-29 01:45:48 --> Call to a member function getRow() on bool
in APPPATH/Models/V1/Mdl_fee.php on line 21.
 1 APPPATH/Controllers/V1/Member/Wallet.php(301): App\Models\Mdl_fee->get_single('USD', '2')
 2 APPPATH/Controllers/V1/Member/Wallet.php(89): App\Controllers\V1\Member\Wallet->getFee('USD', 1.0, 'circuit')
 3 SYSTEMPATH/CodeIgniter.php(902): App\Controllers\V1\Member\Wallet->bankSummary()
 4 SYSTEMPATH/CodeIgniter.php(457): CodeIgniter\CodeIgniter->runController(Object(App\Controllers\V1\Member\Wallet))
 5 SYSTEMPATH/CodeIgniter.php(340): CodeIgniter\CodeIgniter->handleRequest(null, Object(Config\Cache), false)
 6 FCPATH/index.php(67): CodeIgniter\CodeIgniter->run()
CRITICAL - 2022-11-29 01:48:15 --> Undefined variable: referra_bank
in APPPATH/Controllers/V1/Member/Wallet.php on line 352.
 1 APPPATH/Controllers/V1/Member/Wallet.php(352): CodeIgniter\Debug\Exceptions->errorHandler(8, 'Undefined variable: referra_bank', 'APPPATH/Controllers/V1/Member/Wallet.php', 352, [...])
 2 APPPATH/Controllers/V1/Member/Wallet.php(89): App\Controllers\V1\Member\Wallet->getFee('USD', 1.0, 'circuit')
 3 SYSTEMPATH/CodeIgniter.php(902): App\Controllers\V1\Member\Wallet->bankSummary()
 4 SYSTEMPATH/CodeIgniter.php(457): CodeIgniter\CodeIgniter->runController(Object(App\Controllers\V1\Member\Wallet))
 5 SYSTEMPATH/CodeIgniter.php(340): CodeIgniter\CodeIgniter->handleRequest(null, Object(Config\Cache), false)
 6 FCPATH/index.php(67): CodeIgniter\CodeIgniter->run()
CRITICAL - 2022-11-29 09:21:23 --> Too few arguments to function App\Models\Mdl_wallet::balance_bycurrency(), 0 passed in /home/piggybankservice/api/api.tracklessbank.com/app/Controllers/V1/Trackless/Swap.php on line 63 and exactly 1 expected
in APPPATH/Models/V1/Trackless/Mdl_wallet.php on line 61.
 1 APPPATH/Controllers/V1/Trackless/Swap.php(63): App\Models\Mdl_wallet->balance_bycurrency()
 2 SYSTEMPATH/CodeIgniter.php(902): App\Controllers\V1\Trackless\Swap->swaptrackless_summary()
 3 SYSTEMPATH/CodeIgniter.php(457): CodeIgniter\CodeIgniter->runController(Object(App\Controllers\V1\Trackless\Swap))
 4 SYSTEMPATH/CodeIgniter.php(340): CodeIgniter\CodeIgniter->handleRequest(null, Object(Config\Cache), false)
 5 FCPATH/index.php(67): CodeIgniter\CodeIgniter->run()
CRITICAL - 2022-11-29 09:41:31 --> Call to a member function add() on null
in APPPATH/Controllers/V1/Trackless/Swap.php on line 256.
 1 SYSTEMPATH/CodeIgniter.php(902): App\Controllers\V1\Trackless\Swap->swaptracklessProcess()
 2 SYSTEMPATH/CodeIgniter.php(457): CodeIgniter\CodeIgniter->runController(Object(App\Controllers\V1\Trackless\Swap))
 3 SYSTEMPATH/CodeIgniter.php(340): CodeIgniter\CodeIgniter->handleRequest(null, Object(Config\Cache), false)
 4 FCPATH/index.php(67): CodeIgniter\CodeIgniter->run()
