ERROR - 2023-01-03 06:03:59 --> mysqli_sql_exception: Duplicate entry '576288540' for key 'tbl_member_topup.wise_id' in /home/piggybankservice/api/api.tracklessbank.com/system/Database/MySQLi/Connection.php:292
Stack trace:
#0 /home/piggybankservice/api/api.tracklessbank.com/system/Database/MySQLi/Connection.php(292): mysqli->query('INSERT INTO `tb...', 0)
#1 /home/piggybankservice/api/api.tracklessbank.com/system/Database/BaseConnection.php(693): CodeIgniter\Database\MySQLi\Connection->execute('INSERT INTO `tb...')
#2 /home/piggybankservice/api/api.tracklessbank.com/system/Database/BaseConnection.php(620): CodeIgniter\Database\BaseConnection->simpleQuery('INSERT INTO `tb...')
#3 /home/piggybankservice/api/api.tracklessbank.com/system/Database/BaseBuilder.php(1916): CodeIgniter\Database\BaseConnection->query('INSERT INTO `tb...', Array, false)
#4 /home/piggybankservice/api/api.tracklessbank.com/app/Models/V1/Trackless/Mdl_wallet.php(265): CodeIgniter\Database\BaseBuilder->insert(Array)
#5 /home/piggybankservice/api/api.tracklessbank.com/app/Controllers/V1/Trackless/Operations.php(39): App\Models\Mdl_wallet->topup(Array)
#6 /home/piggybankservice/api/api.tracklessbank.com/system/CodeIgniter.php(902): App\Controllers\V1\Trackless\Operations->topup()
#7 /home/piggybankservice/api/api.tracklessbank.com/system/CodeIgniter.php(457): CodeIgniter\CodeIgniter->runController(Object(App\Controllers\V1\Trackless\Operations))
#8 /home/piggybankservice/api/api.tracklessbank.com/system/CodeIgniter.php(340): CodeIgniter\CodeIgniter->handleRequest(NULL, Object(Config\Cache), false)
#9 /home/piggybankservice/api/api.tracklessbank.com/public/index.php(67): CodeIgniter\CodeIgniter->run()
#10 {main}
ERROR - 2023-01-03 06:42:18 --> mysqli_sql_exception: You have an error in your SQL syntax; check the manual that corresponds to your MySQL server version for the right syntax to use near 'as referral,convert_tz(a.date_created, 'Asia/Singapore', 'Asia/Makassar') AS dat' at line 1 in /home/piggybankservice/api/api.tracklessbank.com/system/Database/MySQLi/Connection.php:292
Stack trace:
#0 /home/piggybankservice/api/api.tracklessbank.com/system/Database/MySQLi/Connection.php(292): mysqli->query('SELECT amount, ...', 0)
#1 /home/piggybankservice/api/api.tracklessbank.com/system/Database/BaseConnection.php(693): CodeIgniter\Database\MySQLi\Connection->execute('SELECT amount, ...')
#2 /home/piggybankservice/api/api.tracklessbank.com/system/Database/BaseConnection.php(620): CodeIgniter\Database\BaseConnection->simpleQuery('SELECT amount, ...')
#3 /home/piggybankservice/api/api.tracklessbank.com/app/Models/V1/Admin/Mdl_wallet.php(177): CodeIgniter\Database\BaseConnection->query('SELECT amount, ...', Array)
#4 /home/piggybankservice/api/api.tracklessbank.com/app/Controllers/V1/Admin/Wallet.php(282): App\Models\Mdl_wallet->history_tobank('EUR', '2023-01-03', '2023-01-03', 'Asia/Makassar', '3')
#5 /home/piggybankservice/api/api.tracklessbank.com/system/CodeIgniter.php(902): App\Controllers\V1\Admin\Wallet->gethistory_tobank()
#6 /home/piggybankservice/api/api.tracklessbank.com/system/CodeIgniter.php(457): CodeIgniter\CodeIgniter->runController(Object(App\Controllers\V1\Admin\Wallet))
#7 /home/piggybankservice/api/api.tracklessbank.com/system/CodeIgniter.php(340): CodeIgniter\CodeIgniter->handleRequest(NULL, Object(Config\Cache), false)
#8 /home/piggybankservice/api/api.tracklessbank.com/public/index.php(67): CodeIgniter\CodeIgniter->run()
#9 {main}
ERROR - 2023-01-03 06:42:21 --> mysqli_sql_exception: You have an error in your SQL syntax; check the manual that corresponds to your MySQL server version for the right syntax to use near 'as referral,convert_tz(a.date_created, 'Asia/Singapore', 'Asia/Makassar') AS dat' at line 1 in /home/piggybankservice/api/api.tracklessbank.com/system/Database/MySQLi/Connection.php:292
Stack trace:
#0 /home/piggybankservice/api/api.tracklessbank.com/system/Database/MySQLi/Connection.php(292): mysqli->query('SELECT amount, ...', 0)
#1 /home/piggybankservice/api/api.tracklessbank.com/system/Database/BaseConnection.php(693): CodeIgniter\Database\MySQLi\Connection->execute('SELECT amount, ...')
#2 /home/piggybankservice/api/api.tracklessbank.com/system/Database/BaseConnection.php(620): CodeIgniter\Database\BaseConnection->simpleQuery('SELECT amount, ...')
#3 /home/piggybankservice/api/api.tracklessbank.com/app/Models/V1/Admin/Mdl_wallet.php(177): CodeIgniter\Database\BaseConnection->query('SELECT amount, ...', Array)
#4 /home/piggybankservice/api/api.tracklessbank.com/app/Controllers/V1/Admin/Wallet.php(282): App\Models\Mdl_wallet->history_tobank('EUR', '2022-12-05', '2023-01-03', 'Asia/Makassar', '3')
#5 /home/piggybankservice/api/api.tracklessbank.com/system/CodeIgniter.php(902): App\Controllers\V1\Admin\Wallet->gethistory_tobank()
#6 /home/piggybankservice/api/api.tracklessbank.com/system/CodeIgniter.php(457): CodeIgniter\CodeIgniter->runController(Object(App\Controllers\V1\Admin\Wallet))
#7 /home/piggybankservice/api/api.tracklessbank.com/system/CodeIgniter.php(340): CodeIgniter\CodeIgniter->handleRequest(NULL, Object(Config\Cache), false)
#8 /home/piggybankservice/api/api.tracklessbank.com/public/index.php(67): CodeIgniter\CodeIgniter->run()
#9 {main}
ERROR - 2023-01-03 06:42:23 --> mysqli_sql_exception: You have an error in your SQL syntax; check the manual that corresponds to your MySQL server version for the right syntax to use near 'as referral,convert_tz(a.date_created, 'Asia/Singapore', 'Asia/Makassar') AS dat' at line 1 in /home/piggybankservice/api/api.tracklessbank.com/system/Database/MySQLi/Connection.php:292
Stack trace:
#0 /home/piggybankservice/api/api.tracklessbank.com/system/Database/MySQLi/Connection.php(292): mysqli->query('SELECT amount, ...', 0)
#1 /home/piggybankservice/api/api.tracklessbank.com/system/Database/BaseConnection.php(693): CodeIgniter\Database\MySQLi\Connection->execute('SELECT amount, ...')
#2 /home/piggybankservice/api/api.tracklessbank.com/system/Database/BaseConnection.php(620): CodeIgniter\Database\BaseConnection->simpleQuery('SELECT amount, ...')
#3 /home/piggybankservice/api/api.tracklessbank.com/app/Models/V1/Admin/Mdl_wallet.php(177): CodeIgniter\Database\BaseConnection->query('SELECT amount, ...', Array)
#4 /home/piggybankservice/api/api.tracklessbank.com/app/Controllers/V1/Admin/Wallet.php(282): App\Models\Mdl_wallet->history_tobank('EUR', '2023-01-02', '2023-01-03', 'Asia/Makassar', '3')
#5 /home/piggybankservice/api/api.tracklessbank.com/system/CodeIgniter.php(902): App\Controllers\V1\Admin\Wallet->gethistory_tobank()
#6 /home/piggybankservice/api/api.tracklessbank.com/system/CodeIgniter.php(457): CodeIgniter\CodeIgniter->runController(Object(App\Controllers\V1\Admin\Wallet))
#7 /home/piggybankservice/api/api.tracklessbank.com/system/CodeIgniter.php(340): CodeIgniter\CodeIgniter->handleRequest(NULL, Object(Config\Cache), false)
#8 /home/piggybankservice/api/api.tracklessbank.com/public/index.php(67): CodeIgniter\CodeIgniter->run()
#9 {main}
ERROR - 2023-01-03 06:42:25 --> mysqli_sql_exception: You have an error in your SQL syntax; check the manual that corresponds to your MySQL server version for the right syntax to use near 'as referral,convert_tz(a.date_created, 'Asia/Singapore', 'Asia/Makassar') AS dat' at line 1 in /home/piggybankservice/api/api.tracklessbank.com/system/Database/MySQLi/Connection.php:292
Stack trace:
#0 /home/piggybankservice/api/api.tracklessbank.com/system/Database/MySQLi/Connection.php(292): mysqli->query('SELECT amount, ...', 0)
#1 /home/piggybankservice/api/api.tracklessbank.com/system/Database/BaseConnection.php(693): CodeIgniter\Database\MySQLi\Connection->execute('SELECT amount, ...')
#2 /home/piggybankservice/api/api.tracklessbank.com/system/Database/BaseConnection.php(620): CodeIgniter\Database\BaseConnection->simpleQuery('SELECT amount, ...')
#3 /home/piggybankservice/api/api.tracklessbank.com/app/Models/V1/Admin/Mdl_wallet.php(177): CodeIgniter\Database\BaseConnection->query('SELECT amount, ...', Array)
#4 /home/piggybankservice/api/api.tracklessbank.com/app/Controllers/V1/Admin/Wallet.php(282): App\Models\Mdl_wallet->history_tobank('EUR', '2022-12-27', '2023-01-03', 'Asia/Makassar', '3')
#5 /home/piggybankservice/api/api.tracklessbank.com/system/CodeIgniter.php(902): App\Controllers\V1\Admin\Wallet->gethistory_tobank()
#6 /home/piggybankservice/api/api.tracklessbank.com/system/CodeIgniter.php(457): CodeIgniter\CodeIgniter->runController(Object(App\Controllers\V1\Admin\Wallet))
#7 /home/piggybankservice/api/api.tracklessbank.com/system/CodeIgniter.php(340): CodeIgniter\CodeIgniter->handleRequest(NULL, Object(Config\Cache), false)
#8 /home/piggybankservice/api/api.tracklessbank.com/public/index.php(67): CodeIgniter\CodeIgniter->run()
#9 {main}
ERROR - 2023-01-03 07:20:12 --> mysqli_sql_exception: You have an error in your SQL syntax; check the manual that corresponds to your MySQL server version for the right syntax to use near '? AND a.currency=? 
                    UNION ALL
                    SELECT sum' at line 2 in /home/piggybankservice/api/api.tracklessbank.com/system/Database/MySQLi/Connection.php:292
Stack trace:
#0 /home/piggybankservice/api/api.tracklessbank.com/system/Database/MySQLi/Connection.php(292): mysqli->query('SELECT IFNULL(s...', 0)
#1 /home/piggybankservice/api/api.tracklessbank.com/system/Database/BaseConnection.php(693): CodeIgniter\Database\MySQLi\Connection->execute('SELECT IFNULL(s...')
#2 /home/piggybankservice/api/api.tracklessbank.com/system/Database/BaseConnection.php(620): CodeIgniter\Database\BaseConnection->simpleQuery('SELECT IFNULL(s...')
#3 /home/piggybankservice/api/api.tracklessbank.com/app/Models/V1/Admin/Mdl_wallet.php(58): CodeIgniter\Database\BaseConnection->query('SELECT IFNULL(s...', Array)
#4 /home/piggybankservice/api/api.tracklessbank.com/app/Controllers/V1/Admin/Wallet.php(20): App\Models\Mdl_wallet->get_all('3')
#5 /home/piggybankservice/api/api.tracklessbank.com/system/CodeIgniter.php(902): App\Controllers\V1\Admin\Wallet->getAll_Balance()
#6 /home/piggybankservice/api/api.tracklessbank.com/system/CodeIgniter.php(457): CodeIgniter\CodeIgniter->runController(Object(App\Controllers\V1\Admin\Wallet))
#7 /home/piggybankservice/api/api.tracklessbank.com/system/CodeIgniter.php(340): CodeIgniter\CodeIgniter->handleRequest(NULL, Object(Config\Cache), false)
#8 /home/piggybankservice/api/api.tracklessbank.com/public/index.php(67): CodeIgniter\CodeIgniter->run()
#9 {main}
CRITICAL - 2023-01-03 07:20:12 --> Call to a member function getRow() on bool
in APPPATH/Models/V1/Admin/Mdl_wallet.php on line 59.
 1 APPPATH/Controllers/V1/Admin/Wallet.php(20): App\Models\Mdl_wallet->get_all('3')
 2 SYSTEMPATH/CodeIgniter.php(902): App\Controllers\V1\Admin\Wallet->getAll_Balance()
 3 SYSTEMPATH/CodeIgniter.php(457): CodeIgniter\CodeIgniter->runController(Object(App\Controllers\V1\Admin\Wallet))
 4 SYSTEMPATH/CodeIgniter.php(340): CodeIgniter\CodeIgniter->handleRequest(null, Object(Config\Cache), false)
 5 FCPATH/index.php(67): CodeIgniter\CodeIgniter->run()
ERROR - 2023-01-03 07:20:26 --> mysqli_sql_exception: You have an error in your SQL syntax; check the manual that corresponds to your MySQL server version for the right syntax to use near '? AND a.currency=? 
                    UNION ALL
                    SELECT sum' at line 2 in /home/piggybankservice/api/api.tracklessbank.com/system/Database/MySQLi/Connection.php:292
Stack trace:
#0 /home/piggybankservice/api/api.tracklessbank.com/system/Database/MySQLi/Connection.php(292): mysqli->query('SELECT IFNULL(s...', 0)
#1 /home/piggybankservice/api/api.tracklessbank.com/system/Database/BaseConnection.php(693): CodeIgniter\Database\MySQLi\Connection->execute('SELECT IFNULL(s...')
#2 /home/piggybankservice/api/api.tracklessbank.com/system/Database/BaseConnection.php(620): CodeIgniter\Database\BaseConnection->simpleQuery('SELECT IFNULL(s...')
#3 /home/piggybankservice/api/api.tracklessbank.com/app/Models/V1/Admin/Mdl_wallet.php(58): CodeIgniter\Database\BaseConnection->query('SELECT IFNULL(s...', Array)
#4 /home/piggybankservice/api/api.tracklessbank.com/app/Controllers/V1/Admin/Wallet.php(20): App\Models\Mdl_wallet->get_all('3')
#5 /home/piggybankservice/api/api.tracklessbank.com/system/CodeIgniter.php(902): App\Controllers\V1\Admin\Wallet->getAll_Balance()
#6 /home/piggybankservice/api/api.tracklessbank.com/system/CodeIgniter.php(457): CodeIgniter\CodeIgniter->runController(Object(App\Controllers\V1\Admin\Wallet))
#7 /home/piggybankservice/api/api.tracklessbank.com/system/CodeIgniter.php(340): CodeIgniter\CodeIgniter->handleRequest(NULL, Object(Config\Cache), false)
#8 /home/piggybankservice/api/api.tracklessbank.com/public/index.php(67): CodeIgniter\CodeIgniter->run()
#9 {main}
CRITICAL - 2023-01-03 07:20:26 --> Call to a member function getRow() on bool
in APPPATH/Models/V1/Admin/Mdl_wallet.php on line 59.
 1 APPPATH/Controllers/V1/Admin/Wallet.php(20): App\Models\Mdl_wallet->get_all('3')
 2 SYSTEMPATH/CodeIgniter.php(902): App\Controllers\V1\Admin\Wallet->getAll_Balance()
 3 SYSTEMPATH/CodeIgniter.php(457): CodeIgniter\CodeIgniter->runController(Object(App\Controllers\V1\Admin\Wallet))
 4 SYSTEMPATH/CodeIgniter.php(340): CodeIgniter\CodeIgniter->handleRequest(null, Object(Config\Cache), false)
 5 FCPATH/index.php(67): CodeIgniter\CodeIgniter->run()
ERROR - 2023-01-03 07:20:28 --> mysqli_sql_exception: You have an error in your SQL syntax; check the manual that corresponds to your MySQL server version for the right syntax to use near '? AND a.currency=? 
                    UNION ALL
                    SELECT sum' at line 2 in /home/piggybankservice/api/api.tracklessbank.com/system/Database/MySQLi/Connection.php:292
Stack trace:
#0 /home/piggybankservice/api/api.tracklessbank.com/system/Database/MySQLi/Connection.php(292): mysqli->query('SELECT IFNULL(s...', 0)
#1 /home/piggybankservice/api/api.tracklessbank.com/system/Database/BaseConnection.php(693): CodeIgniter\Database\MySQLi\Connection->execute('SELECT IFNULL(s...')
#2 /home/piggybankservice/api/api.tracklessbank.com/system/Database/BaseConnection.php(620): CodeIgniter\Database\BaseConnection->simpleQuery('SELECT IFNULL(s...')
#3 /home/piggybankservice/api/api.tracklessbank.com/app/Models/V1/Admin/Mdl_wallet.php(58): CodeIgniter\Database\BaseConnection->query('SELECT IFNULL(s...', Array)
#4 /home/piggybankservice/api/api.tracklessbank.com/app/Controllers/V1/Admin/Wallet.php(20): App\Models\Mdl_wallet->get_all('3')
#5 /home/piggybankservice/api/api.tracklessbank.com/system/CodeIgniter.php(902): App\Controllers\V1\Admin\Wallet->getAll_Balance()
#6 /home/piggybankservice/api/api.tracklessbank.com/system/CodeIgniter.php(457): CodeIgniter\CodeIgniter->runController(Object(App\Controllers\V1\Admin\Wallet))
#7 /home/piggybankservice/api/api.tracklessbank.com/system/CodeIgniter.php(340): CodeIgniter\CodeIgniter->handleRequest(NULL, Object(Config\Cache), false)
#8 /home/piggybankservice/api/api.tracklessbank.com/public/index.php(67): CodeIgniter\CodeIgniter->run()
#9 {main}
CRITICAL - 2023-01-03 07:20:28 --> Call to a member function getRow() on bool
in APPPATH/Models/V1/Admin/Mdl_wallet.php on line 59.
 1 APPPATH/Controllers/V1/Admin/Wallet.php(20): App\Models\Mdl_wallet->get_all('3')
 2 SYSTEMPATH/CodeIgniter.php(902): App\Controllers\V1\Admin\Wallet->getAll_Balance()
 3 SYSTEMPATH/CodeIgniter.php(457): CodeIgniter\CodeIgniter->runController(Object(App\Controllers\V1\Admin\Wallet))
 4 SYSTEMPATH/CodeIgniter.php(340): CodeIgniter\CodeIgniter->handleRequest(null, Object(Config\Cache), false)
 5 FCPATH/index.php(67): CodeIgniter\CodeIgniter->run()
CRITICAL - 2023-01-03 08:30:32 --> syntax error, unexpected 'else' (T_ELSE), expecting function (T_FUNCTION) or const (T_CONST)
in APPPATH/Models/V1/Admin/Mdl_wallet.php on line 207.
 1 SYSTEMPATH/Autoloader/Autoloader.php(259): CodeIgniter\Autoloader\Autoloader->includeFile('APPPATH/Models/V1/Admin/Mdl_wallet.php')
 2 SYSTEMPATH/Autoloader/Autoloader.php(237): CodeIgniter\Autoloader\Autoloader->loadInNamespace('App\\Models\\V1\\Admin\\Mdl_wallet')
 3 [internal function]: CodeIgniter\Autoloader\Autoloader->loadClass('App\\Models\\V1\\Admin\\Mdl_wallet')
 4 [internal function]: spl_autoload_call('App\\Models\\V1\\Admin\\Mdl_wallet')
 5 SYSTEMPATH/Config/Factories.php(157): class_exists('App\\Models\\V1\\Admin\\Mdl_wallet')
 6 SYSTEMPATH/Config/Factories.php(122): CodeIgniter\Config\Factories::locateClass([...], 'App\\Models\\V1\\Admin\\Mdl_wallet')
 7 SYSTEMPATH/Config/Factories.php(83): CodeIgniter\Config\Factories::__callStatic('models', [...])
 8 SYSTEMPATH/Common.php(817): CodeIgniter\Config\Factories::models('App\\Models\\V1\\Admin\\Mdl_wallet', [...], null)
 9 APPPATH/Controllers/V1/Admin/Wallet.php(14): model('App\\Models\\V1\\Admin\\Mdl_wallet')
10 SYSTEMPATH/CodeIgniter.php(864): App\Controllers\V1\Admin\Wallet->__construct()
11 SYSTEMPATH/CodeIgniter.php(448): CodeIgniter\CodeIgniter->createController()
12 SYSTEMPATH/CodeIgniter.php(340): CodeIgniter\CodeIgniter->handleRequest(null, Object(Config\Cache), false)
13 FCPATH/index.php(67): CodeIgniter\CodeIgniter->run()
CRITICAL - 2023-01-03 08:30:32 --> syntax error, unexpected 'else' (T_ELSE), expecting function (T_FUNCTION) or const (T_CONST)
in APPPATH/Models/V1/Admin/Mdl_wallet.php on line 207.
 1 SYSTEMPATH/Autoloader/Autoloader.php(259): CodeIgniter\Autoloader\Autoloader->includeFile('APPPATH/Models/V1/Admin/Mdl_wallet.php')
 2 SYSTEMPATH/Autoloader/Autoloader.php(237): CodeIgniter\Autoloader\Autoloader->loadInNamespace('App\\Models\\V1\\Admin\\Mdl_wallet')
 3 [internal function]: CodeIgniter\Autoloader\Autoloader->loadClass('App\\Models\\V1\\Admin\\Mdl_wallet')
 4 [internal function]: spl_autoload_call('App\\Models\\V1\\Admin\\Mdl_wallet')
 5 SYSTEMPATH/Config/Factories.php(157): class_exists('App\\Models\\V1\\Admin\\Mdl_wallet')
 6 SYSTEMPATH/Config/Factories.php(122): CodeIgniter\Config\Factories::locateClass([...], 'App\\Models\\V1\\Admin\\Mdl_wallet')
 7 SYSTEMPATH/Config/Factories.php(83): CodeIgniter\Config\Factories::__callStatic('models', [...])
 8 SYSTEMPATH/Common.php(817): CodeIgniter\Config\Factories::models('App\\Models\\V1\\Admin\\Mdl_wallet', [...], null)
 9 APPPATH/Controllers/V1/Admin/Wallet.php(14): model('App\\Models\\V1\\Admin\\Mdl_wallet')
10 SYSTEMPATH/CodeIgniter.php(864): App\Controllers\V1\Admin\Wallet->__construct()
11 SYSTEMPATH/CodeIgniter.php(448): CodeIgniter\CodeIgniter->createController()
12 SYSTEMPATH/CodeIgniter.php(340): CodeIgniter\CodeIgniter->handleRequest(null, Object(Config\Cache), false)
13 FCPATH/index.php(67): CodeIgniter\CodeIgniter->run()
CRITICAL - 2023-01-03 08:30:32 --> syntax error, unexpected 'else' (T_ELSE), expecting function (T_FUNCTION) or const (T_CONST)
in APPPATH/Models/V1/Admin/Mdl_wallet.php on line 207.
 1 SYSTEMPATH/Autoloader/Autoloader.php(259): CodeIgniter\Autoloader\Autoloader->includeFile('APPPATH/Models/V1/Admin/Mdl_wallet.php')
 2 SYSTEMPATH/Autoloader/Autoloader.php(237): CodeIgniter\Autoloader\Autoloader->loadInNamespace('App\\Models\\V1\\Admin\\Mdl_wallet')
 3 [internal function]: CodeIgniter\Autoloader\Autoloader->loadClass('App\\Models\\V1\\Admin\\Mdl_wallet')
 4 [internal function]: spl_autoload_call('App\\Models\\V1\\Admin\\Mdl_wallet')
 5 SYSTEMPATH/Config/Factories.php(157): class_exists('App\\Models\\V1\\Admin\\Mdl_wallet')
 6 SYSTEMPATH/Config/Factories.php(122): CodeIgniter\Config\Factories::locateClass([...], 'App\\Models\\V1\\Admin\\Mdl_wallet')
 7 SYSTEMPATH/Config/Factories.php(83): CodeIgniter\Config\Factories::__callStatic('models', [...])
 8 SYSTEMPATH/Common.php(817): CodeIgniter\Config\Factories::models('App\\Models\\V1\\Admin\\Mdl_wallet', [...], null)
 9 APPPATH/Controllers/V1/Admin/Wallet.php(14): model('App\\Models\\V1\\Admin\\Mdl_wallet')
10 SYSTEMPATH/CodeIgniter.php(864): App\Controllers\V1\Admin\Wallet->__construct()
11 SYSTEMPATH/CodeIgniter.php(448): CodeIgniter\CodeIgniter->createController()
12 SYSTEMPATH/CodeIgniter.php(340): CodeIgniter\CodeIgniter->handleRequest(null, Object(Config\Cache), false)
13 FCPATH/index.php(67): CodeIgniter\CodeIgniter->run()
CRITICAL - 2023-01-03 08:30:33 --> syntax error, unexpected 'else' (T_ELSE), expecting function (T_FUNCTION) or const (T_CONST)
in APPPATH/Models/V1/Admin/Mdl_wallet.php on line 207.
 1 SYSTEMPATH/Autoloader/Autoloader.php(259): CodeIgniter\Autoloader\Autoloader->includeFile('APPPATH/Models/V1/Admin/Mdl_wallet.php')
 2 SYSTEMPATH/Autoloader/Autoloader.php(237): CodeIgniter\Autoloader\Autoloader->loadInNamespace('App\\Models\\V1\\Admin\\Mdl_wallet')
 3 [internal function]: CodeIgniter\Autoloader\Autoloader->loadClass('App\\Models\\V1\\Admin\\Mdl_wallet')
 4 [internal function]: spl_autoload_call('App\\Models\\V1\\Admin\\Mdl_wallet')
 5 SYSTEMPATH/Config/Factories.php(157): class_exists('App\\Models\\V1\\Admin\\Mdl_wallet')
 6 SYSTEMPATH/Config/Factories.php(122): CodeIgniter\Config\Factories::locateClass([...], 'App\\Models\\V1\\Admin\\Mdl_wallet')
 7 SYSTEMPATH/Config/Factories.php(83): CodeIgniter\Config\Factories::__callStatic('models', [...])
 8 SYSTEMPATH/Common.php(817): CodeIgniter\Config\Factories::models('App\\Models\\V1\\Admin\\Mdl_wallet', [...], null)
 9 APPPATH/Controllers/V1/Admin/Wallet.php(14): model('App\\Models\\V1\\Admin\\Mdl_wallet')
10 SYSTEMPATH/CodeIgniter.php(864): App\Controllers\V1\Admin\Wallet->__construct()
11 SYSTEMPATH/CodeIgniter.php(448): CodeIgniter\CodeIgniter->createController()
12 SYSTEMPATH/CodeIgniter.php(340): CodeIgniter\CodeIgniter->handleRequest(null, Object(Config\Cache), false)
13 FCPATH/index.php(67): CodeIgniter\CodeIgniter->run()
CRITICAL - 2023-01-03 08:30:33 --> syntax error, unexpected 'else' (T_ELSE), expecting function (T_FUNCTION) or const (T_CONST)
in APPPATH/Models/V1/Admin/Mdl_wallet.php on line 207.
 1 SYSTEMPATH/Autoloader/Autoloader.php(259): CodeIgniter\Autoloader\Autoloader->includeFile('APPPATH/Models/V1/Admin/Mdl_wallet.php')
 2 SYSTEMPATH/Autoloader/Autoloader.php(237): CodeIgniter\Autoloader\Autoloader->loadInNamespace('App\\Models\\V1\\Admin\\Mdl_wallet')
 3 [internal function]: CodeIgniter\Autoloader\Autoloader->loadClass('App\\Models\\V1\\Admin\\Mdl_wallet')
 4 [internal function]: spl_autoload_call('App\\Models\\V1\\Admin\\Mdl_wallet')
 5 SYSTEMPATH/Config/Factories.php(157): class_exists('App\\Models\\V1\\Admin\\Mdl_wallet')
 6 SYSTEMPATH/Config/Factories.php(122): CodeIgniter\Config\Factories::locateClass([...], 'App\\Models\\V1\\Admin\\Mdl_wallet')
 7 SYSTEMPATH/Config/Factories.php(83): CodeIgniter\Config\Factories::__callStatic('models', [...])
 8 SYSTEMPATH/Common.php(817): CodeIgniter\Config\Factories::models('App\\Models\\V1\\Admin\\Mdl_wallet', [...], null)
 9 APPPATH/Controllers/V1/Admin/Wallet.php(14): model('App\\Models\\V1\\Admin\\Mdl_wallet')
10 SYSTEMPATH/CodeIgniter.php(864): App\Controllers\V1\Admin\Wallet->__construct()
11 SYSTEMPATH/CodeIgniter.php(448): CodeIgniter\CodeIgniter->createController()
12 SYSTEMPATH/CodeIgniter.php(340): CodeIgniter\CodeIgniter->handleRequest(null, Object(Config\Cache), false)
13 FCPATH/index.php(67): CodeIgniter\CodeIgniter->run()
CRITICAL - 2023-01-03 08:32:18 --> syntax error, unexpected 'else' (T_ELSE), expecting function (T_FUNCTION) or const (T_CONST)
in APPPATH/Models/V1/Admin/Mdl_wallet.php on line 196.
 1 SYSTEMPATH/Autoloader/Autoloader.php(259): CodeIgniter\Autoloader\Autoloader->includeFile('APPPATH/Models/V1/Admin/Mdl_wallet.php')
 2 SYSTEMPATH/Autoloader/Autoloader.php(237): CodeIgniter\Autoloader\Autoloader->loadInNamespace('App\\Models\\V1\\Admin\\Mdl_wallet')
 3 [internal function]: CodeIgniter\Autoloader\Autoloader->loadClass('App\\Models\\V1\\Admin\\Mdl_wallet')
 4 [internal function]: spl_autoload_call('App\\Models\\V1\\Admin\\Mdl_wallet')
 5 SYSTEMPATH/Config/Factories.php(157): class_exists('App\\Models\\V1\\Admin\\Mdl_wallet')
 6 SYSTEMPATH/Config/Factories.php(122): CodeIgniter\Config\Factories::locateClass([...], 'App\\Models\\V1\\Admin\\Mdl_wallet')
 7 SYSTEMPATH/Config/Factories.php(83): CodeIgniter\Config\Factories::__callStatic('models', [...])
 8 SYSTEMPATH/Common.php(817): CodeIgniter\Config\Factories::models('App\\Models\\V1\\Admin\\Mdl_wallet', [...], null)
 9 APPPATH/Controllers/V1/Admin/Wallet.php(14): model('App\\Models\\V1\\Admin\\Mdl_wallet')
10 SYSTEMPATH/CodeIgniter.php(864): App\Controllers\V1\Admin\Wallet->__construct()
11 SYSTEMPATH/CodeIgniter.php(448): CodeIgniter\CodeIgniter->createController()
12 SYSTEMPATH/CodeIgniter.php(340): CodeIgniter\CodeIgniter->handleRequest(null, Object(Config\Cache), false)
13 FCPATH/index.php(67): CodeIgniter\CodeIgniter->run()
CRITICAL - 2023-01-03 08:32:19 --> syntax error, unexpected 'else' (T_ELSE), expecting function (T_FUNCTION) or const (T_CONST)
in APPPATH/Models/V1/Admin/Mdl_wallet.php on line 196.
 1 SYSTEMPATH/Autoloader/Autoloader.php(259): CodeIgniter\Autoloader\Autoloader->includeFile('APPPATH/Models/V1/Admin/Mdl_wallet.php')
 2 SYSTEMPATH/Autoloader/Autoloader.php(237): CodeIgniter\Autoloader\Autoloader->loadInNamespace('App\\Models\\V1\\Admin\\Mdl_wallet')
 3 [internal function]: CodeIgniter\Autoloader\Autoloader->loadClass('App\\Models\\V1\\Admin\\Mdl_wallet')
 4 [internal function]: spl_autoload_call('App\\Models\\V1\\Admin\\Mdl_wallet')
 5 SYSTEMPATH/Config/Factories.php(157): class_exists('App\\Models\\V1\\Admin\\Mdl_wallet')
 6 SYSTEMPATH/Config/Factories.php(122): CodeIgniter\Config\Factories::locateClass([...], 'App\\Models\\V1\\Admin\\Mdl_wallet')
 7 SYSTEMPATH/Config/Factories.php(83): CodeIgniter\Config\Factories::__callStatic('models', [...])
 8 SYSTEMPATH/Common.php(817): CodeIgniter\Config\Factories::models('App\\Models\\V1\\Admin\\Mdl_wallet', [...], null)
 9 APPPATH/Controllers/V1/Admin/Wallet.php(14): model('App\\Models\\V1\\Admin\\Mdl_wallet')
10 SYSTEMPATH/CodeIgniter.php(864): App\Controllers\V1\Admin\Wallet->__construct()
11 SYSTEMPATH/CodeIgniter.php(448): CodeIgniter\CodeIgniter->createController()
12 SYSTEMPATH/CodeIgniter.php(340): CodeIgniter\CodeIgniter->handleRequest(null, Object(Config\Cache), false)
13 FCPATH/index.php(67): CodeIgniter\CodeIgniter->run()
CRITICAL - 2023-01-03 08:32:19 --> syntax error, unexpected 'else' (T_ELSE), expecting function (T_FUNCTION) or const (T_CONST)
in APPPATH/Models/V1/Admin/Mdl_wallet.php on line 196.
 1 SYSTEMPATH/Autoloader/Autoloader.php(259): CodeIgniter\Autoloader\Autoloader->includeFile('APPPATH/Models/V1/Admin/Mdl_wallet.php')
 2 SYSTEMPATH/Autoloader/Autoloader.php(237): CodeIgniter\Autoloader\Autoloader->loadInNamespace('App\\Models\\V1\\Admin\\Mdl_wallet')
 3 [internal function]: CodeIgniter\Autoloader\Autoloader->loadClass('App\\Models\\V1\\Admin\\Mdl_wallet')
 4 [internal function]: spl_autoload_call('App\\Models\\V1\\Admin\\Mdl_wallet')
 5 SYSTEMPATH/Config/Factories.php(157): class_exists('App\\Models\\V1\\Admin\\Mdl_wallet')
 6 SYSTEMPATH/Config/Factories.php(122): CodeIgniter\Config\Factories::locateClass([...], 'App\\Models\\V1\\Admin\\Mdl_wallet')
 7 SYSTEMPATH/Config/Factories.php(83): CodeIgniter\Config\Factories::__callStatic('models', [...])
 8 SYSTEMPATH/Common.php(817): CodeIgniter\Config\Factories::models('App\\Models\\V1\\Admin\\Mdl_wallet', [...], null)
 9 APPPATH/Controllers/V1/Admin/Wallet.php(14): model('App\\Models\\V1\\Admin\\Mdl_wallet')
10 SYSTEMPATH/CodeIgniter.php(864): App\Controllers\V1\Admin\Wallet->__construct()
11 SYSTEMPATH/CodeIgniter.php(448): CodeIgniter\CodeIgniter->createController()
12 SYSTEMPATH/CodeIgniter.php(340): CodeIgniter\CodeIgniter->handleRequest(null, Object(Config\Cache), false)
13 FCPATH/index.php(67): CodeIgniter\CodeIgniter->run()
CRITICAL - 2023-01-03 08:32:19 --> syntax error, unexpected 'else' (T_ELSE), expecting function (T_FUNCTION) or const (T_CONST)
in APPPATH/Models/V1/Admin/Mdl_wallet.php on line 196.
 1 SYSTEMPATH/Autoloader/Autoloader.php(259): CodeIgniter\Autoloader\Autoloader->includeFile('APPPATH/Models/V1/Admin/Mdl_wallet.php')
 2 SYSTEMPATH/Autoloader/Autoloader.php(237): CodeIgniter\Autoloader\Autoloader->loadInNamespace('App\\Models\\V1\\Admin\\Mdl_wallet')
 3 [internal function]: CodeIgniter\Autoloader\Autoloader->loadClass('App\\Models\\V1\\Admin\\Mdl_wallet')
 4 [internal function]: spl_autoload_call('App\\Models\\V1\\Admin\\Mdl_wallet')
 5 SYSTEMPATH/Config/Factories.php(157): class_exists('App\\Models\\V1\\Admin\\Mdl_wallet')
 6 SYSTEMPATH/Config/Factories.php(122): CodeIgniter\Config\Factories::locateClass([...], 'App\\Models\\V1\\Admin\\Mdl_wallet')
 7 SYSTEMPATH/Config/Factories.php(83): CodeIgniter\Config\Factories::__callStatic('models', [...])
 8 SYSTEMPATH/Common.php(817): CodeIgniter\Config\Factories::models('App\\Models\\V1\\Admin\\Mdl_wallet', [...], null)
 9 APPPATH/Controllers/V1/Admin/Wallet.php(14): model('App\\Models\\V1\\Admin\\Mdl_wallet')
10 SYSTEMPATH/CodeIgniter.php(864): App\Controllers\V1\Admin\Wallet->__construct()
11 SYSTEMPATH/CodeIgniter.php(448): CodeIgniter\CodeIgniter->createController()
12 SYSTEMPATH/CodeIgniter.php(340): CodeIgniter\CodeIgniter->handleRequest(null, Object(Config\Cache), false)
13 FCPATH/index.php(67): CodeIgniter\CodeIgniter->run()
CRITICAL - 2023-01-03 08:32:21 --> syntax error, unexpected 'else' (T_ELSE), expecting function (T_FUNCTION) or const (T_CONST)
in APPPATH/Models/V1/Admin/Mdl_wallet.php on line 196.
 1 SYSTEMPATH/Autoloader/Autoloader.php(259): CodeIgniter\Autoloader\Autoloader->includeFile('APPPATH/Models/V1/Admin/Mdl_wallet.php')
 2 SYSTEMPATH/Autoloader/Autoloader.php(237): CodeIgniter\Autoloader\Autoloader->loadInNamespace('App\\Models\\V1\\Admin\\Mdl_wallet')
 3 [internal function]: CodeIgniter\Autoloader\Autoloader->loadClass('App\\Models\\V1\\Admin\\Mdl_wallet')
 4 [internal function]: spl_autoload_call('App\\Models\\V1\\Admin\\Mdl_wallet')
 5 SYSTEMPATH/Config/Factories.php(157): class_exists('App\\Models\\V1\\Admin\\Mdl_wallet')
 6 SYSTEMPATH/Config/Factories.php(122): CodeIgniter\Config\Factories::locateClass([...], 'App\\Models\\V1\\Admin\\Mdl_wallet')
 7 SYSTEMPATH/Config/Factories.php(83): CodeIgniter\Config\Factories::__callStatic('models', [...])
 8 SYSTEMPATH/Common.php(817): CodeIgniter\Config\Factories::models('App\\Models\\V1\\Admin\\Mdl_wallet', [...], null)
 9 APPPATH/Controllers/V1/Admin/Wallet.php(14): model('App\\Models\\V1\\Admin\\Mdl_wallet')
10 SYSTEMPATH/CodeIgniter.php(864): App\Controllers\V1\Admin\Wallet->__construct()
11 SYSTEMPATH/CodeIgniter.php(448): CodeIgniter\CodeIgniter->createController()
12 SYSTEMPATH/CodeIgniter.php(340): CodeIgniter\CodeIgniter->handleRequest(null, Object(Config\Cache), false)
13 FCPATH/index.php(67): CodeIgniter\CodeIgniter->run()
ERROR - 2023-01-03 11:33:04 --> mysqli_sql_exception: Duplicate entry 'Alessandroporronchi@libero.it-2' for key 'tbl_member.email' in /home/piggybankservice/api/api.tracklessbank.com/system/Database/MySQLi/Connection.php:292
Stack trace:
#0 /home/piggybankservice/api/api.tracklessbank.com/system/Database/MySQLi/Connection.php(292): mysqli->query('INSERT INTO `tb...', 0)
#1 /home/piggybankservice/api/api.tracklessbank.com/system/Database/BaseConnection.php(693): CodeIgniter\Database\MySQLi\Connection->execute('INSERT INTO `tb...')
#2 /home/piggybankservice/api/api.tracklessbank.com/system/Database/BaseConnection.php(620): CodeIgniter\Database\BaseConnection->simpleQuery('INSERT INTO `tb...')
#3 /home/piggybankservice/api/api.tracklessbank.com/system/Database/BaseBuilder.php(1916): CodeIgniter\Database\BaseConnection->query('INSERT INTO `tb...', Array, false)
#4 /home/piggybankservice/api/api.tracklessbank.com/app/Models/V1/Mdl_member.php(190): CodeIgniter\Database\BaseBuilder->insert(Array)
#5 /home/piggybankservice/api/api.tracklessbank.com/app/Controllers/V1/Auth.php(82): App\Models\Mdl_member->add(Array)
#6 /home/piggybankservice/api/api.tracklessbank.com/system/CodeIgniter.php(902): App\Controllers\V1\Auth->register()
#7 /home/piggybankservice/api/api.tracklessbank.com/system/CodeIgniter.php(457): CodeIgniter\CodeIgniter->runController(Object(App\Controllers\V1\Auth))
#8 /home/piggybankservice/api/api.tracklessbank.com/system/CodeIgniter.php(340): CodeIgniter\CodeIgniter->handleRequest(NULL, Object(Config\Cache), false)
#9 /home/piggybankservice/api/api.tracklessbank.com/public/index.php(67): CodeIgniter\CodeIgniter->run()
#10 {main}
ERROR - 2023-01-03 19:01:52 --> mysqli_sql_exception: You have an error in your SQL syntax; check the manual that corresponds to your MySQL server version for the right syntax to use near 'as referral,convert_tz(a.date_created, 'Asia/Singapore', 'Asia/Makassar') AS dat' at line 1 in /home/piggybankservice/api/api.tracklessbank.com/system/Database/MySQLi/Connection.php:292
Stack trace:
#0 /home/piggybankservice/api/api.tracklessbank.com/system/Database/MySQLi/Connection.php(292): mysqli->query('SELECT amount, ...', 0)
#1 /home/piggybankservice/api/api.tracklessbank.com/system/Database/BaseConnection.php(693): CodeIgniter\Database\MySQLi\Connection->execute('SELECT amount, ...')
#2 /home/piggybankservice/api/api.tracklessbank.com/system/Database/BaseConnection.php(620): CodeIgniter\Database\BaseConnection->simpleQuery('SELECT amount, ...')
#3 /home/piggybankservice/api/api.tracklessbank.com/app/Models/V1/Admin/Mdl_wallet.php(164): CodeIgniter\Database\BaseConnection->query('SELECT amount, ...', Array)
#4 /home/piggybankservice/api/api.tracklessbank.com/app/Controllers/V1/Admin/Wallet.php(282): App\Models\Mdl_wallet->history_tobank('USD', '2023-01-04', '2023-01-04', 'Asia/Makassar', '2')
#5 /home/piggybankservice/api/api.tracklessbank.com/system/CodeIgniter.php(902): App\Controllers\V1\Admin\Wallet->gethistory_tobank()
#6 /home/piggybankservice/api/api.tracklessbank.com/system/CodeIgniter.php(457): CodeIgniter\CodeIgniter->runController(Object(App\Controllers\V1\Admin\Wallet))
#7 /home/piggybankservice/api/api.tracklessbank.com/system/CodeIgniter.php(340): CodeIgniter\CodeIgniter->handleRequest(NULL, Object(Config\Cache), false)
#8 /home/piggybankservice/api/api.tracklessbank.com/public/index.php(67): CodeIgniter\CodeIgniter->run()
#9 {main}
ERROR - 2023-01-03 19:02:32 --> mysqli_sql_exception: You have an error in your SQL syntax; check the manual that corresponds to your MySQL server version for the right syntax to use near 'as referral,convert_tz(a.date_created, 'Asia/Singapore', 'Asia/Makassar') AS dat' at line 1 in /home/piggybankservice/api/api.tracklessbank.com/system/Database/MySQLi/Connection.php:292
Stack trace:
#0 /home/piggybankservice/api/api.tracklessbank.com/system/Database/MySQLi/Connection.php(292): mysqli->query('SELECT amount, ...', 0)
#1 /home/piggybankservice/api/api.tracklessbank.com/system/Database/BaseConnection.php(693): CodeIgniter\Database\MySQLi\Connection->execute('SELECT amount, ...')
#2 /home/piggybankservice/api/api.tracklessbank.com/system/Database/BaseConnection.php(620): CodeIgniter\Database\BaseConnection->simpleQuery('SELECT amount, ...')
#3 /home/piggybankservice/api/api.tracklessbank.com/app/Models/V1/Admin/Mdl_wallet.php(164): CodeIgniter\Database\BaseConnection->query('SELECT amount, ...', Array)
#4 /home/piggybankservice/api/api.tracklessbank.com/app/Controllers/V1/Admin/Wallet.php(282): App\Models\Mdl_wallet->history_tobank('USD', '2023-01-04', '2023-01-04', 'Asia/Makassar', '2')
#5 /home/piggybankservice/api/api.tracklessbank.com/system/CodeIgniter.php(902): App\Controllers\V1\Admin\Wallet->gethistory_tobank()
#6 /home/piggybankservice/api/api.tracklessbank.com/system/CodeIgniter.php(457): CodeIgniter\CodeIgniter->runController(Object(App\Controllers\V1\Admin\Wallet))
#7 /home/piggybankservice/api/api.tracklessbank.com/system/CodeIgniter.php(340): CodeIgniter\CodeIgniter->handleRequest(NULL, Object(Config\Cache), false)
#8 /home/piggybankservice/api/api.tracklessbank.com/public/index.php(67): CodeIgniter\CodeIgniter->run()
#9 {main}
ERROR - 2023-01-03 19:02:52 --> mysqli_sql_exception: You have an error in your SQL syntax; check the manual that corresponds to your MySQL server version for the right syntax to use near 'as referral,convert_tz(a.date_created, 'Asia/Singapore', 'Asia/Makassar') AS dat' at line 1 in /home/piggybankservice/api/api.tracklessbank.com/system/Database/MySQLi/Connection.php:292
Stack trace:
#0 /home/piggybankservice/api/api.tracklessbank.com/system/Database/MySQLi/Connection.php(292): mysqli->query('SELECT amount, ...', 0)
#1 /home/piggybankservice/api/api.tracklessbank.com/system/Database/BaseConnection.php(693): CodeIgniter\Database\MySQLi\Connection->execute('SELECT amount, ...')
#2 /home/piggybankservice/api/api.tracklessbank.com/system/Database/BaseConnection.php(620): CodeIgniter\Database\BaseConnection->simpleQuery('SELECT amount, ...')
#3 /home/piggybankservice/api/api.tracklessbank.com/app/Models/V1/Admin/Mdl_wallet.php(164): CodeIgniter\Database\BaseConnection->query('SELECT amount, ...', Array)
#4 /home/piggybankservice/api/api.tracklessbank.com/app/Controllers/V1/Admin/Wallet.php(282): App\Models\Mdl_wallet->history_tobank('USD', '2022-11-01', '2023-01-04', 'Asia/Makassar', '2')
#5 /home/piggybankservice/api/api.tracklessbank.com/system/CodeIgniter.php(902): App\Controllers\V1\Admin\Wallet->gethistory_tobank()
#6 /home/piggybankservice/api/api.tracklessbank.com/system/CodeIgniter.php(457): CodeIgniter\CodeIgniter->runController(Object(App\Controllers\V1\Admin\Wallet))
#7 /home/piggybankservice/api/api.tracklessbank.com/system/CodeIgniter.php(340): CodeIgniter\CodeIgniter->handleRequest(NULL, Object(Config\Cache), false)
#8 /home/piggybankservice/api/api.tracklessbank.com/public/index.php(67): CodeIgniter\CodeIgniter->run()
#9 {main}
