ERROR - 2022-11-28 00:33:40 --> mysqli_sql_exception: Unknown column 'a.topup' in 'field list' in /home/piggybankservice/api/api.tracklessbank.com/system/Database/MySQLi/Connection.php:292
Stack trace:
#0 /home/piggybankservice/api/api.tracklessbank.com/system/Database/MySQLi/Connection.php(292): mysqli->query('SELECT a.curren...', 0)
#1 /home/piggybankservice/api/api.tracklessbank.com/system/Database/BaseConnection.php(693): CodeIgniter\Database\MySQLi\Connection->execute('SELECT a.curren...')
#2 /home/piggybankservice/api/api.tracklessbank.com/system/Database/BaseConnection.php(620): CodeIgniter\Database\BaseConnection->simpleQuery('SELECT a.curren...')
#3 /home/piggybankservice/api/api.tracklessbank.com/app/Models/V1/Admin/Mdl_cost.php(20): CodeIgniter\Database\BaseConnection->query('SELECT a.curren...', Array)
#4 /home/piggybankservice/api/api.tracklessbank.com/app/Controllers/V1/Admin/Cost.php(19): App\Models\Mdl_cost->get_single('AUD')
#5 /home/piggybankservice/api/api.tracklessbank.com/system/CodeIgniter.php(902): App\Controllers\V1\Admin\Cost->getCost()
#6 /home/piggybankservice/api/api.tracklessbank.com/system/CodeIgniter.php(457): CodeIgniter\CodeIgniter->runController(Object(App\Controllers\V1\Admin\Cost))
#7 /home/piggybankservice/api/api.tracklessbank.com/system/CodeIgniter.php(340): CodeIgniter\CodeIgniter->handleRequest(NULL, Object(Config\Cache), false)
#8 /home/piggybankservice/api/api.tracklessbank.com/public/index.php(67): CodeIgniter\CodeIgniter->run()
#9 {main}
CRITICAL - 2022-11-28 00:33:40 --> Call to a member function getRow() on bool
in APPPATH/Models/V1/Admin/Mdl_cost.php on line 20.
 1 APPPATH/Controllers/V1/Admin/Cost.php(19): App\Models\Mdl_cost->get_single('AUD')
 2 SYSTEMPATH/CodeIgniter.php(902): App\Controllers\V1\Admin\Cost->getCost()
 3 SYSTEMPATH/CodeIgniter.php(457): CodeIgniter\CodeIgniter->runController(Object(App\Controllers\V1\Admin\Cost))
 4 SYSTEMPATH/CodeIgniter.php(340): CodeIgniter\CodeIgniter->handleRequest(null, Object(Config\Cache), false)
 5 FCPATH/index.php(67): CodeIgniter\CodeIgniter->run()
ERROR - 2022-11-28 02:48:03 --> mysqli_sql_exception: Unknown column 'a.topup' in 'field list' in /home/piggybankservice/api/api.tracklessbank.com/system/Database/MySQLi/Connection.php:292
Stack trace:
#0 /home/piggybankservice/api/api.tracklessbank.com/system/Database/MySQLi/Connection.php(292): mysqli->query('SELECT a.curren...', 0)
#1 /home/piggybankservice/api/api.tracklessbank.com/system/Database/BaseConnection.php(693): CodeIgniter\Database\MySQLi\Connection->execute('SELECT a.curren...')
#2 /home/piggybankservice/api/api.tracklessbank.com/system/Database/BaseConnection.php(620): CodeIgniter\Database\BaseConnection->simpleQuery('SELECT a.curren...')
#3 /home/piggybankservice/api/api.tracklessbank.com/app/Models/V1/Admin/Mdl_cost.php(20): CodeIgniter\Database\BaseConnection->query('SELECT a.curren...', Array)
#4 /home/piggybankservice/api/api.tracklessbank.com/app/Controllers/V1/Admin/Cost.php(19): App\Models\Mdl_cost->get_single('BDT')
#5 /home/piggybankservice/api/api.tracklessbank.com/system/CodeIgniter.php(902): App\Controllers\V1\Admin\Cost->getCost()
#6 /home/piggybankservice/api/api.tracklessbank.com/system/CodeIgniter.php(457): CodeIgniter\CodeIgniter->runController(Object(App\Controllers\V1\Admin\Cost))
#7 /home/piggybankservice/api/api.tracklessbank.com/system/CodeIgniter.php(340): CodeIgniter\CodeIgniter->handleRequest(NULL, Object(Config\Cache), false)
#8 /home/piggybankservice/api/api.tracklessbank.com/public/index.php(67): CodeIgniter\CodeIgniter->run()
#9 {main}
CRITICAL - 2022-11-28 02:48:03 --> Call to a member function getRow() on bool
in APPPATH/Models/V1/Admin/Mdl_cost.php on line 20.
 1 APPPATH/Controllers/V1/Admin/Cost.php(19): App\Models\Mdl_cost->get_single('BDT')
 2 SYSTEMPATH/CodeIgniter.php(902): App\Controllers\V1\Admin\Cost->getCost()
 3 SYSTEMPATH/CodeIgniter.php(457): CodeIgniter\CodeIgniter->runController(Object(App\Controllers\V1\Admin\Cost))
 4 SYSTEMPATH/CodeIgniter.php(340): CodeIgniter\CodeIgniter->handleRequest(null, Object(Config\Cache), false)
 5 FCPATH/index.php(67): CodeIgniter\CodeIgniter->run()
ERROR - 2022-11-28 04:58:55 --> mysqli_sql_exception: Unknown column 'a.topup' in 'field list' in /home/piggybankservice/api/api.tracklessbank.com/system/Database/MySQLi/Connection.php:292
Stack trace:
#0 /home/piggybankservice/api/api.tracklessbank.com/system/Database/MySQLi/Connection.php(292): mysqli->query('SELECT a.curren...', 0)
#1 /home/piggybankservice/api/api.tracklessbank.com/system/Database/BaseConnection.php(693): CodeIgniter\Database\MySQLi\Connection->execute('SELECT a.curren...')
#2 /home/piggybankservice/api/api.tracklessbank.com/system/Database/BaseConnection.php(620): CodeIgniter\Database\BaseConnection->simpleQuery('SELECT a.curren...')
#3 /home/piggybankservice/api/api.tracklessbank.com/app/Models/V1/Admin/Mdl_cost.php(20): CodeIgniter\Database\BaseConnection->query('SELECT a.curren...', Array)
#4 /home/piggybankservice/api/api.tracklessbank.com/app/Controllers/V1/Admin/Cost.php(19): App\Models\Mdl_cost->get_single('CAD')
#5 /home/piggybankservice/api/api.tracklessbank.com/system/CodeIgniter.php(902): App\Controllers\V1\Admin\Cost->getCost()
#6 /home/piggybankservice/api/api.tracklessbank.com/system/CodeIgniter.php(457): CodeIgniter\CodeIgniter->runController(Object(App\Controllers\V1\Admin\Cost))
#7 /home/piggybankservice/api/api.tracklessbank.com/system/CodeIgniter.php(340): CodeIgniter\CodeIgniter->handleRequest(NULL, Object(Config\Cache), false)
#8 /home/piggybankservice/api/api.tracklessbank.com/public/index.php(67): CodeIgniter\CodeIgniter->run()
#9 {main}
CRITICAL - 2022-11-28 04:58:55 --> Call to a member function getRow() on bool
in APPPATH/Models/V1/Admin/Mdl_cost.php on line 20.
 1 APPPATH/Controllers/V1/Admin/Cost.php(19): App\Models\Mdl_cost->get_single('CAD')
 2 SYSTEMPATH/CodeIgniter.php(902): App\Controllers\V1\Admin\Cost->getCost()
 3 SYSTEMPATH/CodeIgniter.php(457): CodeIgniter\CodeIgniter->runController(Object(App\Controllers\V1\Admin\Cost))
 4 SYSTEMPATH/CodeIgniter.php(340): CodeIgniter\CodeIgniter->handleRequest(null, Object(Config\Cache), false)
 5 FCPATH/index.php(67): CodeIgniter\CodeIgniter->run()
ERROR - 2022-11-28 07:02:27 --> mysqli_sql_exception: Unknown column 'a.topup' in 'field list' in /home/piggybankservice/api/api.tracklessbank.com/system/Database/MySQLi/Connection.php:292
Stack trace:
#0 /home/piggybankservice/api/api.tracklessbank.com/system/Database/MySQLi/Connection.php(292): mysqli->query('SELECT a.curren...', 0)
#1 /home/piggybankservice/api/api.tracklessbank.com/system/Database/BaseConnection.php(693): CodeIgniter\Database\MySQLi\Connection->execute('SELECT a.curren...')
#2 /home/piggybankservice/api/api.tracklessbank.com/system/Database/BaseConnection.php(620): CodeIgniter\Database\BaseConnection->simpleQuery('SELECT a.curren...')
#3 /home/piggybankservice/api/api.tracklessbank.com/app/Models/V1/Admin/Mdl_cost.php(20): CodeIgniter\Database\BaseConnection->query('SELECT a.curren...', Array)
#4 /home/piggybankservice/api/api.tracklessbank.com/app/Controllers/V1/Admin/Cost.php(19): App\Models\Mdl_cost->get_single('CNY')
#5 /home/piggybankservice/api/api.tracklessbank.com/system/CodeIgniter.php(902): App\Controllers\V1\Admin\Cost->getCost()
#6 /home/piggybankservice/api/api.tracklessbank.com/system/CodeIgniter.php(457): CodeIgniter\CodeIgniter->runController(Object(App\Controllers\V1\Admin\Cost))
#7 /home/piggybankservice/api/api.tracklessbank.com/system/CodeIgniter.php(340): CodeIgniter\CodeIgniter->handleRequest(NULL, Object(Config\Cache), false)
#8 /home/piggybankservice/api/api.tracklessbank.com/public/index.php(67): CodeIgniter\CodeIgniter->run()
#9 {main}
CRITICAL - 2022-11-28 07:02:27 --> Call to a member function getRow() on bool
in APPPATH/Models/V1/Admin/Mdl_cost.php on line 20.
 1 APPPATH/Controllers/V1/Admin/Cost.php(19): App\Models\Mdl_cost->get_single('CNY')
 2 SYSTEMPATH/CodeIgniter.php(902): App\Controllers\V1\Admin\Cost->getCost()
 3 SYSTEMPATH/CodeIgniter.php(457): CodeIgniter\CodeIgniter->runController(Object(App\Controllers\V1\Admin\Cost))
 4 SYSTEMPATH/CodeIgniter.php(340): CodeIgniter\CodeIgniter->handleRequest(null, Object(Config\Cache), false)
 5 FCPATH/index.php(67): CodeIgniter\CodeIgniter->run()
ERROR - 2022-11-28 08:58:12 --> mysqli_sql_exception: Unknown column 'a.topup' in 'field list' in /home/piggybankservice/api/api.tracklessbank.com/system/Database/MySQLi/Connection.php:292
Stack trace:
#0 /home/piggybankservice/api/api.tracklessbank.com/system/Database/MySQLi/Connection.php(292): mysqli->query('SELECT a.curren...', 0)
#1 /home/piggybankservice/api/api.tracklessbank.com/system/Database/BaseConnection.php(693): CodeIgniter\Database\MySQLi\Connection->execute('SELECT a.curren...')
#2 /home/piggybankservice/api/api.tracklessbank.com/system/Database/BaseConnection.php(620): CodeIgniter\Database\BaseConnection->simpleQuery('SELECT a.curren...')
#3 /home/piggybankservice/api/api.tracklessbank.com/app/Models/V1/Admin/Mdl_cost.php(20): CodeIgniter\Database\BaseConnection->query('SELECT a.curren...', Array)
#4 /home/piggybankservice/api/api.tracklessbank.com/app/Controllers/V1/Admin/Cost.php(19): App\Models\Mdl_cost->get_single('CRC')
#5 /home/piggybankservice/api/api.tracklessbank.com/system/CodeIgniter.php(902): App\Controllers\V1\Admin\Cost->getCost()
#6 /home/piggybankservice/api/api.tracklessbank.com/system/CodeIgniter.php(457): CodeIgniter\CodeIgniter->runController(Object(App\Controllers\V1\Admin\Cost))
#7 /home/piggybankservice/api/api.tracklessbank.com/system/CodeIgniter.php(340): CodeIgniter\CodeIgniter->handleRequest(NULL, Object(Config\Cache), false)
#8 /home/piggybankservice/api/api.tracklessbank.com/public/index.php(67): CodeIgniter\CodeIgniter->run()
#9 {main}
CRITICAL - 2022-11-28 08:58:12 --> Call to a member function getRow() on bool
in APPPATH/Models/V1/Admin/Mdl_cost.php on line 20.
 1 APPPATH/Controllers/V1/Admin/Cost.php(19): App\Models\Mdl_cost->get_single('CRC')
 2 SYSTEMPATH/CodeIgniter.php(902): App\Controllers\V1\Admin\Cost->getCost()
 3 SYSTEMPATH/CodeIgniter.php(457): CodeIgniter\CodeIgniter->runController(Object(App\Controllers\V1\Admin\Cost))
 4 SYSTEMPATH/CodeIgniter.php(340): CodeIgniter\CodeIgniter->handleRequest(null, Object(Config\Cache), false)
 5 FCPATH/index.php(67): CodeIgniter\CodeIgniter->run()
ERROR - 2022-11-28 09:16:21 --> mysqli_sql_exception: Unknown column 'topup' in 'field list' in /home/piggybankservice/api/api.tracklessbank.com/system/Database/MySQLi/Connection.php:292
Stack trace:
#0 /home/piggybankservice/api/api.tracklessbank.com/system/Database/MySQLi/Connection.php(292): mysqli->query('SELECT `bank_id...', 0)
#1 /home/piggybankservice/api/api.tracklessbank.com/system/Database/BaseConnection.php(693): CodeIgniter\Database\MySQLi\Connection->execute('SELECT `bank_id...')
#2 /home/piggybankservice/api/api.tracklessbank.com/system/Database/BaseConnection.php(620): CodeIgniter\Database\BaseConnection->simpleQuery('SELECT `bank_id...')
#3 /home/piggybankservice/api/api.tracklessbank.com/app/Models/V1/Admin/Mdl_fee.php(31): CodeIgniter\Database\BaseConnection->query('SELECT `bank_id...', Array)
#4 /home/piggybankservice/api/api.tracklessbank.com/app/Controllers/V1/Admin/Fee.php(20): App\Models\Mdl_fee->get_single('2', 'USD')
#5 /home/piggybankservice/api/api.tracklessbank.com/system/CodeIgniter.php(902): App\Controllers\V1\Admin\Fee->getFee()
#6 /home/piggybankservice/api/api.tracklessbank.com/system/CodeIgniter.php(457): CodeIgniter\CodeIgniter->runController(Object(App\Controllers\V1\Admin\Fee))
#7 /home/piggybankservice/api/api.tracklessbank.com/system/CodeIgniter.php(340): CodeIgniter\CodeIgniter->handleRequest(NULL, Object(Config\Cache), false)
#8 /home/piggybankservice/api/api.tracklessbank.com/public/index.php(67): CodeIgniter\CodeIgniter->run()
#9 {main}
CRITICAL - 2022-11-28 09:16:21 --> Call to a member function getRow() on bool
in APPPATH/Models/V1/Admin/Mdl_fee.php on line 31.
 1 APPPATH/Controllers/V1/Admin/Fee.php(20): App\Models\Mdl_fee->get_single('2', 'USD')
 2 SYSTEMPATH/CodeIgniter.php(902): App\Controllers\V1\Admin\Fee->getFee()
 3 SYSTEMPATH/CodeIgniter.php(457): CodeIgniter\CodeIgniter->runController(Object(App\Controllers\V1\Admin\Fee))
 4 SYSTEMPATH/CodeIgniter.php(340): CodeIgniter\CodeIgniter->handleRequest(null, Object(Config\Cache), false)
 5 FCPATH/index.php(67): CodeIgniter\CodeIgniter->run()
ERROR - 2022-11-28 09:16:31 --> mysqli_sql_exception: Unknown column 'topup' in 'field list' in /home/piggybankservice/api/api.tracklessbank.com/system/Database/MySQLi/Connection.php:292
Stack trace:
#0 /home/piggybankservice/api/api.tracklessbank.com/system/Database/MySQLi/Connection.php(292): mysqli->query('SELECT `bank_id...', 0)
#1 /home/piggybankservice/api/api.tracklessbank.com/system/Database/BaseConnection.php(693): CodeIgniter\Database\MySQLi\Connection->execute('SELECT `bank_id...')
#2 /home/piggybankservice/api/api.tracklessbank.com/system/Database/BaseConnection.php(620): CodeIgniter\Database\BaseConnection->simpleQuery('SELECT `bank_id...')
#3 /home/piggybankservice/api/api.tracklessbank.com/app/Models/V1/Admin/Mdl_fee.php(31): CodeIgniter\Database\BaseConnection->query('SELECT `bank_id...', Array)
#4 /home/piggybankservice/api/api.tracklessbank.com/app/Controllers/V1/Admin/Fee.php(20): App\Models\Mdl_fee->get_single('2', 'USD')
#5 /home/piggybankservice/api/api.tracklessbank.com/system/CodeIgniter.php(902): App\Controllers\V1\Admin\Fee->getFee()
#6 /home/piggybankservice/api/api.tracklessbank.com/system/CodeIgniter.php(457): CodeIgniter\CodeIgniter->runController(Object(App\Controllers\V1\Admin\Fee))
#7 /home/piggybankservice/api/api.tracklessbank.com/system/CodeIgniter.php(340): CodeIgniter\CodeIgniter->handleRequest(NULL, Object(Config\Cache), false)
#8 /home/piggybankservice/api/api.tracklessbank.com/public/index.php(67): CodeIgniter\CodeIgniter->run()
#9 {main}
CRITICAL - 2022-11-28 09:16:31 --> Call to a member function getRow() on bool
in APPPATH/Models/V1/Admin/Mdl_fee.php on line 31.
 1 APPPATH/Controllers/V1/Admin/Fee.php(20): App\Models\Mdl_fee->get_single('2', 'USD')
 2 SYSTEMPATH/CodeIgniter.php(902): App\Controllers\V1\Admin\Fee->getFee()
 3 SYSTEMPATH/CodeIgniter.php(457): CodeIgniter\CodeIgniter->runController(Object(App\Controllers\V1\Admin\Fee))
 4 SYSTEMPATH/CodeIgniter.php(340): CodeIgniter\CodeIgniter->handleRequest(null, Object(Config\Cache), false)
 5 FCPATH/index.php(67): CodeIgniter\CodeIgniter->run()
CRITICAL - 2022-11-28 15:44:55 --> Undefined index: swap
in APPPATH/Controllers/V1/Admin/Fee.php on line 207.
 1 APPPATH/Controllers/V1/Admin/Fee.php(207): CodeIgniter\Debug\Exceptions->errorHandler(8, 'Undefined index: swap', 'APPPATH/Controllers/V1/Admin/Fee.php', 207, [...])
 2 SYSTEMPATH/CodeIgniter.php(902): App\Controllers\V1\Admin\Fee->setfee()
 3 SYSTEMPATH/CodeIgniter.php(457): CodeIgniter\CodeIgniter->runController(Object(App\Controllers\V1\Admin\Fee))
 4 SYSTEMPATH/CodeIgniter.php(340): CodeIgniter\CodeIgniter->handleRequest(null, Object(Config\Cache), false)
 5 FCPATH/index.php(67): CodeIgniter\CodeIgniter->run()
CRITICAL - 2022-11-28 21:08:00 --> Too few arguments to function App\Controllers\V1\Member\Wallet::getFee(), 1 passed in /home/piggybankservice/api/api.tracklessbank.com/app/Controllers/V1/Member/Wallet.php on line 89 and at least 2 expected
in APPPATH/Controllers/V1/Member/Wallet.php on line 309.
 1 APPPATH/Controllers/V1/Member/Wallet.php(89): App\Controllers\V1\Member\Wallet->getFee('USD')
 2 SYSTEMPATH/CodeIgniter.php(902): App\Controllers\V1\Member\Wallet->bankSummary()
 3 SYSTEMPATH/CodeIgniter.php(457): CodeIgniter\CodeIgniter->runController(Object(App\Controllers\V1\Member\Wallet))
 4 SYSTEMPATH/CodeIgniter.php(340): CodeIgniter\CodeIgniter->handleRequest(null, Object(Config\Cache), false)
 5 FCPATH/index.php(67): CodeIgniter\CodeIgniter->run()
CRITICAL - 2022-11-28 21:08:47 --> Too few arguments to function App\Controllers\V1\Member\Wallet::getFee(), 1 passed in /home/piggybankservice/api/api.tracklessbank.com/app/Controllers/V1/Member/Wallet.php on line 424 and at least 2 expected
in APPPATH/Controllers/V1/Member/Wallet.php on line 309.
 1 APPPATH/Controllers/V1/Member/Wallet.php(424): App\Controllers\V1\Member\Wallet->getFee('USD')
 2 SYSTEMPATH/CodeIgniter.php(902): App\Controllers\V1\Member\Wallet->getSummary()
 3 SYSTEMPATH/CodeIgniter.php(457): CodeIgniter\CodeIgniter->runController(Object(App\Controllers\V1\Member\Wallet))
 4 SYSTEMPATH/CodeIgniter.php(340): CodeIgniter\CodeIgniter->handleRequest(null, Object(Config\Cache), false)
 5 FCPATH/index.php(67): CodeIgniter\CodeIgniter->run()
