ERROR - 2023-06-06 03:15:26 --> mysqli_sql_exception: Cannot add or update a child row: a foreign key constraint fails (`piggybankservice_tracklessbank`.`tbl_member_topup`, CONSTRAINT `tbl_member_topup_ibfk_1` FOREIGN KEY (`currency`) REFERENCES `tbl_currency` (`currency`)) in /home/piggybankservice/api/api.tracklessbank.com/system/Database/MySQLi/Connection.php:292
Stack trace:
#0 /home/piggybankservice/api/api.tracklessbank.com/system/Database/MySQLi/Connection.php(292): mysqli->query('INSERT INTO `tb...', 0)
#1 /home/piggybankservice/api/api.tracklessbank.com/system/Database/BaseConnection.php(693): CodeIgniter\Database\MySQLi\Connection->execute('INSERT INTO `tb...')
#2 /home/piggybankservice/api/api.tracklessbank.com/system/Database/BaseConnection.php(620): CodeIgniter\Database\BaseConnection->simpleQuery('INSERT INTO `tb...')
#3 /home/piggybankservice/api/api.tracklessbank.com/system/Database/BaseBuilder.php(1916): CodeIgniter\Database\BaseConnection->query('INSERT INTO `tb...', Array, false)
#4 /home/piggybankservice/api/api.tracklessbank.com/app/Models/V1/Trackless/Mdl_wallet.php(403): CodeIgniter\Database\BaseBuilder->insert(Array)
#5 /home/piggybankservice/api/api.tracklessbank.com/app/Controllers/V1/Trackless/Operations.php(58): App\Models\Trackless\Mdl_wallet->topup(Array, 'RCPT978812')
#6 /home/piggybankservice/api/api.tracklessbank.com/system/CodeIgniter.php(902): App\Controllers\V1\Trackless\Operations->topup()
#7 /home/piggybankservice/api/api.tracklessbank.com/system/CodeIgniter.php(457): CodeIgniter\CodeIgniter->runController(Object(App\Controllers\V1\Trackless\Operations))
#8 /home/piggybankservice/api/api.tracklessbank.com/system/CodeIgniter.php(340): CodeIgniter\CodeIgniter->handleRequest(NULL, Object(Config\Cache), false)
#9 /home/piggybankservice/api/api.tracklessbank.com/public/index.php(67): CodeIgniter\CodeIgniter->run()
#10 {main}
ERROR - 2023-06-06 03:15:26 --> mysqli_sql_exception: Cannot add or update a child row: a foreign key constraint fails (`piggybankservice_tracklessbank`.`tbl_member_topup`, CONSTRAINT `tbl_member_topup_ibfk_1` FOREIGN KEY (`currency`) REFERENCES `tbl_currency` (`currency`)) in /home/piggybankservice/api/api.tracklessbank.com/system/Database/MySQLi/Connection.php:292
Stack trace:
#0 /home/piggybankservice/api/api.tracklessbank.com/system/Database/MySQLi/Connection.php(292): mysqli->query('INSERT INTO `tb...', 0)
#1 /home/piggybankservice/api/api.tracklessbank.com/system/Database/BaseConnection.php(693): CodeIgniter\Database\MySQLi\Connection->execute('INSERT INTO `tb...')
#2 /home/piggybankservice/api/api.tracklessbank.com/system/Database/BaseConnection.php(620): CodeIgniter\Database\BaseConnection->simpleQuery('INSERT INTO `tb...')
#3 /home/piggybankservice/api/api.tracklessbank.com/system/Database/BaseBuilder.php(1916): CodeIgniter\Database\BaseConnection->query('INSERT INTO `tb...', Array, false)
#4 /home/piggybankservice/api/api.tracklessbank.com/app/Models/V1/Trackless/Mdl_wallet.php(403): CodeIgniter\Database\BaseBuilder->insert(Array)
#5 /home/piggybankservice/api/api.tracklessbank.com/app/Controllers/V1/Trackless/Operations.php(58): App\Models\Trackless\Mdl_wallet->topup(Array, 'RCPT981824')
#6 /home/piggybankservice/api/api.tracklessbank.com/system/CodeIgniter.php(902): App\Controllers\V1\Trackless\Operations->topup()
#7 /home/piggybankservice/api/api.tracklessbank.com/system/CodeIgniter.php(457): CodeIgniter\CodeIgniter->runController(Object(App\Controllers\V1\Trackless\Operations))
#8 /home/piggybankservice/api/api.tracklessbank.com/system/CodeIgniter.php(340): CodeIgniter\CodeIgniter->handleRequest(NULL, Object(Config\Cache), false)
#9 /home/piggybankservice/api/api.tracklessbank.com/public/index.php(67): CodeIgniter\CodeIgniter->run()
#10 {main}
ERROR - 2023-06-06 03:17:33 --> mysqli_sql_exception: Cannot add or update a child row: a foreign key constraint fails (`piggybankservice_tracklessbank`.`tbl_member_topup`, CONSTRAINT `tbl_member_topup_ibfk_1` FOREIGN KEY (`currency`) REFERENCES `tbl_currency` (`currency`)) in /home/piggybankservice/api/api.tracklessbank.com/system/Database/MySQLi/Connection.php:292
Stack trace:
#0 /home/piggybankservice/api/api.tracklessbank.com/system/Database/MySQLi/Connection.php(292): mysqli->query('INSERT INTO `tb...', 0)
#1 /home/piggybankservice/api/api.tracklessbank.com/system/Database/BaseConnection.php(693): CodeIgniter\Database\MySQLi\Connection->execute('INSERT INTO `tb...')
#2 /home/piggybankservice/api/api.tracklessbank.com/system/Database/BaseConnection.php(620): CodeIgniter\Database\BaseConnection->simpleQuery('INSERT INTO `tb...')
#3 /home/piggybankservice/api/api.tracklessbank.com/system/Database/BaseBuilder.php(1916): CodeIgniter\Database\BaseConnection->query('INSERT INTO `tb...', Array, false)
#4 /home/piggybankservice/api/api.tracklessbank.com/app/Models/V1/Trackless/Mdl_wallet.php(403): CodeIgniter\Database\BaseBuilder->insert(Array)
#5 /home/piggybankservice/api/api.tracklessbank.com/app/Controllers/V1/Trackless/Operations.php(56): App\Models\Trackless\Mdl_wallet->topup(Array, 'RCPT978812')
#6 /home/piggybankservice/api/api.tracklessbank.com/system/CodeIgniter.php(902): App\Controllers\V1\Trackless\Operations->topup()
#7 /home/piggybankservice/api/api.tracklessbank.com/system/CodeIgniter.php(457): CodeIgniter\CodeIgniter->runController(Object(App\Controllers\V1\Trackless\Operations))
#8 /home/piggybankservice/api/api.tracklessbank.com/system/CodeIgniter.php(340): CodeIgniter\CodeIgniter->handleRequest(NULL, Object(Config\Cache), false)
#9 /home/piggybankservice/api/api.tracklessbank.com/public/index.php(67): CodeIgniter\CodeIgniter->run()
#10 {main}
ERROR - 2023-06-06 03:18:51 --> mysqli_sql_exception: Cannot add or update a child row: a foreign key constraint fails (`piggybankservice_tracklessbank`.`tbl_member_topup`, CONSTRAINT `tbl_member_topup_ibfk_1` FOREIGN KEY (`currency`) REFERENCES `tbl_currency` (`currency`)) in /home/piggybankservice/api/api.tracklessbank.com/system/Database/MySQLi/Connection.php:292
Stack trace:
#0 /home/piggybankservice/api/api.tracklessbank.com/system/Database/MySQLi/Connection.php(292): mysqli->query('INSERT INTO `tb...', 0)
#1 /home/piggybankservice/api/api.tracklessbank.com/system/Database/BaseConnection.php(693): CodeIgniter\Database\MySQLi\Connection->execute('INSERT INTO `tb...')
#2 /home/piggybankservice/api/api.tracklessbank.com/system/Database/BaseConnection.php(620): CodeIgniter\Database\BaseConnection->simpleQuery('INSERT INTO `tb...')
#3 /home/piggybankservice/api/api.tracklessbank.com/system/Database/BaseBuilder.php(1916): CodeIgniter\Database\BaseConnection->query('INSERT INTO `tb...', Array, false)
#4 /home/piggybankservice/api/api.tracklessbank.com/app/Models/V1/Trackless/Mdl_wallet.php(403): CodeIgniter\Database\BaseBuilder->insert(Array)
#5 /home/piggybankservice/api/api.tracklessbank.com/app/Controllers/V1/Trackless/Operations.php(56): App\Models\Trackless\Mdl_wallet->topup(Array, 'RCPT978812')
#6 /home/piggybankservice/api/api.tracklessbank.com/system/CodeIgniter.php(902): App\Controllers\V1\Trackless\Operations->topup()
#7 /home/piggybankservice/api/api.tracklessbank.com/system/CodeIgniter.php(457): CodeIgniter\CodeIgniter->runController(Object(App\Controllers\V1\Trackless\Operations))
#8 /home/piggybankservice/api/api.tracklessbank.com/system/CodeIgniter.php(340): CodeIgniter\CodeIgniter->handleRequest(NULL, Object(Config\Cache), false)
#9 /home/piggybankservice/api/api.tracklessbank.com/public/index.php(67): CodeIgniter\CodeIgniter->run()
#10 {main}
ERROR - 2023-06-06 03:20:07 --> mysqli_sql_exception: Cannot add or update a child row: a foreign key constraint fails (`piggybankservice_tracklessbank`.`tbl_member_topup`, CONSTRAINT `tbl_member_topup_ibfk_2` FOREIGN KEY (`id_member`) REFERENCES `tbl_member` (`id`) ON DELETE RESTRICT ON UPDATE RESTRICT) in /home/piggybankservice/api/api.tracklessbank.com/system/Database/MySQLi/Connection.php:292
Stack trace:
#0 /home/piggybankservice/api/api.tracklessbank.com/system/Database/MySQLi/Connection.php(292): mysqli->query('INSERT INTO `tb...', 0)
#1 /home/piggybankservice/api/api.tracklessbank.com/system/Database/BaseConnection.php(693): CodeIgniter\Database\MySQLi\Connection->execute('INSERT INTO `tb...')
#2 /home/piggybankservice/api/api.tracklessbank.com/system/Database/BaseConnection.php(620): CodeIgniter\Database\BaseConnection->simpleQuery('INSERT INTO `tb...')
#3 /home/piggybankservice/api/api.tracklessbank.com/system/Database/BaseBuilder.php(1916): CodeIgniter\Database\BaseConnection->query('INSERT INTO `tb...', Array, false)
#4 /home/piggybankservice/api/api.tracklessbank.com/app/Models/V1/Trackless/Mdl_wallet.php(403): CodeIgniter\Database\BaseBuilder->insert(Array)
#5 /home/piggybankservice/api/api.tracklessbank.com/app/Controllers/V1/Trackless/Operations.php(57): App\Models\Trackless\Mdl_wallet->topup(Array, 'RCPT978812')
#6 /home/piggybankservice/api/api.tracklessbank.com/system/CodeIgniter.php(902): App\Controllers\V1\Trackless\Operations->topup()
#7 /home/piggybankservice/api/api.tracklessbank.com/system/CodeIgniter.php(457): CodeIgniter\CodeIgniter->runController(Object(App\Controllers\V1\Trackless\Operations))
#8 /home/piggybankservice/api/api.tracklessbank.com/system/CodeIgniter.php(340): CodeIgniter\CodeIgniter->handleRequest(NULL, Object(Config\Cache), false)
#9 /home/piggybankservice/api/api.tracklessbank.com/public/index.php(67): CodeIgniter\CodeIgniter->run()
#10 {main}
ERROR - 2023-06-06 03:20:39 --> mysqli_sql_exception: Cannot add or update a child row: a foreign key constraint fails (`piggybankservice_tracklessbank`.`tbl_member_topup`, CONSTRAINT `tbl_member_topup_ibfk_2` FOREIGN KEY (`id_member`) REFERENCES `tbl_member` (`id`) ON DELETE RESTRICT ON UPDATE RESTRICT) in /home/piggybankservice/api/api.tracklessbank.com/system/Database/MySQLi/Connection.php:292
Stack trace:
#0 /home/piggybankservice/api/api.tracklessbank.com/system/Database/MySQLi/Connection.php(292): mysqli->query('INSERT INTO `tb...', 0)
#1 /home/piggybankservice/api/api.tracklessbank.com/system/Database/BaseConnection.php(693): CodeIgniter\Database\MySQLi\Connection->execute('INSERT INTO `tb...')
#2 /home/piggybankservice/api/api.tracklessbank.com/system/Database/BaseConnection.php(620): CodeIgniter\Database\BaseConnection->simpleQuery('INSERT INTO `tb...')
#3 /home/piggybankservice/api/api.tracklessbank.com/system/Database/BaseBuilder.php(1916): CodeIgniter\Database\BaseConnection->query('INSERT INTO `tb...', Array, false)
#4 /home/piggybankservice/api/api.tracklessbank.com/app/Models/V1/Trackless/Mdl_wallet.php(403): CodeIgniter\Database\BaseBuilder->insert(Array)
#5 /home/piggybankservice/api/api.tracklessbank.com/app/Controllers/V1/Trackless/Operations.php(56): App\Models\Trackless\Mdl_wallet->topup(Array, 'RCPT978812')
#6 /home/piggybankservice/api/api.tracklessbank.com/system/CodeIgniter.php(902): App\Controllers\V1\Trackless\Operations->topup()
#7 /home/piggybankservice/api/api.tracklessbank.com/system/CodeIgniter.php(457): CodeIgniter\CodeIgniter->runController(Object(App\Controllers\V1\Trackless\Operations))
#8 /home/piggybankservice/api/api.tracklessbank.com/system/CodeIgniter.php(340): CodeIgniter\CodeIgniter->handleRequest(NULL, Object(Config\Cache), false)
#9 /home/piggybankservice/api/api.tracklessbank.com/public/index.php(67): CodeIgniter\CodeIgniter->run()
#10 {main}
ERROR - 2023-06-06 20:22:50 --> mysqli_sql_exception: Duplicate entry 'erisa1@msn.com-5' for key 'tbl_member.email' in /home/piggybankservice/api/api.tracklessbank.com/system/Database/MySQLi/Connection.php:292
Stack trace:
#0 /home/piggybankservice/api/api.tracklessbank.com/system/Database/MySQLi/Connection.php(292): mysqli->query('INSERT INTO `tb...', 0)
#1 /home/piggybankservice/api/api.tracklessbank.com/system/Database/BaseConnection.php(693): CodeIgniter\Database\MySQLi\Connection->execute('INSERT INTO `tb...')
#2 /home/piggybankservice/api/api.tracklessbank.com/system/Database/BaseConnection.php(620): CodeIgniter\Database\BaseConnection->simpleQuery('INSERT INTO `tb...')
#3 /home/piggybankservice/api/api.tracklessbank.com/system/Database/BaseBuilder.php(1916): CodeIgniter\Database\BaseConnection->query('INSERT INTO `tb...', Array, false)
#4 /home/piggybankservice/api/api.tracklessbank.com/app/Models/V1/Mdl_member.php(193): CodeIgniter\Database\BaseBuilder->insert(Array)
#5 /home/piggybankservice/api/api.tracklessbank.com/app/Controllers/V1/Auth.php(82): App\Models\Mdl_member->add(Array)
#6 /home/piggybankservice/api/api.tracklessbank.com/system/CodeIgniter.php(902): App\Controllers\V1\Auth->register()
#7 /home/piggybankservice/api/api.tracklessbank.com/system/CodeIgniter.php(457): CodeIgniter\CodeIgniter->runController(Object(App\Controllers\V1\Auth))
#8 /home/piggybankservice/api/api.tracklessbank.com/system/CodeIgniter.php(340): CodeIgniter\CodeIgniter->handleRequest(NULL, Object(Config\Cache), false)
#9 /home/piggybankservice/api/api.tracklessbank.com/public/index.php(67): CodeIgniter\CodeIgniter->run()
#10 {main}
ERROR - 2023-06-06 20:24:01 --> mysqli_sql_exception: Duplicate entry 'erisa1@msn.com-5' for key 'tbl_member.email' in /home/piggybankservice/api/api.tracklessbank.com/system/Database/MySQLi/Connection.php:292
Stack trace:
#0 /home/piggybankservice/api/api.tracklessbank.com/system/Database/MySQLi/Connection.php(292): mysqli->query('INSERT INTO `tb...', 0)
#1 /home/piggybankservice/api/api.tracklessbank.com/system/Database/BaseConnection.php(693): CodeIgniter\Database\MySQLi\Connection->execute('INSERT INTO `tb...')
#2 /home/piggybankservice/api/api.tracklessbank.com/system/Database/BaseConnection.php(620): CodeIgniter\Database\BaseConnection->simpleQuery('INSERT INTO `tb...')
#3 /home/piggybankservice/api/api.tracklessbank.com/system/Database/BaseBuilder.php(1916): CodeIgniter\Database\BaseConnection->query('INSERT INTO `tb...', Array, false)
#4 /home/piggybankservice/api/api.tracklessbank.com/app/Models/V1/Mdl_member.php(193): CodeIgniter\Database\BaseBuilder->insert(Array)
#5 /home/piggybankservice/api/api.tracklessbank.com/app/Controllers/V1/Auth.php(82): App\Models\Mdl_member->add(Array)
#6 /home/piggybankservice/api/api.tracklessbank.com/system/CodeIgniter.php(902): App\Controllers\V1\Auth->register()
#7 /home/piggybankservice/api/api.tracklessbank.com/system/CodeIgniter.php(457): CodeIgniter\CodeIgniter->runController(Object(App\Controllers\V1\Auth))
#8 /home/piggybankservice/api/api.tracklessbank.com/system/CodeIgniter.php(340): CodeIgniter\CodeIgniter->handleRequest(NULL, Object(Config\Cache), false)
#9 /home/piggybankservice/api/api.tracklessbank.com/public/index.php(67): CodeIgniter\CodeIgniter->run()
#10 {main}
ERROR - 2023-06-06 20:25:00 --> mysqli_sql_exception: Duplicate entry 'erisa1@msn.com-5' for key 'tbl_member.email' in /home/piggybankservice/api/api.tracklessbank.com/system/Database/MySQLi/Connection.php:292
Stack trace:
#0 /home/piggybankservice/api/api.tracklessbank.com/system/Database/MySQLi/Connection.php(292): mysqli->query('INSERT INTO `tb...', 0)
#1 /home/piggybankservice/api/api.tracklessbank.com/system/Database/BaseConnection.php(693): CodeIgniter\Database\MySQLi\Connection->execute('INSERT INTO `tb...')
#2 /home/piggybankservice/api/api.tracklessbank.com/system/Database/BaseConnection.php(620): CodeIgniter\Database\BaseConnection->simpleQuery('INSERT INTO `tb...')
#3 /home/piggybankservice/api/api.tracklessbank.com/system/Database/BaseBuilder.php(1916): CodeIgniter\Database\BaseConnection->query('INSERT INTO `tb...', Array, false)
#4 /home/piggybankservice/api/api.tracklessbank.com/app/Models/V1/Mdl_member.php(193): CodeIgniter\Database\BaseBuilder->insert(Array)
#5 /home/piggybankservice/api/api.tracklessbank.com/app/Controllers/V1/Auth.php(82): App\Models\Mdl_member->add(Array)
#6 /home/piggybankservice/api/api.tracklessbank.com/system/CodeIgniter.php(902): App\Controllers\V1\Auth->register()
#7 /home/piggybankservice/api/api.tracklessbank.com/system/CodeIgniter.php(457): CodeIgniter\CodeIgniter->runController(Object(App\Controllers\V1\Auth))
#8 /home/piggybankservice/api/api.tracklessbank.com/system/CodeIgniter.php(340): CodeIgniter\CodeIgniter->handleRequest(NULL, Object(Config\Cache), false)
#9 /home/piggybankservice/api/api.tracklessbank.com/public/index.php(67): CodeIgniter\CodeIgniter->run()
#10 {main}
