ERROR - 2022-11-27 17:33:42 --> mysqli_sql_exception: Unknown column 'a.topup' in 'field list' in /home/piggybankservice/api/api.tracklessbank.com/system/Database/MySQLi/Connection.php:292
Stack trace:
#0 /home/piggybankservice/api/api.tracklessbank.com/system/Database/MySQLi/Connection.php(292): mysqli->query('SELECT a.curren...', 0)
#1 /home/piggybankservice/api/api.tracklessbank.com/system/Database/BaseConnection.php(693): CodeIgniter\Database\MySQLi\Connection->execute('SELECT a.curren...')
#2 /home/piggybankservice/api/api.tracklessbank.com/system/Database/BaseConnection.php(620): CodeIgniter\Database\BaseConnection->simpleQuery('SELECT a.curren...')
#3 /home/piggybankservice/api/api.tracklessbank.com/app/Models/V1/Admin/Mdl_cost.php(20): CodeIgniter\Database\BaseConnection->query('SELECT a.curren...', Array)
#4 /home/piggybankservice/api/api.tracklessbank.com/app/Controllers/V1/Admin/Cost.php(19): App\Models\Mdl_cost->get_single('USD')
#5 /home/piggybankservice/api/api.tracklessbank.com/system/CodeIgniter.php(902): App\Controllers\V1\Admin\Cost->getCost()
#6 /home/piggybankservice/api/api.tracklessbank.com/system/CodeIgniter.php(457): CodeIgniter\CodeIgniter->runController(Object(App\Controllers\V1\Admin\Cost))
#7 /home/piggybankservice/api/api.tracklessbank.com/system/CodeIgniter.php(340): CodeIgniter\CodeIgniter->handleRequest(NULL, Object(Config\Cache), false)
#8 /home/piggybankservice/api/api.tracklessbank.com/public/index.php(67): CodeIgniter\CodeIgniter->run()
#9 {main}
CRITICAL - 2022-11-27 17:33:42 --> Call to a member function getRow() on bool
in APPPATH/Models/V1/Admin/Mdl_cost.php on line 20.
 1 APPPATH/Controllers/V1/Admin/Cost.php(19): App\Models\Mdl_cost->get_single('USD')
 2 SYSTEMPATH/CodeIgniter.php(902): App\Controllers\V1\Admin\Cost->getCost()
 3 SYSTEMPATH/CodeIgniter.php(457): CodeIgniter\CodeIgniter->runController(Object(App\Controllers\V1\Admin\Cost))
 4 SYSTEMPATH/CodeIgniter.php(340): CodeIgniter\CodeIgniter->handleRequest(null, Object(Config\Cache), false)
 5 FCPATH/index.php(67): CodeIgniter\CodeIgniter->run()
ERROR - 2022-11-27 17:33:46 --> mysqli_sql_exception: Unknown column 'a.topup' in 'field list' in /home/piggybankservice/api/api.tracklessbank.com/system/Database/MySQLi/Connection.php:292
Stack trace:
#0 /home/piggybankservice/api/api.tracklessbank.com/system/Database/MySQLi/Connection.php(292): mysqli->query('SELECT a.curren...', 0)
#1 /home/piggybankservice/api/api.tracklessbank.com/system/Database/BaseConnection.php(693): CodeIgniter\Database\MySQLi\Connection->execute('SELECT a.curren...')
#2 /home/piggybankservice/api/api.tracklessbank.com/system/Database/BaseConnection.php(620): CodeIgniter\Database\BaseConnection->simpleQuery('SELECT a.curren...')
#3 /home/piggybankservice/api/api.tracklessbank.com/app/Models/V1/Admin/Mdl_cost.php(20): CodeIgniter\Database\BaseConnection->query('SELECT a.curren...', Array)
#4 /home/piggybankservice/api/api.tracklessbank.com/app/Controllers/V1/Admin/Cost.php(19): App\Models\Mdl_cost->get_single('USD')
#5 /home/piggybankservice/api/api.tracklessbank.com/system/CodeIgniter.php(902): App\Controllers\V1\Admin\Cost->getCost()
#6 /home/piggybankservice/api/api.tracklessbank.com/system/CodeIgniter.php(457): CodeIgniter\CodeIgniter->runController(Object(App\Controllers\V1\Admin\Cost))
#7 /home/piggybankservice/api/api.tracklessbank.com/system/CodeIgniter.php(340): CodeIgniter\CodeIgniter->handleRequest(NULL, Object(Config\Cache), false)
#8 /home/piggybankservice/api/api.tracklessbank.com/public/index.php(67): CodeIgniter\CodeIgniter->run()
#9 {main}
CRITICAL - 2022-11-27 17:33:46 --> Call to a member function getRow() on bool
in APPPATH/Models/V1/Admin/Mdl_cost.php on line 20.
 1 APPPATH/Controllers/V1/Admin/Cost.php(19): App\Models\Mdl_cost->get_single('USD')
 2 SYSTEMPATH/CodeIgniter.php(902): App\Controllers\V1\Admin\Cost->getCost()
 3 SYSTEMPATH/CodeIgniter.php(457): CodeIgniter\CodeIgniter->runController(Object(App\Controllers\V1\Admin\Cost))
 4 SYSTEMPATH/CodeIgniter.php(340): CodeIgniter\CodeIgniter->handleRequest(null, Object(Config\Cache), false)
 5 FCPATH/index.php(67): CodeIgniter\CodeIgniter->run()
ERROR - 2022-11-27 17:33:55 --> mysqli_sql_exception: Unknown column 'a.topup' in 'field list' in /home/piggybankservice/api/api.tracklessbank.com/system/Database/MySQLi/Connection.php:292
Stack trace:
#0 /home/piggybankservice/api/api.tracklessbank.com/system/Database/MySQLi/Connection.php(292): mysqli->query('SELECT a.curren...', 0)
#1 /home/piggybankservice/api/api.tracklessbank.com/system/Database/BaseConnection.php(693): CodeIgniter\Database\MySQLi\Connection->execute('SELECT a.curren...')
#2 /home/piggybankservice/api/api.tracklessbank.com/system/Database/BaseConnection.php(620): CodeIgniter\Database\BaseConnection->simpleQuery('SELECT a.curren...')
#3 /home/piggybankservice/api/api.tracklessbank.com/app/Models/V1/Admin/Mdl_cost.php(20): CodeIgniter\Database\BaseConnection->query('SELECT a.curren...', Array)
#4 /home/piggybankservice/api/api.tracklessbank.com/app/Controllers/V1/Admin/Cost.php(19): App\Models\Mdl_cost->get_single('EUR')
#5 /home/piggybankservice/api/api.tracklessbank.com/system/CodeIgniter.php(902): App\Controllers\V1\Admin\Cost->getCost()
#6 /home/piggybankservice/api/api.tracklessbank.com/system/CodeIgniter.php(457): CodeIgniter\CodeIgniter->runController(Object(App\Controllers\V1\Admin\Cost))
#7 /home/piggybankservice/api/api.tracklessbank.com/system/CodeIgniter.php(340): CodeIgniter\CodeIgniter->handleRequest(NULL, Object(Config\Cache), false)
#8 /home/piggybankservice/api/api.tracklessbank.com/public/index.php(67): CodeIgniter\CodeIgniter->run()
#9 {main}
CRITICAL - 2022-11-27 17:33:55 --> Call to a member function getRow() on bool
in APPPATH/Models/V1/Admin/Mdl_cost.php on line 20.
 1 APPPATH/Controllers/V1/Admin/Cost.php(19): App\Models\Mdl_cost->get_single('EUR')
 2 SYSTEMPATH/CodeIgniter.php(902): App\Controllers\V1\Admin\Cost->getCost()
 3 SYSTEMPATH/CodeIgniter.php(457): CodeIgniter\CodeIgniter->runController(Object(App\Controllers\V1\Admin\Cost))
 4 SYSTEMPATH/CodeIgniter.php(340): CodeIgniter\CodeIgniter->handleRequest(null, Object(Config\Cache), false)
 5 FCPATH/index.php(67): CodeIgniter\CodeIgniter->run()
ERROR - 2022-11-27 17:34:04 --> mysqli_sql_exception: Unknown column 'a.topup' in 'field list' in /home/piggybankservice/api/api.tracklessbank.com/system/Database/MySQLi/Connection.php:292
Stack trace:
#0 /home/piggybankservice/api/api.tracklessbank.com/system/Database/MySQLi/Connection.php(292): mysqli->query('SELECT a.curren...', 0)
#1 /home/piggybankservice/api/api.tracklessbank.com/system/Database/BaseConnection.php(693): CodeIgniter\Database\MySQLi\Connection->execute('SELECT a.curren...')
#2 /home/piggybankservice/api/api.tracklessbank.com/system/Database/BaseConnection.php(620): CodeIgniter\Database\BaseConnection->simpleQuery('SELECT a.curren...')
#3 /home/piggybankservice/api/api.tracklessbank.com/app/Models/V1/Admin/Mdl_cost.php(20): CodeIgniter\Database\BaseConnection->query('SELECT a.curren...', Array)
#4 /home/piggybankservice/api/api.tracklessbank.com/app/Controllers/V1/Admin/Cost.php(19): App\Models\Mdl_cost->get_single('AED')
#5 /home/piggybankservice/api/api.tracklessbank.com/system/CodeIgniter.php(902): App\Controllers\V1\Admin\Cost->getCost()
#6 /home/piggybankservice/api/api.tracklessbank.com/system/CodeIgniter.php(457): CodeIgniter\CodeIgniter->runController(Object(App\Controllers\V1\Admin\Cost))
#7 /home/piggybankservice/api/api.tracklessbank.com/system/CodeIgniter.php(340): CodeIgniter\CodeIgniter->handleRequest(NULL, Object(Config\Cache), false)
#8 /home/piggybankservice/api/api.tracklessbank.com/public/index.php(67): CodeIgniter\CodeIgniter->run()
#9 {main}
CRITICAL - 2022-11-27 17:34:04 --> Call to a member function getRow() on bool
in APPPATH/Models/V1/Admin/Mdl_cost.php on line 20.
 1 APPPATH/Controllers/V1/Admin/Cost.php(19): App\Models\Mdl_cost->get_single('AED')
 2 SYSTEMPATH/CodeIgniter.php(902): App\Controllers\V1\Admin\Cost->getCost()
 3 SYSTEMPATH/CodeIgniter.php(457): CodeIgniter\CodeIgniter->runController(Object(App\Controllers\V1\Admin\Cost))
 4 SYSTEMPATH/CodeIgniter.php(340): CodeIgniter\CodeIgniter->handleRequest(null, Object(Config\Cache), false)
 5 FCPATH/index.php(67): CodeIgniter\CodeIgniter->run()
ERROR - 2022-11-27 17:34:18 --> mysqli_sql_exception: Unknown column 'a.topup' in 'field list' in /home/piggybankservice/api/api.tracklessbank.com/system/Database/MySQLi/Connection.php:292
Stack trace:
#0 /home/piggybankservice/api/api.tracklessbank.com/system/Database/MySQLi/Connection.php(292): mysqli->query('SELECT a.curren...', 0)
#1 /home/piggybankservice/api/api.tracklessbank.com/system/Database/BaseConnection.php(693): CodeIgniter\Database\MySQLi\Connection->execute('SELECT a.curren...')
#2 /home/piggybankservice/api/api.tracklessbank.com/system/Database/BaseConnection.php(620): CodeIgniter\Database\BaseConnection->simpleQuery('SELECT a.curren...')
#3 /home/piggybankservice/api/api.tracklessbank.com/app/Models/V1/Admin/Mdl_cost.php(20): CodeIgniter\Database\BaseConnection->query('SELECT a.curren...', Array)
#4 /home/piggybankservice/api/api.tracklessbank.com/app/Controllers/V1/Admin/Cost.php(19): App\Models\Mdl_cost->get_single('AED')
#5 /home/piggybankservice/api/api.tracklessbank.com/system/CodeIgniter.php(902): App\Controllers\V1\Admin\Cost->getCost()
#6 /home/piggybankservice/api/api.tracklessbank.com/system/CodeIgniter.php(457): CodeIgniter\CodeIgniter->runController(Object(App\Controllers\V1\Admin\Cost))
#7 /home/piggybankservice/api/api.tracklessbank.com/system/CodeIgniter.php(340): CodeIgniter\CodeIgniter->handleRequest(NULL, Object(Config\Cache), false)
#8 /home/piggybankservice/api/api.tracklessbank.com/public/index.php(67): CodeIgniter\CodeIgniter->run()
#9 {main}
CRITICAL - 2022-11-27 17:34:18 --> Call to a member function getRow() on bool
in APPPATH/Models/V1/Admin/Mdl_cost.php on line 20.
 1 APPPATH/Controllers/V1/Admin/Cost.php(19): App\Models\Mdl_cost->get_single('AED')
 2 SYSTEMPATH/CodeIgniter.php(902): App\Controllers\V1\Admin\Cost->getCost()
 3 SYSTEMPATH/CodeIgniter.php(457): CodeIgniter\CodeIgniter->runController(Object(App\Controllers\V1\Admin\Cost))
 4 SYSTEMPATH/CodeIgniter.php(340): CodeIgniter\CodeIgniter->handleRequest(null, Object(Config\Cache), false)
 5 FCPATH/index.php(67): CodeIgniter\CodeIgniter->run()
ERROR - 2022-11-27 19:49:57 --> mysqli_sql_exception: Unknown column 'a.topup' in 'field list' in /home/piggybankservice/api/api.tracklessbank.com/system/Database/MySQLi/Connection.php:292
Stack trace:
#0 /home/piggybankservice/api/api.tracklessbank.com/system/Database/MySQLi/Connection.php(292): mysqli->query('SELECT a.curren...', 0)
#1 /home/piggybankservice/api/api.tracklessbank.com/system/Database/BaseConnection.php(693): CodeIgniter\Database\MySQLi\Connection->execute('SELECT a.curren...')
#2 /home/piggybankservice/api/api.tracklessbank.com/system/Database/BaseConnection.php(620): CodeIgniter\Database\BaseConnection->simpleQuery('SELECT a.curren...')
#3 /home/piggybankservice/api/api.tracklessbank.com/app/Models/V1/Admin/Mdl_cost.php(20): CodeIgniter\Database\BaseConnection->query('SELECT a.curren...', Array)
#4 /home/piggybankservice/api/api.tracklessbank.com/app/Controllers/V1/Admin/Cost.php(19): App\Models\Mdl_cost->get_single('USD')
#5 /home/piggybankservice/api/api.tracklessbank.com/system/CodeIgniter.php(902): App\Controllers\V1\Admin\Cost->getCost()
#6 /home/piggybankservice/api/api.tracklessbank.com/system/CodeIgniter.php(457): CodeIgniter\CodeIgniter->runController(Object(App\Controllers\V1\Admin\Cost))
#7 /home/piggybankservice/api/api.tracklessbank.com/system/CodeIgniter.php(340): CodeIgniter\CodeIgniter->handleRequest(NULL, Object(Config\Cache), false)
#8 /home/piggybankservice/api/api.tracklessbank.com/public/index.php(67): CodeIgniter\CodeIgniter->run()
#9 {main}
CRITICAL - 2022-11-27 19:49:57 --> Call to a member function getRow() on bool
in APPPATH/Models/V1/Admin/Mdl_cost.php on line 20.
 1 APPPATH/Controllers/V1/Admin/Cost.php(19): App\Models\Mdl_cost->get_single('USD')
 2 SYSTEMPATH/CodeIgniter.php(902): App\Controllers\V1\Admin\Cost->getCost()
 3 SYSTEMPATH/CodeIgniter.php(457): CodeIgniter\CodeIgniter->runController(Object(App\Controllers\V1\Admin\Cost))
 4 SYSTEMPATH/CodeIgniter.php(340): CodeIgniter\CodeIgniter->handleRequest(null, Object(Config\Cache), false)
 5 FCPATH/index.php(67): CodeIgniter\CodeIgniter->run()
ERROR - 2022-11-27 19:50:10 --> mysqli_sql_exception: Unknown column 'a.topup' in 'field list' in /home/piggybankservice/api/api.tracklessbank.com/system/Database/MySQLi/Connection.php:292
Stack trace:
#0 /home/piggybankservice/api/api.tracklessbank.com/system/Database/MySQLi/Connection.php(292): mysqli->query('SELECT a.curren...', 0)
#1 /home/piggybankservice/api/api.tracklessbank.com/system/Database/BaseConnection.php(693): CodeIgniter\Database\MySQLi\Connection->execute('SELECT a.curren...')
#2 /home/piggybankservice/api/api.tracklessbank.com/system/Database/BaseConnection.php(620): CodeIgniter\Database\BaseConnection->simpleQuery('SELECT a.curren...')
#3 /home/piggybankservice/api/api.tracklessbank.com/app/Models/V1/Admin/Mdl_cost.php(20): CodeIgniter\Database\BaseConnection->query('SELECT a.curren...', Array)
#4 /home/piggybankservice/api/api.tracklessbank.com/app/Controllers/V1/Admin/Cost.php(19): App\Models\Mdl_cost->get_single('EUR')
#5 /home/piggybankservice/api/api.tracklessbank.com/system/CodeIgniter.php(902): App\Controllers\V1\Admin\Cost->getCost()
#6 /home/piggybankservice/api/api.tracklessbank.com/system/CodeIgniter.php(457): CodeIgniter\CodeIgniter->runController(Object(App\Controllers\V1\Admin\Cost))
#7 /home/piggybankservice/api/api.tracklessbank.com/system/CodeIgniter.php(340): CodeIgniter\CodeIgniter->handleRequest(NULL, Object(Config\Cache), false)
#8 /home/piggybankservice/api/api.tracklessbank.com/public/index.php(67): CodeIgniter\CodeIgniter->run()
#9 {main}
CRITICAL - 2022-11-27 19:50:10 --> Call to a member function getRow() on bool
in APPPATH/Models/V1/Admin/Mdl_cost.php on line 20.
 1 APPPATH/Controllers/V1/Admin/Cost.php(19): App\Models\Mdl_cost->get_single('EUR')
 2 SYSTEMPATH/CodeIgniter.php(902): App\Controllers\V1\Admin\Cost->getCost()
 3 SYSTEMPATH/CodeIgniter.php(457): CodeIgniter\CodeIgniter->runController(Object(App\Controllers\V1\Admin\Cost))
 4 SYSTEMPATH/CodeIgniter.php(340): CodeIgniter\CodeIgniter->handleRequest(null, Object(Config\Cache), false)
 5 FCPATH/index.php(67): CodeIgniter\CodeIgniter->run()
ERROR - 2022-11-27 19:59:09 --> mysqli_sql_exception: Unknown column 'a.topup' in 'field list' in /home/piggybankservice/api/api.tracklessbank.com/system/Database/MySQLi/Connection.php:292
Stack trace:
#0 /home/piggybankservice/api/api.tracklessbank.com/system/Database/MySQLi/Connection.php(292): mysqli->query('SELECT a.curren...', 0)
#1 /home/piggybankservice/api/api.tracklessbank.com/system/Database/BaseConnection.php(693): CodeIgniter\Database\MySQLi\Connection->execute('SELECT a.curren...')
#2 /home/piggybankservice/api/api.tracklessbank.com/system/Database/BaseConnection.php(620): CodeIgniter\Database\BaseConnection->simpleQuery('SELECT a.curren...')
#3 /home/piggybankservice/api/api.tracklessbank.com/app/Models/V1/Admin/Mdl_cost.php(20): CodeIgniter\Database\BaseConnection->query('SELECT a.curren...', Array)
#4 /home/piggybankservice/api/api.tracklessbank.com/app/Controllers/V1/Admin/Cost.php(19): App\Models\Mdl_cost->get_single('AED')
#5 /home/piggybankservice/api/api.tracklessbank.com/system/CodeIgniter.php(902): App\Controllers\V1\Admin\Cost->getCost()
#6 /home/piggybankservice/api/api.tracklessbank.com/system/CodeIgniter.php(457): CodeIgniter\CodeIgniter->runController(Object(App\Controllers\V1\Admin\Cost))
#7 /home/piggybankservice/api/api.tracklessbank.com/system/CodeIgniter.php(340): CodeIgniter\CodeIgniter->handleRequest(NULL, Object(Config\Cache), false)
#8 /home/piggybankservice/api/api.tracklessbank.com/public/index.php(67): CodeIgniter\CodeIgniter->run()
#9 {main}
CRITICAL - 2022-11-27 19:59:09 --> Call to a member function getRow() on bool
in APPPATH/Models/V1/Admin/Mdl_cost.php on line 20.
 1 APPPATH/Controllers/V1/Admin/Cost.php(19): App\Models\Mdl_cost->get_single('AED')
 2 SYSTEMPATH/CodeIgniter.php(902): App\Controllers\V1\Admin\Cost->getCost()
 3 SYSTEMPATH/CodeIgniter.php(457): CodeIgniter\CodeIgniter->runController(Object(App\Controllers\V1\Admin\Cost))
 4 SYSTEMPATH/CodeIgniter.php(340): CodeIgniter\CodeIgniter->handleRequest(null, Object(Config\Cache), false)
 5 FCPATH/index.php(67): CodeIgniter\CodeIgniter->run()
ERROR - 2022-11-27 20:07:06 --> mysqli_sql_exception: Unknown column 'a.topup' in 'field list' in /home/piggybankservice/api/api.tracklessbank.com/system/Database/MySQLi/Connection.php:292
Stack trace:
#0 /home/piggybankservice/api/api.tracklessbank.com/system/Database/MySQLi/Connection.php(292): mysqli->query('SELECT a.curren...', 0)
#1 /home/piggybankservice/api/api.tracklessbank.com/system/Database/BaseConnection.php(693): CodeIgniter\Database\MySQLi\Connection->execute('SELECT a.curren...')
#2 /home/piggybankservice/api/api.tracklessbank.com/system/Database/BaseConnection.php(620): CodeIgniter\Database\BaseConnection->simpleQuery('SELECT a.curren...')
#3 /home/piggybankservice/api/api.tracklessbank.com/app/Models/V1/Admin/Mdl_cost.php(20): CodeIgniter\Database\BaseConnection->query('SELECT a.curren...', Array)
#4 /home/piggybankservice/api/api.tracklessbank.com/app/Controllers/V1/Admin/Cost.php(19): App\Models\Mdl_cost->get_single('ARS')
#5 /home/piggybankservice/api/api.tracklessbank.com/system/CodeIgniter.php(902): App\Controllers\V1\Admin\Cost->getCost()
#6 /home/piggybankservice/api/api.tracklessbank.com/system/CodeIgniter.php(457): CodeIgniter\CodeIgniter->runController(Object(App\Controllers\V1\Admin\Cost))
#7 /home/piggybankservice/api/api.tracklessbank.com/system/CodeIgniter.php(340): CodeIgniter\CodeIgniter->handleRequest(NULL, Object(Config\Cache), false)
#8 /home/piggybankservice/api/api.tracklessbank.com/public/index.php(67): CodeIgniter\CodeIgniter->run()
#9 {main}
CRITICAL - 2022-11-27 20:07:06 --> Call to a member function getRow() on bool
in APPPATH/Models/V1/Admin/Mdl_cost.php on line 20.
 1 APPPATH/Controllers/V1/Admin/Cost.php(19): App\Models\Mdl_cost->get_single('ARS')
 2 SYSTEMPATH/CodeIgniter.php(902): App\Controllers\V1\Admin\Cost->getCost()
 3 SYSTEMPATH/CodeIgniter.php(457): CodeIgniter\CodeIgniter->runController(Object(App\Controllers\V1\Admin\Cost))
 4 SYSTEMPATH/CodeIgniter.php(340): CodeIgniter\CodeIgniter->handleRequest(null, Object(Config\Cache), false)
 5 FCPATH/index.php(67): CodeIgniter\CodeIgniter->run()
ERROR - 2022-11-27 20:15:10 --> mysqli_sql_exception: Unknown column 'a.topup' in 'field list' in /home/piggybankservice/api/api.tracklessbank.com/system/Database/MySQLi/Connection.php:292
Stack trace:
#0 /home/piggybankservice/api/api.tracklessbank.com/system/Database/MySQLi/Connection.php(292): mysqli->query('SELECT a.curren...', 0)
#1 /home/piggybankservice/api/api.tracklessbank.com/system/Database/BaseConnection.php(693): CodeIgniter\Database\MySQLi\Connection->execute('SELECT a.curren...')
#2 /home/piggybankservice/api/api.tracklessbank.com/system/Database/BaseConnection.php(620): CodeIgniter\Database\BaseConnection->simpleQuery('SELECT a.curren...')
#3 /home/piggybankservice/api/api.tracklessbank.com/app/Models/V1/Admin/Mdl_cost.php(20): CodeIgniter\Database\BaseConnection->query('SELECT a.curren...', Array)
#4 /home/piggybankservice/api/api.tracklessbank.com/app/Controllers/V1/Admin/Cost.php(19): App\Models\Mdl_cost->get_single('BWP')
#5 /home/piggybankservice/api/api.tracklessbank.com/system/CodeIgniter.php(902): App\Controllers\V1\Admin\Cost->getCost()
#6 /home/piggybankservice/api/api.tracklessbank.com/system/CodeIgniter.php(457): CodeIgniter\CodeIgniter->runController(Object(App\Controllers\V1\Admin\Cost))
#7 /home/piggybankservice/api/api.tracklessbank.com/system/CodeIgniter.php(340): CodeIgniter\CodeIgniter->handleRequest(NULL, Object(Config\Cache), false)
#8 /home/piggybankservice/api/api.tracklessbank.com/public/index.php(67): CodeIgniter\CodeIgniter->run()
#9 {main}
CRITICAL - 2022-11-27 20:15:10 --> Call to a member function getRow() on bool
in APPPATH/Models/V1/Admin/Mdl_cost.php on line 20.
 1 APPPATH/Controllers/V1/Admin/Cost.php(19): App\Models\Mdl_cost->get_single('BWP')
 2 SYSTEMPATH/CodeIgniter.php(902): App\Controllers\V1\Admin\Cost->getCost()
 3 SYSTEMPATH/CodeIgniter.php(457): CodeIgniter\CodeIgniter->runController(Object(App\Controllers\V1\Admin\Cost))
 4 SYSTEMPATH/CodeIgniter.php(340): CodeIgniter\CodeIgniter->handleRequest(null, Object(Config\Cache), false)
 5 FCPATH/index.php(67): CodeIgniter\CodeIgniter->run()
ERROR - 2022-11-27 20:30:59 --> mysqli_sql_exception: Unknown column 'a.topup' in 'field list' in /home/piggybankservice/api/api.tracklessbank.com/system/Database/MySQLi/Connection.php:292
Stack trace:
#0 /home/piggybankservice/api/api.tracklessbank.com/system/Database/MySQLi/Connection.php(292): mysqli->query('SELECT a.curren...', 0)
#1 /home/piggybankservice/api/api.tracklessbank.com/system/Database/BaseConnection.php(693): CodeIgniter\Database\MySQLi\Connection->execute('SELECT a.curren...')
#2 /home/piggybankservice/api/api.tracklessbank.com/system/Database/BaseConnection.php(620): CodeIgniter\Database\BaseConnection->simpleQuery('SELECT a.curren...')
#3 /home/piggybankservice/api/api.tracklessbank.com/app/Models/V1/Admin/Mdl_cost.php(20): CodeIgniter\Database\BaseConnection->query('SELECT a.curren...', Array)
#4 /home/piggybankservice/api/api.tracklessbank.com/app/Controllers/V1/Admin/Cost.php(19): App\Models\Mdl_cost->get_single('CHF')
#5 /home/piggybankservice/api/api.tracklessbank.com/system/CodeIgniter.php(902): App\Controllers\V1\Admin\Cost->getCost()
#6 /home/piggybankservice/api/api.tracklessbank.com/system/CodeIgniter.php(457): CodeIgniter\CodeIgniter->runController(Object(App\Controllers\V1\Admin\Cost))
#7 /home/piggybankservice/api/api.tracklessbank.com/system/CodeIgniter.php(340): CodeIgniter\CodeIgniter->handleRequest(NULL, Object(Config\Cache), false)
#8 /home/piggybankservice/api/api.tracklessbank.com/public/index.php(67): CodeIgniter\CodeIgniter->run()
#9 {main}
CRITICAL - 2022-11-27 20:30:59 --> Call to a member function getRow() on bool
in APPPATH/Models/V1/Admin/Mdl_cost.php on line 20.
 1 APPPATH/Controllers/V1/Admin/Cost.php(19): App\Models\Mdl_cost->get_single('CHF')
 2 SYSTEMPATH/CodeIgniter.php(902): App\Controllers\V1\Admin\Cost->getCost()
 3 SYSTEMPATH/CodeIgniter.php(457): CodeIgniter\CodeIgniter->runController(Object(App\Controllers\V1\Admin\Cost))
 4 SYSTEMPATH/CodeIgniter.php(340): CodeIgniter\CodeIgniter->handleRequest(null, Object(Config\Cache), false)
 5 FCPATH/index.php(67): CodeIgniter\CodeIgniter->run()
ERROR - 2022-11-27 20:39:26 --> mysqli_sql_exception: Unknown column 'a.topup' in 'field list' in /home/piggybankservice/api/api.tracklessbank.com/system/Database/MySQLi/Connection.php:292
Stack trace:
#0 /home/piggybankservice/api/api.tracklessbank.com/system/Database/MySQLi/Connection.php(292): mysqli->query('SELECT a.curren...', 0)
#1 /home/piggybankservice/api/api.tracklessbank.com/system/Database/BaseConnection.php(693): CodeIgniter\Database\MySQLi\Connection->execute('SELECT a.curren...')
#2 /home/piggybankservice/api/api.tracklessbank.com/system/Database/BaseConnection.php(620): CodeIgniter\Database\BaseConnection->simpleQuery('SELECT a.curren...')
#3 /home/piggybankservice/api/api.tracklessbank.com/app/Models/V1/Admin/Mdl_cost.php(20): CodeIgniter\Database\BaseConnection->query('SELECT a.curren...', Array)
#4 /home/piggybankservice/api/api.tracklessbank.com/app/Controllers/V1/Admin/Cost.php(19): App\Models\Mdl_cost->get_single('EUR')
#5 /home/piggybankservice/api/api.tracklessbank.com/system/CodeIgniter.php(902): App\Controllers\V1\Admin\Cost->getCost()
#6 /home/piggybankservice/api/api.tracklessbank.com/system/CodeIgniter.php(457): CodeIgniter\CodeIgniter->runController(Object(App\Controllers\V1\Admin\Cost))
#7 /home/piggybankservice/api/api.tracklessbank.com/system/CodeIgniter.php(340): CodeIgniter\CodeIgniter->handleRequest(NULL, Object(Config\Cache), false)
#8 /home/piggybankservice/api/api.tracklessbank.com/public/index.php(67): CodeIgniter\CodeIgniter->run()
#9 {main}
CRITICAL - 2022-11-27 20:39:26 --> Call to a member function getRow() on bool
in APPPATH/Models/V1/Admin/Mdl_cost.php on line 20.
 1 APPPATH/Controllers/V1/Admin/Cost.php(19): App\Models\Mdl_cost->get_single('EUR')
 2 SYSTEMPATH/CodeIgniter.php(902): App\Controllers\V1\Admin\Cost->getCost()
 3 SYSTEMPATH/CodeIgniter.php(457): CodeIgniter\CodeIgniter->runController(Object(App\Controllers\V1\Admin\Cost))
 4 SYSTEMPATH/CodeIgniter.php(340): CodeIgniter\CodeIgniter->handleRequest(null, Object(Config\Cache), false)
 5 FCPATH/index.php(67): CodeIgniter\CodeIgniter->run()
ERROR - 2022-11-27 20:39:31 --> mysqli_sql_exception: Unknown column 'a.topup' in 'field list' in /home/piggybankservice/api/api.tracklessbank.com/system/Database/MySQLi/Connection.php:292
Stack trace:
#0 /home/piggybankservice/api/api.tracklessbank.com/system/Database/MySQLi/Connection.php(292): mysqli->query('SELECT a.curren...', 0)
#1 /home/piggybankservice/api/api.tracklessbank.com/system/Database/BaseConnection.php(693): CodeIgniter\Database\MySQLi\Connection->execute('SELECT a.curren...')
#2 /home/piggybankservice/api/api.tracklessbank.com/system/Database/BaseConnection.php(620): CodeIgniter\Database\BaseConnection->simpleQuery('SELECT a.curren...')
#3 /home/piggybankservice/api/api.tracklessbank.com/app/Models/V1/Admin/Mdl_cost.php(20): CodeIgniter\Database\BaseConnection->query('SELECT a.curren...', Array)
#4 /home/piggybankservice/api/api.tracklessbank.com/app/Controllers/V1/Admin/Cost.php(19): App\Models\Mdl_cost->get_single('USD')
#5 /home/piggybankservice/api/api.tracklessbank.com/system/CodeIgniter.php(902): App\Controllers\V1\Admin\Cost->getCost()
#6 /home/piggybankservice/api/api.tracklessbank.com/system/CodeIgniter.php(457): CodeIgniter\CodeIgniter->runController(Object(App\Controllers\V1\Admin\Cost))
#7 /home/piggybankservice/api/api.tracklessbank.com/system/CodeIgniter.php(340): CodeIgniter\CodeIgniter->handleRequest(NULL, Object(Config\Cache), false)
#8 /home/piggybankservice/api/api.tracklessbank.com/public/index.php(67): CodeIgniter\CodeIgniter->run()
#9 {main}
CRITICAL - 2022-11-27 20:39:31 --> Call to a member function getRow() on bool
in APPPATH/Models/V1/Admin/Mdl_cost.php on line 20.
 1 APPPATH/Controllers/V1/Admin/Cost.php(19): App\Models\Mdl_cost->get_single('USD')
 2 SYSTEMPATH/CodeIgniter.php(902): App\Controllers\V1\Admin\Cost->getCost()
 3 SYSTEMPATH/CodeIgniter.php(457): CodeIgniter\CodeIgniter->runController(Object(App\Controllers\V1\Admin\Cost))
 4 SYSTEMPATH/CodeIgniter.php(340): CodeIgniter\CodeIgniter->handleRequest(null, Object(Config\Cache), false)
 5 FCPATH/index.php(67): CodeIgniter\CodeIgniter->run()
ERROR - 2022-11-27 20:40:11 --> mysqli_sql_exception: Unknown column 'a.topup' in 'field list' in /home/piggybankservice/api/api.tracklessbank.com/system/Database/MySQLi/Connection.php:292
Stack trace:
#0 /home/piggybankservice/api/api.tracklessbank.com/system/Database/MySQLi/Connection.php(292): mysqli->query('SELECT a.curren...', 0)
#1 /home/piggybankservice/api/api.tracklessbank.com/system/Database/BaseConnection.php(693): CodeIgniter\Database\MySQLi\Connection->execute('SELECT a.curren...')
#2 /home/piggybankservice/api/api.tracklessbank.com/system/Database/BaseConnection.php(620): CodeIgniter\Database\BaseConnection->simpleQuery('SELECT a.curren...')
#3 /home/piggybankservice/api/api.tracklessbank.com/app/Models/V1/Admin/Mdl_cost.php(20): CodeIgniter\Database\BaseConnection->query('SELECT a.curren...', Array)
#4 /home/piggybankservice/api/api.tracklessbank.com/app/Controllers/V1/Admin/Cost.php(19): App\Models\Mdl_cost->get_single('EGP')
#5 /home/piggybankservice/api/api.tracklessbank.com/system/CodeIgniter.php(902): App\Controllers\V1\Admin\Cost->getCost()
#6 /home/piggybankservice/api/api.tracklessbank.com/system/CodeIgniter.php(457): CodeIgniter\CodeIgniter->runController(Object(App\Controllers\V1\Admin\Cost))
#7 /home/piggybankservice/api/api.tracklessbank.com/system/CodeIgniter.php(340): CodeIgniter\CodeIgniter->handleRequest(NULL, Object(Config\Cache), false)
#8 /home/piggybankservice/api/api.tracklessbank.com/public/index.php(67): CodeIgniter\CodeIgniter->run()
#9 {main}
CRITICAL - 2022-11-27 20:40:11 --> Call to a member function getRow() on bool
in APPPATH/Models/V1/Admin/Mdl_cost.php on line 20.
 1 APPPATH/Controllers/V1/Admin/Cost.php(19): App\Models\Mdl_cost->get_single('EGP')
 2 SYSTEMPATH/CodeIgniter.php(902): App\Controllers\V1\Admin\Cost->getCost()
 3 SYSTEMPATH/CodeIgniter.php(457): CodeIgniter\CodeIgniter->runController(Object(App\Controllers\V1\Admin\Cost))
 4 SYSTEMPATH/CodeIgniter.php(340): CodeIgniter\CodeIgniter->handleRequest(null, Object(Config\Cache), false)
 5 FCPATH/index.php(67): CodeIgniter\CodeIgniter->run()
ERROR - 2022-11-27 20:40:27 --> mysqli_sql_exception: Unknown column 'a.topup' in 'field list' in /home/piggybankservice/api/api.tracklessbank.com/system/Database/MySQLi/Connection.php:292
Stack trace:
#0 /home/piggybankservice/api/api.tracklessbank.com/system/Database/MySQLi/Connection.php(292): mysqli->query('SELECT a.curren...', 0)
#1 /home/piggybankservice/api/api.tracklessbank.com/system/Database/BaseConnection.php(693): CodeIgniter\Database\MySQLi\Connection->execute('SELECT a.curren...')
#2 /home/piggybankservice/api/api.tracklessbank.com/system/Database/BaseConnection.php(620): CodeIgniter\Database\BaseConnection->simpleQuery('SELECT a.curren...')
#3 /home/piggybankservice/api/api.tracklessbank.com/app/Models/V1/Admin/Mdl_cost.php(20): CodeIgniter\Database\BaseConnection->query('SELECT a.curren...', Array)
#4 /home/piggybankservice/api/api.tracklessbank.com/app/Controllers/V1/Admin/Cost.php(19): App\Models\Mdl_cost->get_single('EUR')
#5 /home/piggybankservice/api/api.tracklessbank.com/system/CodeIgniter.php(902): App\Controllers\V1\Admin\Cost->getCost()
#6 /home/piggybankservice/api/api.tracklessbank.com/system/CodeIgniter.php(457): CodeIgniter\CodeIgniter->runController(Object(App\Controllers\V1\Admin\Cost))
#7 /home/piggybankservice/api/api.tracklessbank.com/system/CodeIgniter.php(340): CodeIgniter\CodeIgniter->handleRequest(NULL, Object(Config\Cache), false)
#8 /home/piggybankservice/api/api.tracklessbank.com/public/index.php(67): CodeIgniter\CodeIgniter->run()
#9 {main}
CRITICAL - 2022-11-27 20:40:27 --> Call to a member function getRow() on bool
in APPPATH/Models/V1/Admin/Mdl_cost.php on line 20.
 1 APPPATH/Controllers/V1/Admin/Cost.php(19): App\Models\Mdl_cost->get_single('EUR')
 2 SYSTEMPATH/CodeIgniter.php(902): App\Controllers\V1\Admin\Cost->getCost()
 3 SYSTEMPATH/CodeIgniter.php(457): CodeIgniter\CodeIgniter->runController(Object(App\Controllers\V1\Admin\Cost))
 4 SYSTEMPATH/CodeIgniter.php(340): CodeIgniter\CodeIgniter->handleRequest(null, Object(Config\Cache), false)
 5 FCPATH/index.php(67): CodeIgniter\CodeIgniter->run()
ERROR - 2022-11-27 20:40:57 --> mysqli_sql_exception: Unknown column 'a.topup' in 'field list' in /home/piggybankservice/api/api.tracklessbank.com/system/Database/MySQLi/Connection.php:292
Stack trace:
#0 /home/piggybankservice/api/api.tracklessbank.com/system/Database/MySQLi/Connection.php(292): mysqli->query('SELECT a.curren...', 0)
#1 /home/piggybankservice/api/api.tracklessbank.com/system/Database/BaseConnection.php(693): CodeIgniter\Database\MySQLi\Connection->execute('SELECT a.curren...')
#2 /home/piggybankservice/api/api.tracklessbank.com/system/Database/BaseConnection.php(620): CodeIgniter\Database\BaseConnection->simpleQuery('SELECT a.curren...')
#3 /home/piggybankservice/api/api.tracklessbank.com/app/Models/V1/Admin/Mdl_cost.php(20): CodeIgniter\Database\BaseConnection->query('SELECT a.curren...', Array)
#4 /home/piggybankservice/api/api.tracklessbank.com/app/Controllers/V1/Admin/Cost.php(19): App\Models\Mdl_cost->get_single('EUR')
#5 /home/piggybankservice/api/api.tracklessbank.com/system/CodeIgniter.php(902): App\Controllers\V1\Admin\Cost->getCost()
#6 /home/piggybankservice/api/api.tracklessbank.com/system/CodeIgniter.php(457): CodeIgniter\CodeIgniter->runController(Object(App\Controllers\V1\Admin\Cost))
#7 /home/piggybankservice/api/api.tracklessbank.com/system/CodeIgniter.php(340): CodeIgniter\CodeIgniter->handleRequest(NULL, Object(Config\Cache), false)
#8 /home/piggybankservice/api/api.tracklessbank.com/public/index.php(67): CodeIgniter\CodeIgniter->run()
#9 {main}
CRITICAL - 2022-11-27 20:40:57 --> Call to a member function getRow() on bool
in APPPATH/Models/V1/Admin/Mdl_cost.php on line 20.
 1 APPPATH/Controllers/V1/Admin/Cost.php(19): App\Models\Mdl_cost->get_single('EUR')
 2 SYSTEMPATH/CodeIgniter.php(902): App\Controllers\V1\Admin\Cost->getCost()
 3 SYSTEMPATH/CodeIgniter.php(457): CodeIgniter\CodeIgniter->runController(Object(App\Controllers\V1\Admin\Cost))
 4 SYSTEMPATH/CodeIgniter.php(340): CodeIgniter\CodeIgniter->handleRequest(null, Object(Config\Cache), false)
 5 FCPATH/index.php(67): CodeIgniter\CodeIgniter->run()
ERROR - 2022-11-27 21:02:29 --> mysqli_sql_exception: Unknown column 'a.topup' in 'field list' in /home/piggybankservice/api/api.tracklessbank.com/system/Database/MySQLi/Connection.php:292
Stack trace:
#0 /home/piggybankservice/api/api.tracklessbank.com/system/Database/MySQLi/Connection.php(292): mysqli->query('SELECT a.curren...', 0)
#1 /home/piggybankservice/api/api.tracklessbank.com/system/Database/BaseConnection.php(693): CodeIgniter\Database\MySQLi\Connection->execute('SELECT a.curren...')
#2 /home/piggybankservice/api/api.tracklessbank.com/system/Database/BaseConnection.php(620): CodeIgniter\Database\BaseConnection->simpleQuery('SELECT a.curren...')
#3 /home/piggybankservice/api/api.tracklessbank.com/app/Models/V1/Admin/Mdl_cost.php(20): CodeIgniter\Database\BaseConnection->query('SELECT a.curren...', Array)
#4 /home/piggybankservice/api/api.tracklessbank.com/app/Controllers/V1/Admin/Cost.php(19): App\Models\Mdl_cost->get_single('CLP')
#5 /home/piggybankservice/api/api.tracklessbank.com/system/CodeIgniter.php(902): App\Controllers\V1\Admin\Cost->getCost()
#6 /home/piggybankservice/api/api.tracklessbank.com/system/CodeIgniter.php(457): CodeIgniter\CodeIgniter->runController(Object(App\Controllers\V1\Admin\Cost))
#7 /home/piggybankservice/api/api.tracklessbank.com/system/CodeIgniter.php(340): CodeIgniter\CodeIgniter->handleRequest(NULL, Object(Config\Cache), false)
#8 /home/piggybankservice/api/api.tracklessbank.com/public/index.php(67): CodeIgniter\CodeIgniter->run()
#9 {main}
CRITICAL - 2022-11-27 21:02:29 --> Call to a member function getRow() on bool
in APPPATH/Models/V1/Admin/Mdl_cost.php on line 20.
 1 APPPATH/Controllers/V1/Admin/Cost.php(19): App\Models\Mdl_cost->get_single('CLP')
 2 SYSTEMPATH/CodeIgniter.php(902): App\Controllers\V1\Admin\Cost->getCost()
 3 SYSTEMPATH/CodeIgniter.php(457): CodeIgniter\CodeIgniter->runController(Object(App\Controllers\V1\Admin\Cost))
 4 SYSTEMPATH/CodeIgniter.php(340): CodeIgniter\CodeIgniter->handleRequest(null, Object(Config\Cache), false)
 5 FCPATH/index.php(67): CodeIgniter\CodeIgniter->run()
ERROR - 2022-11-27 23:14:46 --> mysqli_sql_exception: Unknown column 'walletbank_cf_fxd' in 'field list' in /home/piggybankservice/api/api.tracklessbank.com/system/Database/MySQLi/Connection.php:292
Stack trace:
#0 /home/piggybankservice/api/api.tracklessbank.com/system/Database/MySQLi/Connection.php(292): mysqli->query('REPLACE INTO `w...', 0)
#1 /home/piggybankservice/api/api.tracklessbank.com/system/Database/BaseConnection.php(693): CodeIgniter\Database\MySQLi\Connection->execute('REPLACE INTO `w...')
#2 /home/piggybankservice/api/api.tracklessbank.com/system/Database/BaseConnection.php(620): CodeIgniter\Database\BaseConnection->simpleQuery('REPLACE INTO `w...')
#3 /home/piggybankservice/api/api.tracklessbank.com/system/Database/BaseBuilder.php(2002): CodeIgniter\Database\BaseConnection->query('REPLACE INTO `w...', Array, false)
#4 /home/piggybankservice/api/api.tracklessbank.com/app/Models/V1/Trackless/Mdl_cost.php(62): CodeIgniter\Database\BaseBuilder->replace(Array)
#5 /home/piggybankservice/api/api.tracklessbank.com/app/Controllers/V1/Trackless/Cost.php(309): App\Models\Mdl_cost->set_wisecost(Array)
#6 /home/piggybankservice/api/api.tracklessbank.com/system/CodeIgniter.php(902): App\Controllers\V1\Trackless\Cost->setWisecost()
#7 /home/piggybankservice/api/api.tracklessbank.com/system/CodeIgniter.php(457): CodeIgniter\CodeIgniter->runController(Object(App\Controllers\V1\Trackless\Cost))
#8 /home/piggybankservice/api/api.tracklessbank.com/system/CodeIgniter.php(340): CodeIgniter\CodeIgniter->handleRequest(NULL, Object(Config\Cache), false)
#9 /home/piggybankservice/api/api.tracklessbank.com/public/index.php(67): CodeIgniter\CodeIgniter->run()
#10 {main}
ERROR - 2022-11-27 23:17:21 --> mysqli_sql_exception: Unknown column 'a.topup' in 'field list' in /home/piggybankservice/api/api.tracklessbank.com/system/Database/MySQLi/Connection.php:292
Stack trace:
#0 /home/piggybankservice/api/api.tracklessbank.com/system/Database/MySQLi/Connection.php(292): mysqli->query('SELECT a.curren...', 0)
#1 /home/piggybankservice/api/api.tracklessbank.com/system/Database/BaseConnection.php(693): CodeIgniter\Database\MySQLi\Connection->execute('SELECT a.curren...')
#2 /home/piggybankservice/api/api.tracklessbank.com/system/Database/BaseConnection.php(620): CodeIgniter\Database\BaseConnection->simpleQuery('SELECT a.curren...')
#3 /home/piggybankservice/api/api.tracklessbank.com/app/Models/V1/Admin/Mdl_cost.php(20): CodeIgniter\Database\BaseConnection->query('SELECT a.curren...', Array)
#4 /home/piggybankservice/api/api.tracklessbank.com/app/Controllers/V1/Admin/Cost.php(19): App\Models\Mdl_cost->get_single('BGN')
#5 /home/piggybankservice/api/api.tracklessbank.com/system/CodeIgniter.php(902): App\Controllers\V1\Admin\Cost->getCost()
#6 /home/piggybankservice/api/api.tracklessbank.com/system/CodeIgniter.php(457): CodeIgniter\CodeIgniter->runController(Object(App\Controllers\V1\Admin\Cost))
#7 /home/piggybankservice/api/api.tracklessbank.com/system/CodeIgniter.php(340): CodeIgniter\CodeIgniter->handleRequest(NULL, Object(Config\Cache), false)
#8 /home/piggybankservice/api/api.tracklessbank.com/public/index.php(67): CodeIgniter\CodeIgniter->run()
#9 {main}
CRITICAL - 2022-11-27 23:17:21 --> Call to a member function getRow() on bool
in APPPATH/Models/V1/Admin/Mdl_cost.php on line 20.
 1 APPPATH/Controllers/V1/Admin/Cost.php(19): App\Models\Mdl_cost->get_single('BGN')
 2 SYSTEMPATH/CodeIgniter.php(902): App\Controllers\V1\Admin\Cost->getCost()
 3 SYSTEMPATH/CodeIgniter.php(457): CodeIgniter\CodeIgniter->runController(Object(App\Controllers\V1\Admin\Cost))
 4 SYSTEMPATH/CodeIgniter.php(340): CodeIgniter\CodeIgniter->handleRequest(null, Object(Config\Cache), false)
 5 FCPATH/index.php(67): CodeIgniter\CodeIgniter->run()
ERROR - 2022-11-27 23:20:56 --> mysqli_sql_exception: Unknown column 'walletbank_cf_fxd' in 'field list' in /home/piggybankservice/api/api.tracklessbank.com/system/Database/MySQLi/Connection.php:292
Stack trace:
#0 /home/piggybankservice/api/api.tracklessbank.com/system/Database/MySQLi/Connection.php(292): mysqli->query('REPLACE INTO `w...', 0)
#1 /home/piggybankservice/api/api.tracklessbank.com/system/Database/BaseConnection.php(693): CodeIgniter\Database\MySQLi\Connection->execute('REPLACE INTO `w...')
#2 /home/piggybankservice/api/api.tracklessbank.com/system/Database/BaseConnection.php(620): CodeIgniter\Database\BaseConnection->simpleQuery('REPLACE INTO `w...')
#3 /home/piggybankservice/api/api.tracklessbank.com/system/Database/BaseBuilder.php(2002): CodeIgniter\Database\BaseConnection->query('REPLACE INTO `w...', Array, false)
#4 /home/piggybankservice/api/api.tracklessbank.com/app/Models/V1/Trackless/Mdl_cost.php(62): CodeIgniter\Database\BaseBuilder->replace(Array)
#5 /home/piggybankservice/api/api.tracklessbank.com/app/Controllers/V1/Trackless/Cost.php(309): App\Models\Mdl_cost->set_wisecost(Array)
#6 /home/piggybankservice/api/api.tracklessbank.com/system/CodeIgniter.php(902): App\Controllers\V1\Trackless\Cost->setWisecost()
#7 /home/piggybankservice/api/api.tracklessbank.com/system/CodeIgniter.php(457): CodeIgniter\CodeIgniter->runController(Object(App\Controllers\V1\Trackless\Cost))
#8 /home/piggybankservice/api/api.tracklessbank.com/system/CodeIgniter.php(340): CodeIgniter\CodeIgniter->handleRequest(NULL, Object(Config\Cache), false)
#9 /home/piggybankservice/api/api.tracklessbank.com/public/index.php(67): CodeIgniter\CodeIgniter->run()
#10 {main}
