ERROR - 2022-12-18 03:18:11 --> mysqli_sql_exception: You have an error in your SQL syntax; check the manual that corresponds to your MySQL server version for the right syntax to use near 'convert_tz(a.date_created, 'Asia/Singapore', 'Asia/Makassar'),INTERVAL 1 second)' at line 14 in /home/piggybankservice/api/api.tracklessbank.com/system/Database/MySQLi/Connection.php:292
Stack trace:
#0 /home/piggybankservice/api/api.tracklessbank.com/system/Database/MySQLi/Connection.php(292): mysqli->query('SELECT amount, ...', 0)
#1 /home/piggybankservice/api/api.tracklessbank.com/system/Database/BaseConnection.php(693): CodeIgniter\Database\MySQLi\Connection->execute('SELECT amount, ...')
#2 /home/piggybankservice/api/api.tracklessbank.com/system/Database/BaseConnection.php(620): CodeIgniter\Database\BaseConnection->simpleQuery('SELECT amount, ...')
#3 /home/piggybankservice/api/api.tracklessbank.com/app/Models/V1/Trackless/Mdl_wallet.php(182): CodeIgniter\Database\BaseConnection->query('SELECT amount, ...', Array)
#4 /home/piggybankservice/api/api.tracklessbank.com/app/Controllers/V1/Trackless/User.php(180): App\Models\Mdl_wallet->getHistory_byid('1', 'USD', '2022-12-18', '2022-12-18', 'Asia/Makassar')
#5 /home/piggybankservice/api/api.tracklessbank.com/system/CodeIgniter.php(902): App\Controllers\V1\Trackless\User->getHistory()
#6 /home/piggybankservice/api/api.tracklessbank.com/system/CodeIgniter.php(457): CodeIgniter\CodeIgniter->runController(Object(App\Controllers\V1\Trackless\User))
#7 /home/piggybankservice/api/api.tracklessbank.com/system/CodeIgniter.php(340): CodeIgniter\CodeIgniter->handleRequest(NULL, Object(Config\Cache), false)
#8 /home/piggybankservice/api/api.tracklessbank.com/public/index.php(67): CodeIgniter\CodeIgniter->run()
#9 {main}
CRITICAL - 2022-12-18 03:18:11 --> Call to a member function getResult() on bool
in APPPATH/Models/V1/Trackless/Mdl_wallet.php on line 197.
 1 APPPATH/Controllers/V1/Trackless/User.php(180): App\Models\Mdl_wallet->getHistory_byid('1', 'USD', '2022-12-18', '2022-12-18', 'Asia/Makassar')
 2 SYSTEMPATH/CodeIgniter.php(902): App\Controllers\V1\Trackless\User->getHistory()
 3 SYSTEMPATH/CodeIgniter.php(457): CodeIgniter\CodeIgniter->runController(Object(App\Controllers\V1\Trackless\User))
 4 SYSTEMPATH/CodeIgniter.php(340): CodeIgniter\CodeIgniter->handleRequest(null, Object(Config\Cache), false)
 5 FCPATH/index.php(67): CodeIgniter\CodeIgniter->run()
ERROR - 2022-12-18 03:37:18 --> mysqli_sql_exception: The used SELECT statements have a different number of columns in /home/piggybankservice/api/api.tracklessbank.com/system/Database/MySQLi/Connection.php:292
Stack trace:
#0 /home/piggybankservice/api/api.tracklessbank.com/system/Database/MySQLi/Connection.php(292): mysqli->query('SELECT amount, ...', 0)
#1 /home/piggybankservice/api/api.tracklessbank.com/system/Database/BaseConnection.php(693): CodeIgniter\Database\MySQLi\Connection->execute('SELECT amount, ...')
#2 /home/piggybankservice/api/api.tracklessbank.com/system/Database/BaseConnection.php(620): CodeIgniter\Database\BaseConnection->simpleQuery('SELECT amount, ...')
#3 /home/piggybankservice/api/api.tracklessbank.com/app/Models/V1/Trackless/Mdl_wallet.php(182): CodeIgniter\Database\BaseConnection->query('SELECT amount, ...', Array)
#4 /home/piggybankservice/api/api.tracklessbank.com/app/Controllers/V1/Trackless/User.php(180): App\Models\Mdl_wallet->getHistory_byid('1', 'USD', '2022-12-18', '2022-12-18', 'Asia/Makassar')
#5 /home/piggybankservice/api/api.tracklessbank.com/system/CodeIgniter.php(902): App\Controllers\V1\Trackless\User->getHistory()
#6 /home/piggybankservice/api/api.tracklessbank.com/system/CodeIgniter.php(457): CodeIgniter\CodeIgniter->runController(Object(App\Controllers\V1\Trackless\User))
#7 /home/piggybankservice/api/api.tracklessbank.com/system/CodeIgniter.php(340): CodeIgniter\CodeIgniter->handleRequest(NULL, Object(Config\Cache), false)
#8 /home/piggybankservice/api/api.tracklessbank.com/public/index.php(67): CodeIgniter\CodeIgniter->run()
#9 {main}
CRITICAL - 2022-12-18 03:37:18 --> Call to a member function getResult() on bool
in APPPATH/Models/V1/Trackless/Mdl_wallet.php on line 197.
 1 APPPATH/Controllers/V1/Trackless/User.php(180): App\Models\Mdl_wallet->getHistory_byid('1', 'USD', '2022-12-18', '2022-12-18', 'Asia/Makassar')
 2 SYSTEMPATH/CodeIgniter.php(902): App\Controllers\V1\Trackless\User->getHistory()
 3 SYSTEMPATH/CodeIgniter.php(457): CodeIgniter\CodeIgniter->runController(Object(App\Controllers\V1\Trackless\User))
 4 SYSTEMPATH/CodeIgniter.php(340): CodeIgniter\CodeIgniter->handleRequest(null, Object(Config\Cache), false)
 5 FCPATH/index.php(67): CodeIgniter\CodeIgniter->run()
ERROR - 2022-12-18 03:38:12 --> mysqli_sql_exception: The used SELECT statements have a different number of columns in /home/piggybankservice/api/api.tracklessbank.com/system/Database/MySQLi/Connection.php:292
Stack trace:
#0 /home/piggybankservice/api/api.tracklessbank.com/system/Database/MySQLi/Connection.php(292): mysqli->query('SELECT amount, ...', 0)
#1 /home/piggybankservice/api/api.tracklessbank.com/system/Database/BaseConnection.php(693): CodeIgniter\Database\MySQLi\Connection->execute('SELECT amount, ...')
#2 /home/piggybankservice/api/api.tracklessbank.com/system/Database/BaseConnection.php(620): CodeIgniter\Database\BaseConnection->simpleQuery('SELECT amount, ...')
#3 /home/piggybankservice/api/api.tracklessbank.com/app/Models/V1/Trackless/Mdl_wallet.php(182): CodeIgniter\Database\BaseConnection->query('SELECT amount, ...', Array)
#4 /home/piggybankservice/api/api.tracklessbank.com/app/Controllers/V1/Trackless/User.php(180): App\Models\Mdl_wallet->getHistory_byid('1', 'USD', '2022-12-17', '2022-12-18', 'Asia/Makassar')
#5 /home/piggybankservice/api/api.tracklessbank.com/system/CodeIgniter.php(902): App\Controllers\V1\Trackless\User->getHistory()
#6 /home/piggybankservice/api/api.tracklessbank.com/system/CodeIgniter.php(457): CodeIgniter\CodeIgniter->runController(Object(App\Controllers\V1\Trackless\User))
#7 /home/piggybankservice/api/api.tracklessbank.com/system/CodeIgniter.php(340): CodeIgniter\CodeIgniter->handleRequest(NULL, Object(Config\Cache), false)
#8 /home/piggybankservice/api/api.tracklessbank.com/public/index.php(67): CodeIgniter\CodeIgniter->run()
#9 {main}
CRITICAL - 2022-12-18 03:38:12 --> Call to a member function getResult() on bool
in APPPATH/Models/V1/Trackless/Mdl_wallet.php on line 197.
 1 APPPATH/Controllers/V1/Trackless/User.php(180): App\Models\Mdl_wallet->getHistory_byid('1', 'USD', '2022-12-17', '2022-12-18', 'Asia/Makassar')
 2 SYSTEMPATH/CodeIgniter.php(902): App\Controllers\V1\Trackless\User->getHistory()
 3 SYSTEMPATH/CodeIgniter.php(457): CodeIgniter\CodeIgniter->runController(Object(App\Controllers\V1\Trackless\User))
 4 SYSTEMPATH/CodeIgniter.php(340): CodeIgniter\CodeIgniter->handleRequest(null, Object(Config\Cache), false)
 5 FCPATH/index.php(67): CodeIgniter\CodeIgniter->run()
